#
# There is insufficient memory for the Java Runtime Environment to continue.
# Native memory allocation (mmap) failed to map 65536 bytes. Error detail: Failed to commit metaspace.
# Possible reasons:
#   The system is out of physical RAM or swap space
#   This process is running with CompressedOops enabled, and the Java Heap may be blocking the growth of the native heap
# Possible solutions:
#   Reduce memory load on the system
#   Increase physical memory or swap space
#   Check if swap backing store is full
#   Decrease Java heap size (-Xmx/-Xms)
#   Decrease number of Java threads
#   Decrease Java thread stack sizes (-Xss)
#   Set larger code cache with -XX:ReservedCodeCacheSize=
#   JVM is running with Unscaled Compressed Oops mode in which the Java heap is
#     placed in the first 4GB address space. The Java Heap base address is the
#     maximum limit for the native heap growth. Please use -XX:HeapBaseMinAddress
#     to set the Java Heap base and to place the Java Heap above 4GB virtual address.
# This output file may be truncated or incomplete.
#
#  Out of Memory Error (virtualSpaceNode.cpp:113), pid=6420, tid=9044
#
# JRE version: Java(TM) SE Runtime Environment (23.0.2+7) (build 23.0.2+7-58)
# Java VM: Java HotSpot(TM) 64-Bit Server VM (23.0.2+7-58, mixed mode, sharing, tiered, compressed oops, compressed class ptrs, g1 gc, windows-amd64)
# No core dump will be written. Minidumps are not enabled by default on client versions of Windows
#

---------------  S U M M A R Y ------------

Command Line: -XX:MaxMetaspaceSize=512m --add-opens=java.base/java.util=ALL-UNNAMED --add-opens=java.base/java.lang=ALL-UNNAMED --add-opens=java.base/java.lang.invoke=ALL-UNNAMED --add-opens=java.prefs/java.util.prefs=ALL-UNNAMED --add-exports=jdk.compiler/com.sun.tools.javac.api=ALL-UNNAMED --add-exports=jdk.compiler/com.sun.tools.javac.util=ALL-UNNAMED --add-opens=java.base/java.nio.charset=ALL-UNNAMED --add-opens=java.base/java.net=ALL-UNNAMED --add-opens=java.base/java.util.concurrent.atomic=ALL-UNNAMED -Xmx2048m -Dfile.encoding=UTF-8 -Duser.country=US -Duser.language=en -Duser.variant -javaagent:C:\Users\admin\.gradle\wrapper\dists\gradle-8.10.2-all\7iv73wktx1xtkvlq19urqw1wm\gradle-8.10.2\lib\agents\gradle-instrumentation-agent-8.10.2.jar org.gradle.launcher.daemon.bootstrap.GradleDaemon 8.10.2

Host: Intel(R) Core(TM) i5-7400 CPU @ 3.00GHz, 4 cores, 7G,  Windows 10 , 64 bit Build 19041 (10.0.19041.5438)
Time: Wed Feb 26 13:04:50 2025 India Standard Time elapsed time: 64.129323 seconds (0d 0h 1m 4s)

---------------  T H R E A D  ---------------

Current thread (0x0000019bffa7c1f0):  JavaThread "C1 CompilerThread0" daemon [_thread_in_vm, id=9044, stack(0x0000007070a00000,0x0000007070b00000) (1024K)]


Current CompileTask:
C1:64129 13234       3       kotlinx.metadata.KmClass::<init> (292 bytes)

Stack: [0x0000007070a00000,0x0000007070b00000]
Native frames: (J=compiled Java code, j=interpreted, Vv=VM code, C=native code)
V  [jvm.dll+0x6e0b99]  (no source info available)
V  [jvm.dll+0x87e2b3]  (no source info available)
V  [jvm.dll+0x88073e]  (no source info available)
V  [jvm.dll+0x880e13]  (no source info available)
V  [jvm.dll+0x27b006]  (no source info available)
V  [jvm.dll+0x879ebe]  (no source info available)
V  [jvm.dll+0x6822f5]  (no source info available)
V  [jvm.dll+0x1e0aec]  (no source info available)
V  [jvm.dll+0x1e08be]  (no source info available)
V  [jvm.dll+0x684c48]  (no source info available)
V  [jvm.dll+0x221aec]  (no source info available)
V  [jvm.dll+0x682d0e]  (no source info available)
V  [jvm.dll+0x69436a]  (no source info available)
V  [jvm.dll+0x68d3c2]  (no source info available)
V  [jvm.dll+0x1ee970]  (no source info available)
V  [jvm.dll+0x1eeb58]  (no source info available)
V  [jvm.dll+0x150102]  (no source info available)
V  [jvm.dll+0x1504db]  (no source info available)
V  [jvm.dll+0x14f8a8]  (no source info available)
V  [jvm.dll+0x1516ed]  (no source info available)
V  [jvm.dll+0x253df1]  (no source info available)
V  [jvm.dll+0x2520aa]  (no source info available)
V  [jvm.dll+0x3ee226]  (no source info available)
V  [jvm.dll+0x8254cb]  (no source info available)
V  [jvm.dll+0x6df345]  (no source info available)
C  [ucrtbase.dll+0x21bb2]  (no source info available)
C  [KERNEL32.DLL+0x17374]  (no source info available)
C  [ntdll.dll+0x4cc91]  (no source info available)

Lock stack of current Java thread (top to bottom):


---------------  P R O C E S S  ---------------

Threads class SMR info:
_java_thread_list=0x0000019bae3a4680, length=41, elements={
0x0000019bf0165b90, 0x0000019bffa43a80, 0x0000019bffa44b50, 0x0000019bffa46970,
0x0000019bffa494e0, 0x0000019bffa49f40, 0x0000019bffa4a9a0, 0x0000019bffa4b730,
0x0000019bffa7c1f0, 0x0000019bae0201a0, 0x0000019bae291c90, 0x0000019bafbd0b00,
0x0000019bafc5be90, 0x0000019bafc89d70, 0x0000019bafcb0b00, 0x0000019bafcb1170,
0x0000019bafd1cef0, 0x0000019bafd1dd70, 0x0000019baff524f0, 0x0000019baff50ab0,
0x0000019baff51140, 0x0000019baff4f070, 0x0000019baff51e60, 0x0000019baff4f700,
0x0000019baff50420, 0x0000019bb1f5f540, 0x0000019bb1f636e0, 0x0000019bb1f61610,
0x0000019bb1f5e820, 0x0000019bb1f63d70, 0x0000019bb1f5fbd0, 0x0000019bb1f60260,
0x0000019bb1f608f0, 0x0000019bb1f60f80, 0x0000019bb556c3a0, 0x0000019bb5570540,
0x0000019bb556feb0, 0x0000019bb556eb00, 0x0000019bb556f190, 0x0000019bb556f820,
0x0000019bb5570bd0
}

Java Threads: ( => current thread )
  0x0000019bf0165b90 JavaThread "main"                              [_thread_blocked, id=3364, stack(0x000000706fb00000,0x000000706fc00000) (1024K)]
  0x0000019bffa43a80 JavaThread "Reference Handler"          daemon [_thread_blocked, id=5004, stack(0x0000007070300000,0x0000007070400000) (1024K)]
  0x0000019bffa44b50 JavaThread "Finalizer"                  daemon [_thread_blocked, id=5292, stack(0x0000007070400000,0x0000007070500000) (1024K)]
  0x0000019bffa46970 JavaThread "Signal Dispatcher"          daemon [_thread_blocked, id=9196, stack(0x0000007070500000,0x0000007070600000) (1024K)]
  0x0000019bffa494e0 JavaThread "Attach Listener"            daemon [_thread_blocked, id=8000, stack(0x0000007070600000,0x0000007070700000) (1024K)]
  0x0000019bffa49f40 JavaThread "Service Thread"             daemon [_thread_blocked, id=6480, stack(0x0000007070700000,0x0000007070800000) (1024K)]
  0x0000019bffa4a9a0 JavaThread "Monitor Deflation Thread"   daemon [_thread_blocked, id=2076, stack(0x0000007070800000,0x0000007070900000) (1024K)]
  0x0000019bffa4b730 JavaThread "C2 CompilerThread0"         daemon [_thread_blocked, id=5300, stack(0x0000007070900000,0x0000007070a00000) (1024K)]
=>0x0000019bffa7c1f0 JavaThread "C1 CompilerThread0"         daemon [_thread_in_vm, id=9044, stack(0x0000007070a00000,0x0000007070b00000) (1024K)]
  0x0000019bae0201a0 JavaThread "Common-Cleaner"             daemon [_thread_blocked, id=4588, stack(0x0000007070b00000,0x0000007070c00000) (1024K)]
  0x0000019bae291c90 JavaThread "Notification Thread"        daemon [_thread_blocked, id=9980, stack(0x0000007070c00000,0x0000007070d00000) (1024K)]
  0x0000019bafbd0b00 JavaThread "Daemon health stats"               [_thread_blocked, id=8052, stack(0x0000007071000000,0x0000007071100000) (1024K)]
  0x0000019bafc5be90 JavaThread "Incoming local TCP Connector on port 50513"        [_thread_in_native, id=4072, stack(0x0000007071100000,0x0000007071200000) (1024K)]
  0x0000019bafc89d70 JavaThread "Daemon periodic checks"            [_thread_blocked, id=6360, stack(0x0000007071200000,0x0000007071300000) (1024K)]
  0x0000019bafcb0b00 JavaThread "Daemon"                            [_thread_blocked, id=3628, stack(0x0000007071300000,0x0000007071400000) (1024K)]
  0x0000019bafcb1170 JavaThread "Handler for socket connection from /127.0.0.1:50513 to /127.0.0.1:50514"        [_thread_in_native, id=7064, stack(0x0000007071400000,0x0000007071500000) (1024K)]
  0x0000019bafd1cef0 JavaThread "Cancel handler"                    [_thread_blocked, id=5216, stack(0x0000007071500000,0x0000007071600000) (1024K)]
  0x0000019bafd1dd70 JavaThread "Daemon worker"                     [_thread_in_vm, id=5768, stack(0x0000007071600000,0x0000007071700000) (1024K)]
  0x0000019baff524f0 JavaThread "Asynchronous log dispatcher for DefaultDaemonConnection: socket connection from /127.0.0.1:50513 to /127.0.0.1:50514"        [_thread_blocked, id=10988, stack(0x0000007071700000,0x0000007071800000) (1024K)]
  0x0000019baff50ab0 JavaThread "Stdin handler"                     [_thread_blocked, id=1124, stack(0x0000007071800000,0x0000007071900000) (1024K)]
  0x0000019baff51140 JavaThread "Daemon client event forwarder"        [_thread_blocked, id=4356, stack(0x0000007071900000,0x0000007071a00000) (1024K)]
  0x0000019baff4f070 JavaThread "Cache worker for journal cache (C:\Users\admin\.gradle\caches\journal-1)"        [_thread_blocked, id=3836, stack(0x0000007071a00000,0x0000007071b00000) (1024K)]
  0x0000019baff51e60 JavaThread "File lock request listener"        [_thread_in_native, id=4088, stack(0x0000007071b00000,0x0000007071c00000) (1024K)]
  0x0000019baff4f700 JavaThread "Cache worker for file hash cache (C:\Users\admin\.gradle\caches\8.10.2\fileHashes)"        [_thread_blocked, id=2708, stack(0x0000007071c00000,0x0000007071d00000) (1024K)]
  0x0000019baff50420 JavaThread "Cache worker for file hash cache (C:\Users\admin\Desktop\Office Work\AkalSewa\android\.gradle\8.10.2\fileHashes)"        [_thread_blocked, id=8632, stack(0x0000007071d00000,0x0000007071e00000) (1024K)]
  0x0000019bb1f5f540 JavaThread "Cache worker for Build Output Cleanup Cache (C:\Users\admin\Desktop\Office Work\AkalSewa\android\.gradle\buildOutputCleanup)"        [_thread_blocked, id=10232, stack(0x0000007071e00000,0x0000007071f00000) (1024K)]
  0x0000019bb1f636e0 JavaThread "File watcher server"        daemon [_thread_in_native, id=10024, stack(0x0000007071f00000,0x0000007072000000) (1024K)]
  0x0000019bb1f61610 JavaThread "File watcher consumer"      daemon [_thread_blocked, id=9028, stack(0x0000007072000000,0x0000007072100000) (1024K)]
  0x0000019bb1f5e820 JavaThread "Cache worker for checksums cache (C:\Users\admin\Desktop\Office Work\AkalSewa\android\.gradle\8.10.2\checksums)"        [_thread_blocked, id=7384, stack(0x0000007072100000,0x0000007072200000) (1024K)]
  0x0000019bb1f63d70 JavaThread "Cache worker for file content cache (C:\Users\admin\.gradle\caches\8.10.2\fileContent)"        [_thread_blocked, id=2064, stack(0x0000007072200000,0x0000007072300000) (1024K)]
  0x0000019bb1f5fbd0 JavaThread "Cache worker for cache directory md-rule (C:\Users\admin\.gradle\caches\8.10.2\md-rule)"        [_thread_blocked, id=5204, stack(0x0000007072300000,0x0000007072400000) (1024K)]
  0x0000019bb1f60260 JavaThread "Cache worker for cache directory md-supplier (C:\Users\admin\.gradle\caches\8.10.2\md-supplier)"        [_thread_blocked, id=6632, stack(0x0000007072400000,0x0000007072500000) (1024K)]
  0x0000019bb1f608f0 JavaThread "jar transforms"                    [_thread_blocked, id=4952, stack(0x0000007072500000,0x0000007072600000) (1024K)]
  0x0000019bb1f60f80 JavaThread "Cache worker for Build Output Cleanup Cache (C:\Users\admin\Desktop\Office Work\AkalSewa\node_modules\@react-native\gradle-plugin\.gradle\buildOutputCleanup)"        [_thread_blocked, id=1768, stack(0x0000007072600000,0x0000007072700000) (1024K)]
  0x0000019bb556c3a0 JavaThread "Unconstrained build operations"        [_thread_blocked, id=8244, stack(0x000000706fa00000,0x000000706fb00000) (1024K)]
  0x0000019bb5570540 JavaThread "Unconstrained build operations Thread 2"        [_thread_blocked, id=1472, stack(0x0000007072700000,0x0000007072800000) (1024K)]
  0x0000019bb556feb0 JavaThread "Unconstrained build operations Thread 3"        [_thread_blocked, id=10420, stack(0x0000007072800000,0x0000007072900000) (1024K)]
  0x0000019bb556eb00 JavaThread "Unconstrained build operations Thread 4"        [_thread_blocked, id=6712, stack(0x0000007072900000,0x0000007072a00000) (1024K)]
  0x0000019bb556f190 JavaThread "Unconstrained build operations Thread 5"        [_thread_blocked, id=3680, stack(0x0000007072a00000,0x0000007072b00000) (1024K)]
  0x0000019bb556f820 JavaThread "Unconstrained build operations Thread 6"        [_thread_blocked, id=3992, stack(0x0000007072b00000,0x0000007072c00000) (1024K)]
  0x0000019bb5570bd0 JavaThread "Kotlin DSL Writer"                 [_thread_blocked, id=1720, stack(0x0000007072c00000,0x0000007072d00000) (1024K)]
Total: 41

Other Threads:
  0x0000019bffa29cd0 VMThread "VM Thread"                           [id=10544, stack(0x0000007070200000,0x0000007070300000) (1024K)]
  0x0000019bffa1a1d0 WatcherThread "VM Periodic Task Thread"        [id=7732, stack(0x0000007070100000,0x0000007070200000) (1024K)]
  0x0000019bf257d870 WorkerThread "GC Thread#0"                     [id=4260, stack(0x000000706fc00000,0x000000706fd00000) (1024K)]
  0x0000019bae343710 WorkerThread "GC Thread#1"                     [id=10348, stack(0x0000007070d00000,0x0000007070e00000) (1024K)]
  0x0000019bae343ac0 WorkerThread "GC Thread#2"                     [id=4104, stack(0x0000007070e00000,0x0000007070f00000) (1024K)]
  0x0000019bae331d10 WorkerThread "GC Thread#3"                     [id=3404, stack(0x0000007070f00000,0x0000007071000000) (1024K)]
  0x0000019bf25927d0 ConcurrentGCThread "G1 Main Marker"            [id=5464, stack(0x000000706fd00000,0x000000706fe00000) (1024K)]
  0x0000019bf25931f0 WorkerThread "G1 Conc#0"                       [id=4284, stack(0x000000706fe00000,0x000000706ff00000) (1024K)]
  0x0000019bff8df140 ConcurrentGCThread "G1 Refine#0"               [id=5564, stack(0x000000706ff00000,0x0000007070000000) (1024K)]
  0x0000019bff8dfbd0 ConcurrentGCThread "G1 Service"                [id=8488, stack(0x0000007070000000,0x0000007070100000) (1024K)]
Total: 10

Threads with active compile tasks:
C1 CompilerThread0  64285 13234       3       kotlinx.metadata.KmClass::<init> (292 bytes)
Total: 1

VM state: not at safepoint (normal execution)

VM Mutex/Monitor currently owned by a thread:  ([mutex/lock_event])
[0x00007ffe2c152888] Metaspace_lock - owner thread: 0x0000019bffa7c1f0

Heap address: 0x0000000080000000, size: 2048 MB, Compressed Oops mode: 32-bit

CDS archive(s) mapped at: [0x0000019b8f000000-0x0000019b8fd70000-0x0000019b8fd70000), size 14090240, SharedBaseAddress: 0x0000019b8f000000, ArchiveRelocationMode: 1.
Compressed class space mapped at: 0x0000019b90000000-0x0000019baa000000, reserved size: 436207616
Narrow klass base: 0x0000019b8f000000, Narrow klass shift: 0, Narrow klass range: 0x1b000000

GC Precious Log:
 CardTable entry size: 512
 Card Set container configuration: InlinePtr #cards 5 size 8 Array Of Cards #cards 10 size 36 Howl #buckets 4 coarsen threshold 1843 Howl Bitmap #cards 512 size 80 coarsen threshold 460 Card regions per heap region 1 cards per card region 2048
 CPUs: 4 total, 4 available
 Memory: 8083M
 Large Page Support: Disabled
 NUMA Support: Disabled
 Compressed Oops: Enabled (32-bit)
 Heap Region Size: 1M
 Heap Min Capacity: 8M
 Heap Initial Capacity: 128M
 Heap Max Capacity: 2G
 Pre-touch: Disabled
 Parallel Workers: 4
 Concurrent Workers: 1
 Concurrent Refinement Workers: 4
 Periodic GC: Disabled

Heap:
 garbage-first heap   total reserved 2097152K, committed 268288K, used 154446K [0x0000000080000000, 0x0000000100000000)
  region size 1024K, 62 young (63488K), 2 survivors (2048K)
 Metaspace       used 124060K, committed 126144K, reserved 557056K
  class space    used 16472K, committed 17472K, reserved 425984K

Heap Regions: E=young(eden), S=young(survivor), O=old, HS=humongous(starts), HC=humongous(continues), CS=collection set, F=free, TAMS=top-at-mark-start, PB=parsable bottom
|   0|0x0000000080000000, 0x0000000080100000, 0x0000000080100000|100%|HS|  |TAMS 0x0000000080000000| PB 0x0000000080000000| Complete |  0
|   1|0x0000000080100000, 0x0000000080200000, 0x0000000080200000|100%|HC|  |TAMS 0x0000000080100000| PB 0x0000000080100000| Complete |  0
|   2|0x0000000080200000, 0x0000000080300000, 0x0000000080300000|100%|HC|  |TAMS 0x0000000080200000| PB 0x0000000080200000| Complete |  0
|   3|0x0000000080300000, 0x0000000080400000, 0x0000000080400000|100%|HC|  |TAMS 0x0000000080300000| PB 0x0000000080300000| Complete |  0
|   4|0x0000000080400000, 0x0000000080500000, 0x0000000080500000|100%| O|  |TAMS 0x0000000080400000| PB 0x0000000080400000| Untracked |  0
|   5|0x0000000080500000, 0x0000000080600000, 0x0000000080600000|100%| O|  |TAMS 0x0000000080500000| PB 0x0000000080500000| Untracked |  0
|   6|0x0000000080600000, 0x0000000080700000, 0x0000000080700000|100%| O|  |TAMS 0x0000000080600000| PB 0x0000000080600000| Untracked |  0
|   7|0x0000000080700000, 0x0000000080800000, 0x0000000080800000|100%| O|  |TAMS 0x0000000080700000| PB 0x0000000080700000| Untracked |  0
|   8|0x0000000080800000, 0x0000000080900000, 0x0000000080900000|100%| O|  |TAMS 0x0000000080800000| PB 0x0000000080800000| Untracked |  0
|   9|0x0000000080900000, 0x0000000080a00000, 0x0000000080a00000|100%| O|  |TAMS 0x0000000080900000| PB 0x0000000080900000| Untracked |  0
|  10|0x0000000080a00000, 0x0000000080b00000, 0x0000000080b00000|100%| O|  |TAMS 0x0000000080a00000| PB 0x0000000080a00000| Untracked |  0
|  11|0x0000000080b00000, 0x0000000080c00000, 0x0000000080c00000|100%|HS|  |TAMS 0x0000000080b00000| PB 0x0000000080b00000| Complete |  0
|  12|0x0000000080c00000, 0x0000000080d00000, 0x0000000080d00000|100%| O|  |TAMS 0x0000000080c00000| PB 0x0000000080c00000| Untracked |  0
|  13|0x0000000080d00000, 0x0000000080e00000, 0x0000000080e00000|100%| O|  |TAMS 0x0000000080d00000| PB 0x0000000080d00000| Untracked |  0
|  14|0x0000000080e00000, 0x0000000080f00000, 0x0000000080f00000|100%| O|  |TAMS 0x0000000080e00000| PB 0x0000000080e00000| Untracked |  0
|  15|0x0000000080f00000, 0x0000000081000000, 0x0000000081000000|100%| O|  |TAMS 0x0000000080f00000| PB 0x0000000080f00000| Untracked |  0
|  16|0x0000000081000000, 0x0000000081100000, 0x0000000081100000|100%| O|  |TAMS 0x0000000081000000| PB 0x0000000081000000| Untracked |  0
|  17|0x0000000081100000, 0x0000000081200000, 0x0000000081200000|100%| O|  |TAMS 0x0000000081100000| PB 0x0000000081100000| Untracked |  0
|  18|0x0000000081200000, 0x0000000081300000, 0x0000000081300000|100%| O|  |TAMS 0x0000000081200000| PB 0x0000000081200000| Untracked |  0
|  19|0x0000000081300000, 0x0000000081400000, 0x0000000081400000|100%| O|  |TAMS 0x0000000081300000| PB 0x0000000081300000| Untracked |  0
|  20|0x0000000081400000, 0x0000000081500000, 0x0000000081500000|100%| O|  |TAMS 0x0000000081400000| PB 0x0000000081400000| Untracked |  0
|  21|0x0000000081500000, 0x0000000081600000, 0x0000000081600000|100%| O|  |TAMS 0x0000000081500000| PB 0x0000000081500000| Untracked |  0
|  22|0x0000000081600000, 0x0000000081700000, 0x0000000081700000|100%| O|  |TAMS 0x0000000081600000| PB 0x0000000081600000| Untracked |  0
|  23|0x0000000081700000, 0x0000000081800000, 0x0000000081800000|100%| O|  |TAMS 0x0000000081700000| PB 0x0000000081700000| Untracked |  0
|  24|0x0000000081800000, 0x0000000081900000, 0x0000000081900000|100%| O|  |TAMS 0x0000000081800000| PB 0x0000000081800000| Untracked |  0
|  25|0x0000000081900000, 0x0000000081a00000, 0x0000000081a00000|100%| O|  |TAMS 0x0000000081900000| PB 0x0000000081900000| Untracked |  0
|  26|0x0000000081a00000, 0x0000000081b00000, 0x0000000081b00000|100%| O|  |TAMS 0x0000000081a00000| PB 0x0000000081a00000| Untracked |  0
|  27|0x0000000081b00000, 0x0000000081c00000, 0x0000000081c00000|100%| O|  |TAMS 0x0000000081b00000| PB 0x0000000081b00000| Untracked |  0
|  28|0x0000000081c00000, 0x0000000081d00000, 0x0000000081d00000|100%| O|  |TAMS 0x0000000081c00000| PB 0x0000000081c00000| Untracked |  0
|  29|0x0000000081d00000, 0x0000000081e00000, 0x0000000081e00000|100%| O|  |TAMS 0x0000000081d00000| PB 0x0000000081d00000| Untracked |  0
|  30|0x0000000081e00000, 0x0000000081f00000, 0x0000000081f00000|100%| O|  |TAMS 0x0000000081e00000| PB 0x0000000081e00000| Untracked |  0
|  31|0x0000000081f00000, 0x0000000082000000, 0x0000000082000000|100%| O|  |TAMS 0x0000000081f00000| PB 0x0000000081f00000| Untracked |  0
|  32|0x0000000082000000, 0x0000000082100000, 0x0000000082100000|100%| O|  |TAMS 0x0000000082000000| PB 0x0000000082000000| Untracked |  0
|  33|0x0000000082100000, 0x0000000082200000, 0x0000000082200000|100%| O|  |TAMS 0x0000000082100000| PB 0x0000000082100000| Untracked |  0
|  34|0x0000000082200000, 0x0000000082300000, 0x0000000082300000|100%| O|  |TAMS 0x0000000082200000| PB 0x0000000082200000| Untracked |  0
|  35|0x0000000082300000, 0x0000000082400000, 0x0000000082400000|100%| O|  |TAMS 0x0000000082300000| PB 0x0000000082300000| Untracked |  0
|  36|0x0000000082400000, 0x0000000082500000, 0x0000000082500000|100%| O|  |TAMS 0x0000000082400000| PB 0x0000000082400000| Untracked |  0
|  37|0x0000000082500000, 0x0000000082600000, 0x0000000082600000|100%| O|  |TAMS 0x0000000082500000| PB 0x0000000082500000| Untracked |  0
|  38|0x0000000082600000, 0x0000000082700000, 0x0000000082700000|100%| O|  |TAMS 0x0000000082600000| PB 0x0000000082600000| Untracked |  0
|  39|0x0000000082700000, 0x0000000082800000, 0x0000000082800000|100%| O|  |TAMS 0x0000000082700000| PB 0x0000000082700000| Untracked |  0
|  40|0x0000000082800000, 0x0000000082900000, 0x0000000082900000|100%| O|  |TAMS 0x0000000082800000| PB 0x0000000082800000| Untracked |  0
|  41|0x0000000082900000, 0x0000000082900000, 0x0000000082a00000|  0%| F|  |TAMS 0x0000000082900000| PB 0x0000000082900000| Untracked |  0
|  42|0x0000000082a00000, 0x0000000082b00000, 0x0000000082b00000|100%| O|  |TAMS 0x0000000082a00000| PB 0x0000000082a00000| Untracked |  0
|  43|0x0000000082b00000, 0x0000000082b00000, 0x0000000082c00000|  0%| F|  |TAMS 0x0000000082b00000| PB 0x0000000082b00000| Untracked |  0
|  44|0x0000000082c00000, 0x0000000082d00000, 0x0000000082d00000|100%| O|  |TAMS 0x0000000082c00000| PB 0x0000000082c00000| Untracked |  0
|  45|0x0000000082d00000, 0x0000000082d00000, 0x0000000082e00000|  0%| F|  |TAMS 0x0000000082d00000| PB 0x0000000082d00000| Untracked |  0
|  46|0x0000000082e00000, 0x0000000082f00000, 0x0000000082f00000|100%| O|  |TAMS 0x0000000082e00000| PB 0x0000000082e00000| Untracked |  0
|  47|0x0000000082f00000, 0x0000000083000000, 0x0000000083000000|100%| O|  |TAMS 0x0000000082f00000| PB 0x0000000082f00000| Untracked |  0
|  48|0x0000000083000000, 0x0000000083100000, 0x0000000083100000|100%| O|  |TAMS 0x0000000083000000| PB 0x0000000083000000| Untracked |  0
|  49|0x0000000083100000, 0x0000000083100000, 0x0000000083200000|  0%| F|  |TAMS 0x0000000083100000| PB 0x0000000083100000| Untracked |  0
|  50|0x0000000083200000, 0x0000000083300000, 0x0000000083300000|100%| O|  |TAMS 0x0000000083200000| PB 0x0000000083200000| Untracked |  0
|  51|0x0000000083300000, 0x0000000083400000, 0x0000000083400000|100%| O|  |TAMS 0x0000000083300000| PB 0x0000000083300000| Untracked |  0
|  52|0x0000000083400000, 0x0000000083500000, 0x0000000083500000|100%| O|  |TAMS 0x0000000083400000| PB 0x0000000083400000| Untracked |  0
|  53|0x0000000083500000, 0x0000000083600000, 0x0000000083600000|100%| O|  |TAMS 0x0000000083500000| PB 0x0000000083500000| Untracked |  0
|  54|0x0000000083600000, 0x0000000083700000, 0x0000000083700000|100%|HS|  |TAMS 0x0000000083600000| PB 0x0000000083600000| Complete |  0
|  55|0x0000000083700000, 0x0000000083800000, 0x0000000083800000|100%| O|  |TAMS 0x0000000083700000| PB 0x0000000083700000| Untracked |  0
|  56|0x0000000083800000, 0x0000000083900000, 0x0000000083900000|100%| O|  |TAMS 0x0000000083800000| PB 0x0000000083800000| Untracked |  0
|  57|0x0000000083900000, 0x0000000083a00000, 0x0000000083a00000|100%| O|  |TAMS 0x0000000083900000| PB 0x0000000083900000| Untracked |  0
|  58|0x0000000083a00000, 0x0000000083b00000, 0x0000000083b00000|100%| O|  |TAMS 0x0000000083a00000| PB 0x0000000083a00000| Untracked |  0
|  59|0x0000000083b00000, 0x0000000083c00000, 0x0000000083c00000|100%| O|  |TAMS 0x0000000083b00000| PB 0x0000000083b00000| Untracked |  0
|  60|0x0000000083c00000, 0x0000000083d00000, 0x0000000083d00000|100%| O|  |TAMS 0x0000000083c00000| PB 0x0000000083c00000| Untracked |  0
|  61|0x0000000083d00000, 0x0000000083e00000, 0x0000000083e00000|100%|HS|  |TAMS 0x0000000083d00000| PB 0x0000000083d00000| Complete |  0
|  62|0x0000000083e00000, 0x0000000083f00000, 0x0000000083f00000|100%|HC|  |TAMS 0x0000000083e00000| PB 0x0000000083e00000| Complete |  0
|  63|0x0000000083f00000, 0x0000000084000000, 0x0000000084000000|100%|HC|  |TAMS 0x0000000083f00000| PB 0x0000000083f00000| Complete |  0
|  64|0x0000000084000000, 0x0000000084100000, 0x0000000084100000|100%|HC|  |TAMS 0x0000000084000000| PB 0x0000000084000000| Complete |  0
|  65|0x0000000084100000, 0x0000000084200000, 0x0000000084200000|100%|HC|  |TAMS 0x0000000084100000| PB 0x0000000084100000| Complete |  0
|  66|0x0000000084200000, 0x0000000084300000, 0x0000000084300000|100%|HC|  |TAMS 0x0000000084200000| PB 0x0000000084200000| Complete |  0
|  67|0x0000000084300000, 0x0000000084400000, 0x0000000084400000|100%| O|  |TAMS 0x0000000084300000| PB 0x0000000084300000| Untracked |  0
|  68|0x0000000084400000, 0x0000000084500000, 0x0000000084500000|100%| O|  |TAMS 0x0000000084400000| PB 0x0000000084400000| Untracked |  0
|  69|0x0000000084500000, 0x0000000084600000, 0x0000000084600000|100%| O|  |TAMS 0x0000000084500000| PB 0x0000000084500000| Untracked |  0
|  70|0x0000000084600000, 0x0000000084700000, 0x0000000084700000|100%| O|  |TAMS 0x0000000084600000| PB 0x0000000084600000| Untracked |  0
|  71|0x0000000084700000, 0x0000000084800000, 0x0000000084800000|100%| O|  |TAMS 0x0000000084700000| PB 0x0000000084700000| Untracked |  0
|  72|0x0000000084800000, 0x0000000084900000, 0x0000000084900000|100%| O|  |TAMS 0x0000000084800000| PB 0x0000000084800000| Untracked |  0
|  73|0x0000000084900000, 0x0000000084a00000, 0x0000000084a00000|100%| O|  |TAMS 0x0000000084900000| PB 0x0000000084900000| Untracked |  0
|  74|0x0000000084a00000, 0x0000000084b00000, 0x0000000084b00000|100%| O|  |TAMS 0x0000000084a00000| PB 0x0000000084a00000| Untracked |  0
|  75|0x0000000084b00000, 0x0000000084c00000, 0x0000000084c00000|100%| O|  |TAMS 0x0000000084b00000| PB 0x0000000084b00000| Untracked |  0
|  76|0x0000000084c00000, 0x0000000084d00000, 0x0000000084d00000|100%| O|  |TAMS 0x0000000084c00000| PB 0x0000000084c00000| Untracked |  0
|  77|0x0000000084d00000, 0x0000000084e00000, 0x0000000084e00000|100%| O|  |TAMS 0x0000000084d00000| PB 0x0000000084d00000| Untracked |  0
|  78|0x0000000084e00000, 0x0000000084f00000, 0x0000000084f00000|100%| O|  |TAMS 0x0000000084e00000| PB 0x0000000084e00000| Untracked |  0
|  79|0x0000000084f00000, 0x0000000085000000, 0x0000000085000000|100%| O|  |TAMS 0x0000000084f00000| PB 0x0000000084f00000| Untracked |  0
|  80|0x0000000085000000, 0x0000000085100000, 0x0000000085100000|100%| O|  |TAMS 0x0000000085000000| PB 0x0000000085000000| Untracked |  0
|  81|0x0000000085100000, 0x0000000085200000, 0x0000000085200000|100%| O|  |TAMS 0x0000000085100000| PB 0x0000000085100000| Untracked |  0
|  82|0x0000000085200000, 0x0000000085300000, 0x0000000085300000|100%| O|  |TAMS 0x0000000085200000| PB 0x0000000085200000| Untracked |  0
|  83|0x0000000085300000, 0x0000000085370960, 0x0000000085400000| 43%| O|  |TAMS 0x0000000085300000| PB 0x0000000085300000| Untracked |  0
|  84|0x0000000085400000, 0x0000000085400000, 0x0000000085500000|  0%| F|  |TAMS 0x0000000085400000| PB 0x0000000085400000| Untracked |  0
|  85|0x0000000085500000, 0x0000000085600000, 0x0000000085600000|100%| O|  |TAMS 0x0000000085500000| PB 0x0000000085500000| Untracked |  0
|  86|0x0000000085600000, 0x0000000085700000, 0x0000000085700000|100%| O|  |TAMS 0x0000000085600000| PB 0x0000000085600000| Untracked |  0
|  87|0x0000000085700000, 0x0000000085800000, 0x0000000085800000|100%| O|  |TAMS 0x0000000085700000| PB 0x0000000085700000| Untracked |  0
|  88|0x0000000085800000, 0x0000000085900000, 0x0000000085900000|100%| O|  |TAMS 0x0000000085800000| PB 0x0000000085800000| Untracked |  0
|  89|0x0000000085900000, 0x0000000085a00000, 0x0000000085a00000|100%| O|  |TAMS 0x0000000085900000| PB 0x0000000085900000| Untracked |  0
|  90|0x0000000085a00000, 0x0000000085b00000, 0x0000000085b00000|100%| O|  |TAMS 0x0000000085a00000| PB 0x0000000085a00000| Untracked |  0
|  91|0x0000000085b00000, 0x0000000085c00000, 0x0000000085c00000|100%| O|  |TAMS 0x0000000085b00000| PB 0x0000000085b00000| Untracked |  0
|  92|0x0000000085c00000, 0x0000000085d00000, 0x0000000085d00000|100%| O|  |TAMS 0x0000000085c00000| PB 0x0000000085c00000| Untracked |  0
|  93|0x0000000085d00000, 0x0000000085d00000, 0x0000000085e00000|  0%| F|  |TAMS 0x0000000085d00000| PB 0x0000000085d00000| Untracked |  0
|  94|0x0000000085e00000, 0x0000000085e00000, 0x0000000085f00000|  0%| F|  |TAMS 0x0000000085e00000| PB 0x0000000085e00000| Untracked |  0
|  95|0x0000000085f00000, 0x0000000085f00000, 0x0000000086000000|  0%| F|  |TAMS 0x0000000085f00000| PB 0x0000000085f00000| Untracked |  0
|  96|0x0000000086000000, 0x0000000086000000, 0x0000000086100000|  0%| F|  |TAMS 0x0000000086000000| PB 0x0000000086000000| Untracked |  0
|  97|0x0000000086100000, 0x0000000086100000, 0x0000000086200000|  0%| F|  |TAMS 0x0000000086100000| PB 0x0000000086100000| Untracked |  0
|  98|0x0000000086200000, 0x0000000086200000, 0x0000000086300000|  0%| F|  |TAMS 0x0000000086200000| PB 0x0000000086200000| Untracked |  0
|  99|0x0000000086300000, 0x0000000086300000, 0x0000000086400000|  0%| F|  |TAMS 0x0000000086300000| PB 0x0000000086300000| Untracked |  0
| 100|0x0000000086400000, 0x0000000086400000, 0x0000000086500000|  0%| F|  |TAMS 0x0000000086400000| PB 0x0000000086400000| Untracked |  0
| 101|0x0000000086500000, 0x0000000086500000, 0x0000000086600000|  0%| F|  |TAMS 0x0000000086500000| PB 0x0000000086500000| Untracked |  0
| 102|0x0000000086600000, 0x0000000086600000, 0x0000000086700000|  0%| F|  |TAMS 0x0000000086600000| PB 0x0000000086600000| Untracked |  0
| 103|0x0000000086700000, 0x0000000086700000, 0x0000000086800000|  0%| F|  |TAMS 0x0000000086700000| PB 0x0000000086700000| Untracked |  0
| 104|0x0000000086800000, 0x0000000086800000, 0x0000000086900000|  0%| F|  |TAMS 0x0000000086800000| PB 0x0000000086800000| Untracked |  0
| 105|0x0000000086900000, 0x0000000086900000, 0x0000000086a00000|  0%| F|  |TAMS 0x0000000086900000| PB 0x0000000086900000| Untracked |  0
| 106|0x0000000086a00000, 0x0000000086a00000, 0x0000000086b00000|  0%| F|  |TAMS 0x0000000086a00000| PB 0x0000000086a00000| Untracked |  0
| 107|0x0000000086b00000, 0x0000000086b00000, 0x0000000086c00000|  0%| F|  |TAMS 0x0000000086b00000| PB 0x0000000086b00000| Untracked |  0
| 108|0x0000000086c00000, 0x0000000086c00000, 0x0000000086d00000|  0%| F|  |TAMS 0x0000000086c00000| PB 0x0000000086c00000| Untracked |  0
| 109|0x0000000086d00000, 0x0000000086d00000, 0x0000000086e00000|  0%| F|  |TAMS 0x0000000086d00000| PB 0x0000000086d00000| Untracked |  0
| 110|0x0000000086e00000, 0x0000000086e00000, 0x0000000086f00000|  0%| F|  |TAMS 0x0000000086e00000| PB 0x0000000086e00000| Untracked |  0
| 111|0x0000000086f00000, 0x0000000086f00000, 0x0000000087000000|  0%| F|  |TAMS 0x0000000086f00000| PB 0x0000000086f00000| Untracked |  0
| 112|0x0000000087000000, 0x0000000087000000, 0x0000000087100000|  0%| F|  |TAMS 0x0000000087000000| PB 0x0000000087000000| Untracked |  0
| 113|0x0000000087100000, 0x0000000087100000, 0x0000000087200000|  0%| F|  |TAMS 0x0000000087100000| PB 0x0000000087100000| Untracked |  0
| 114|0x0000000087200000, 0x0000000087200000, 0x0000000087300000|  0%| F|  |TAMS 0x0000000087200000| PB 0x0000000087200000| Untracked |  0
| 115|0x0000000087300000, 0x0000000087300000, 0x0000000087400000|  0%| F|  |TAMS 0x0000000087300000| PB 0x0000000087300000| Untracked |  0
| 116|0x0000000087400000, 0x0000000087400000, 0x0000000087500000|  0%| F|  |TAMS 0x0000000087400000| PB 0x0000000087400000| Untracked |  0
| 117|0x0000000087500000, 0x0000000087500000, 0x0000000087600000|  0%| F|  |TAMS 0x0000000087500000| PB 0x0000000087500000| Untracked |  0
| 118|0x0000000087600000, 0x0000000087600000, 0x0000000087700000|  0%| F|  |TAMS 0x0000000087600000| PB 0x0000000087600000| Untracked |  0
| 119|0x0000000087700000, 0x0000000087700000, 0x0000000087800000|  0%| F|  |TAMS 0x0000000087700000| PB 0x0000000087700000| Untracked |  0
| 120|0x0000000087800000, 0x0000000087800000, 0x0000000087900000|  0%| F|  |TAMS 0x0000000087800000| PB 0x0000000087800000| Untracked |  0
| 121|0x0000000087900000, 0x0000000087900000, 0x0000000087a00000|  0%| F|  |TAMS 0x0000000087900000| PB 0x0000000087900000| Untracked |  0
| 122|0x0000000087a00000, 0x0000000087a62fa0, 0x0000000087b00000| 38%| S|CS|TAMS 0x0000000087a00000| PB 0x0000000087a00000| Complete |  0
| 123|0x0000000087b00000, 0x0000000087c00000, 0x0000000087c00000|100%| S|CS|TAMS 0x0000000087b00000| PB 0x0000000087b00000| Complete |  0
| 124|0x0000000087c00000, 0x0000000087c00000, 0x0000000087d00000|  0%| F|  |TAMS 0x0000000087c00000| PB 0x0000000087c00000| Untracked |  0
| 125|0x0000000087d00000, 0x0000000087d00000, 0x0000000087e00000|  0%| F|  |TAMS 0x0000000087d00000| PB 0x0000000087d00000| Untracked |  0
| 126|0x0000000087e00000, 0x0000000087e00000, 0x0000000087f00000|  0%| F|  |TAMS 0x0000000087e00000| PB 0x0000000087e00000| Untracked |  0
| 127|0x0000000087f00000, 0x0000000087f00000, 0x0000000088000000|  0%| F|  |TAMS 0x0000000087f00000| PB 0x0000000087f00000| Untracked |  0
| 128|0x0000000088000000, 0x0000000088000000, 0x0000000088100000|  0%| F|  |TAMS 0x0000000088000000| PB 0x0000000088000000| Untracked |  0
| 129|0x0000000088100000, 0x0000000088100000, 0x0000000088200000|  0%| F|  |TAMS 0x0000000088100000| PB 0x0000000088100000| Untracked |  0
| 130|0x0000000088200000, 0x0000000088200000, 0x0000000088300000|  0%| F|  |TAMS 0x0000000088200000| PB 0x0000000088200000| Untracked |  0
| 131|0x0000000088300000, 0x0000000088300000, 0x0000000088400000|  0%| F|  |TAMS 0x0000000088300000| PB 0x0000000088300000| Untracked |  0
| 132|0x0000000088400000, 0x0000000088400000, 0x0000000088500000|  0%| F|  |TAMS 0x0000000088400000| PB 0x0000000088400000| Untracked |  0
| 133|0x0000000088500000, 0x0000000088500000, 0x0000000088600000|  0%| F|  |TAMS 0x0000000088500000| PB 0x0000000088500000| Untracked |  0
| 134|0x0000000088600000, 0x0000000088600000, 0x0000000088700000|  0%| F|  |TAMS 0x0000000088600000| PB 0x0000000088600000| Untracked |  0
| 135|0x0000000088700000, 0x0000000088700000, 0x0000000088800000|  0%| F|  |TAMS 0x0000000088700000| PB 0x0000000088700000| Untracked |  0
| 136|0x0000000088800000, 0x0000000088800000, 0x0000000088900000|  0%| F|  |TAMS 0x0000000088800000| PB 0x0000000088800000| Untracked |  0
| 137|0x0000000088900000, 0x0000000088900000, 0x0000000088a00000|  0%| F|  |TAMS 0x0000000088900000| PB 0x0000000088900000| Untracked |  0
| 138|0x0000000088a00000, 0x0000000088a00000, 0x0000000088b00000|  0%| F|  |TAMS 0x0000000088a00000| PB 0x0000000088a00000| Untracked |  0
| 139|0x0000000088b00000, 0x0000000088b00000, 0x0000000088c00000|  0%| F|  |TAMS 0x0000000088b00000| PB 0x0000000088b00000| Untracked |  0
| 140|0x0000000088c00000, 0x0000000088c00000, 0x0000000088d00000|  0%| F|  |TAMS 0x0000000088c00000| PB 0x0000000088c00000| Untracked |  0
| 141|0x0000000088d00000, 0x0000000088d00000, 0x0000000088e00000|  0%| F|  |TAMS 0x0000000088d00000| PB 0x0000000088d00000| Untracked |  0
| 142|0x0000000088e00000, 0x0000000088e00000, 0x0000000088f00000|  0%| F|  |TAMS 0x0000000088e00000| PB 0x0000000088e00000| Untracked |  0
| 143|0x0000000088f00000, 0x0000000088f00000, 0x0000000089000000|  0%| F|  |TAMS 0x0000000088f00000| PB 0x0000000088f00000| Untracked |  0
| 144|0x0000000089000000, 0x0000000089000000, 0x0000000089100000|  0%| F|  |TAMS 0x0000000089000000| PB 0x0000000089000000| Untracked |  0
| 145|0x0000000089100000, 0x0000000089100000, 0x0000000089200000|  0%| F|  |TAMS 0x0000000089100000| PB 0x0000000089100000| Untracked |  0
| 146|0x0000000089200000, 0x0000000089200000, 0x0000000089300000|  0%| F|  |TAMS 0x0000000089200000| PB 0x0000000089200000| Untracked |  0
| 147|0x0000000089300000, 0x0000000089300000, 0x0000000089400000|  0%| F|  |TAMS 0x0000000089300000| PB 0x0000000089300000| Untracked |  0
| 148|0x0000000089400000, 0x0000000089400000, 0x0000000089500000|  0%| F|  |TAMS 0x0000000089400000| PB 0x0000000089400000| Untracked |  0
| 149|0x0000000089500000, 0x0000000089500000, 0x0000000089600000|  0%| F|  |TAMS 0x0000000089500000| PB 0x0000000089500000| Untracked |  0
| 150|0x0000000089600000, 0x0000000089600000, 0x0000000089700000|  0%| F|  |TAMS 0x0000000089600000| PB 0x0000000089600000| Untracked |  0
| 151|0x0000000089700000, 0x0000000089700000, 0x0000000089800000|  0%| F|  |TAMS 0x0000000089700000| PB 0x0000000089700000| Untracked |  0
| 152|0x0000000089800000, 0x0000000089800000, 0x0000000089900000|  0%| F|  |TAMS 0x0000000089800000| PB 0x0000000089800000| Untracked |  0
| 153|0x0000000089900000, 0x0000000089900000, 0x0000000089a00000|  0%| F|  |TAMS 0x0000000089900000| PB 0x0000000089900000| Untracked |  0
| 154|0x0000000089a00000, 0x0000000089a00000, 0x0000000089b00000|  0%| F|  |TAMS 0x0000000089a00000| PB 0x0000000089a00000| Untracked |  0
| 155|0x0000000089b00000, 0x0000000089b00000, 0x0000000089c00000|  0%| F|  |TAMS 0x0000000089b00000| PB 0x0000000089b00000| Untracked |  0
| 156|0x0000000089c00000, 0x0000000089c00000, 0x0000000089d00000|  0%| F|  |TAMS 0x0000000089c00000| PB 0x0000000089c00000| Untracked |  0
| 157|0x0000000089d00000, 0x0000000089d00000, 0x0000000089e00000|  0%| F|  |TAMS 0x0000000089d00000| PB 0x0000000089d00000| Untracked |  0
| 158|0x0000000089e00000, 0x0000000089e00000, 0x0000000089f00000|  0%| F|  |TAMS 0x0000000089e00000| PB 0x0000000089e00000| Untracked |  0
| 159|0x0000000089f00000, 0x0000000089f00000, 0x000000008a000000|  0%| F|  |TAMS 0x0000000089f00000| PB 0x0000000089f00000| Untracked |  0
| 160|0x000000008a000000, 0x000000008a000000, 0x000000008a100000|  0%| F|  |TAMS 0x000000008a000000| PB 0x000000008a000000| Untracked |  0
| 161|0x000000008a100000, 0x000000008a100000, 0x000000008a200000|  0%| F|  |TAMS 0x000000008a100000| PB 0x000000008a100000| Untracked |  0
| 162|0x000000008a200000, 0x000000008a200000, 0x000000008a300000|  0%| F|  |TAMS 0x000000008a200000| PB 0x000000008a200000| Untracked |  0
| 163|0x000000008a300000, 0x000000008a300000, 0x000000008a400000|  0%| F|  |TAMS 0x000000008a300000| PB 0x000000008a300000| Untracked |  0
| 164|0x000000008a400000, 0x000000008a400000, 0x000000008a500000|  0%| F|  |TAMS 0x000000008a400000| PB 0x000000008a400000| Untracked |  0
| 165|0x000000008a500000, 0x000000008a500000, 0x000000008a600000|  0%| F|  |TAMS 0x000000008a500000| PB 0x000000008a500000| Untracked |  0
| 166|0x000000008a600000, 0x000000008a600000, 0x000000008a700000|  0%| F|  |TAMS 0x000000008a600000| PB 0x000000008a600000| Untracked |  0
| 167|0x000000008a700000, 0x000000008a700000, 0x000000008a800000|  0%| F|  |TAMS 0x000000008a700000| PB 0x000000008a700000| Untracked |  0
| 168|0x000000008a800000, 0x000000008a800000, 0x000000008a900000|  0%| F|  |TAMS 0x000000008a800000| PB 0x000000008a800000| Untracked |  0
| 169|0x000000008a900000, 0x000000008a900000, 0x000000008aa00000|  0%| F|  |TAMS 0x000000008a900000| PB 0x000000008a900000| Untracked |  0
| 170|0x000000008aa00000, 0x000000008aa00000, 0x000000008ab00000|  0%| F|  |TAMS 0x000000008aa00000| PB 0x000000008aa00000| Untracked |  0
| 171|0x000000008ab00000, 0x000000008ab00000, 0x000000008ac00000|  0%| F|  |TAMS 0x000000008ab00000| PB 0x000000008ab00000| Untracked |  0
| 172|0x000000008ac00000, 0x000000008ac00000, 0x000000008ad00000|  0%| F|  |TAMS 0x000000008ac00000| PB 0x000000008ac00000| Untracked |  0
| 173|0x000000008ad00000, 0x000000008ad00000, 0x000000008ae00000|  0%| F|  |TAMS 0x000000008ad00000| PB 0x000000008ad00000| Untracked |  0
| 174|0x000000008ae00000, 0x000000008ae00000, 0x000000008af00000|  0%| F|  |TAMS 0x000000008ae00000| PB 0x000000008ae00000| Untracked |  0
| 175|0x000000008af00000, 0x000000008af00000, 0x000000008b000000|  0%| F|  |TAMS 0x000000008af00000| PB 0x000000008af00000| Untracked |  0
| 176|0x000000008b000000, 0x000000008b000000, 0x000000008b100000|  0%| F|  |TAMS 0x000000008b000000| PB 0x000000008b000000| Untracked |  0
| 177|0x000000008b100000, 0x000000008b100000, 0x000000008b200000|  0%| F|  |TAMS 0x000000008b100000| PB 0x000000008b100000| Untracked |  0
| 178|0x000000008b200000, 0x000000008b200000, 0x000000008b300000|  0%| F|  |TAMS 0x000000008b200000| PB 0x000000008b200000| Untracked |  0
| 179|0x000000008b300000, 0x000000008b300000, 0x000000008b400000|  0%| F|  |TAMS 0x000000008b300000| PB 0x000000008b300000| Untracked |  0
| 180|0x000000008b400000, 0x000000008b400000, 0x000000008b500000|  0%| F|  |TAMS 0x000000008b400000| PB 0x000000008b400000| Untracked |  0
| 181|0x000000008b500000, 0x000000008b500000, 0x000000008b600000|  0%| F|  |TAMS 0x000000008b500000| PB 0x000000008b500000| Untracked |  0
| 182|0x000000008b600000, 0x000000008b600000, 0x000000008b700000|  0%| F|  |TAMS 0x000000008b600000| PB 0x000000008b600000| Untracked |  0
| 183|0x000000008b700000, 0x000000008b700000, 0x000000008b800000|  0%| F|  |TAMS 0x000000008b700000| PB 0x000000008b700000| Untracked |  0
| 184|0x000000008b800000, 0x000000008b800000, 0x000000008b900000|  0%| F|  |TAMS 0x000000008b800000| PB 0x000000008b800000| Untracked |  0
| 185|0x000000008b900000, 0x000000008b900000, 0x000000008ba00000|  0%| F|  |TAMS 0x000000008b900000| PB 0x000000008b900000| Untracked |  0
| 186|0x000000008ba00000, 0x000000008ba00000, 0x000000008bb00000|  0%| F|  |TAMS 0x000000008ba00000| PB 0x000000008ba00000| Untracked |  0
| 187|0x000000008bb00000, 0x000000008bb00000, 0x000000008bc00000|  0%| F|  |TAMS 0x000000008bb00000| PB 0x000000008bb00000| Untracked |  0
| 188|0x000000008bc00000, 0x000000008bc00000, 0x000000008bd00000|  0%| F|  |TAMS 0x000000008bc00000| PB 0x000000008bc00000| Untracked |  0
| 189|0x000000008bd00000, 0x000000008bd00000, 0x000000008be00000|  0%| F|  |TAMS 0x000000008bd00000| PB 0x000000008bd00000| Untracked |  0
| 190|0x000000008be00000, 0x000000008be00000, 0x000000008bf00000|  0%| F|  |TAMS 0x000000008be00000| PB 0x000000008be00000| Untracked |  0
| 191|0x000000008bf00000, 0x000000008bf00000, 0x000000008c000000|  0%| F|  |TAMS 0x000000008bf00000| PB 0x000000008bf00000| Untracked |  0
| 192|0x000000008c000000, 0x000000008c000000, 0x000000008c100000|  0%| F|  |TAMS 0x000000008c000000| PB 0x000000008c000000| Untracked |  0
| 193|0x000000008c100000, 0x000000008c100000, 0x000000008c200000|  0%| F|  |TAMS 0x000000008c100000| PB 0x000000008c100000| Untracked |  0
| 194|0x000000008c200000, 0x000000008c200000, 0x000000008c300000|  0%| F|  |TAMS 0x000000008c200000| PB 0x000000008c200000| Untracked |  0
| 195|0x000000008c300000, 0x000000008c300000, 0x000000008c400000|  0%| F|  |TAMS 0x000000008c300000| PB 0x000000008c300000| Untracked |  0
| 196|0x000000008c400000, 0x000000008c400000, 0x000000008c500000|  0%| F|  |TAMS 0x000000008c400000| PB 0x000000008c400000| Untracked |  0
| 197|0x000000008c500000, 0x000000008c500000, 0x000000008c600000|  0%| F|  |TAMS 0x000000008c500000| PB 0x000000008c500000| Untracked |  0
| 198|0x000000008c600000, 0x000000008c600000, 0x000000008c700000|  0%| F|  |TAMS 0x000000008c600000| PB 0x000000008c600000| Untracked |  0
| 199|0x000000008c700000, 0x000000008c780000, 0x000000008c800000| 50%| E|  |TAMS 0x000000008c700000| PB 0x000000008c700000| Complete |  0
| 200|0x000000008c800000, 0x000000008c900000, 0x000000008c900000|100%| E|CS|TAMS 0x000000008c800000| PB 0x000000008c800000| Complete |  0
| 201|0x000000008c900000, 0x000000008ca00000, 0x000000008ca00000|100%| E|CS|TAMS 0x000000008c900000| PB 0x000000008c900000| Complete |  0
| 202|0x000000008ca00000, 0x000000008cb00000, 0x000000008cb00000|100%| E|CS|TAMS 0x000000008ca00000| PB 0x000000008ca00000| Complete |  0
| 203|0x000000008cb00000, 0x000000008cc00000, 0x000000008cc00000|100%| E|CS|TAMS 0x000000008cb00000| PB 0x000000008cb00000| Complete |  0
| 204|0x000000008cc00000, 0x000000008cd00000, 0x000000008cd00000|100%| E|CS|TAMS 0x000000008cc00000| PB 0x000000008cc00000| Complete |  0
| 205|0x000000008cd00000, 0x000000008ce00000, 0x000000008ce00000|100%| E|CS|TAMS 0x000000008cd00000| PB 0x000000008cd00000| Complete |  0
| 206|0x000000008ce00000, 0x000000008cf00000, 0x000000008cf00000|100%| E|CS|TAMS 0x000000008ce00000| PB 0x000000008ce00000| Complete |  0
| 207|0x000000008cf00000, 0x000000008d000000, 0x000000008d000000|100%| E|CS|TAMS 0x000000008cf00000| PB 0x000000008cf00000| Complete |  0
| 208|0x000000008d000000, 0x000000008d100000, 0x000000008d100000|100%| E|CS|TAMS 0x000000008d000000| PB 0x000000008d000000| Complete |  0
| 209|0x000000008d100000, 0x000000008d200000, 0x000000008d200000|100%| E|CS|TAMS 0x000000008d100000| PB 0x000000008d100000| Complete |  0
| 210|0x000000008d200000, 0x000000008d300000, 0x000000008d300000|100%| E|CS|TAMS 0x000000008d200000| PB 0x000000008d200000| Complete |  0
| 211|0x000000008d300000, 0x000000008d400000, 0x000000008d400000|100%| E|CS|TAMS 0x000000008d300000| PB 0x000000008d300000| Complete |  0
| 212|0x000000008d400000, 0x000000008d500000, 0x000000008d500000|100%| E|CS|TAMS 0x000000008d400000| PB 0x000000008d400000| Complete |  0
| 213|0x000000008d500000, 0x000000008d600000, 0x000000008d600000|100%| E|CS|TAMS 0x000000008d500000| PB 0x000000008d500000| Complete |  0
| 214|0x000000008d600000, 0x000000008d700000, 0x000000008d700000|100%| E|CS|TAMS 0x000000008d600000| PB 0x000000008d600000| Complete |  0
| 215|0x000000008d700000, 0x000000008d800000, 0x000000008d800000|100%| E|CS|TAMS 0x000000008d700000| PB 0x000000008d700000| Complete |  0
| 216|0x000000008d800000, 0x000000008d900000, 0x000000008d900000|100%| E|CS|TAMS 0x000000008d800000| PB 0x000000008d800000| Complete |  0
| 217|0x000000008d900000, 0x000000008da00000, 0x000000008da00000|100%| E|CS|TAMS 0x000000008d900000| PB 0x000000008d900000| Complete |  0
| 218|0x000000008da00000, 0x000000008db00000, 0x000000008db00000|100%| E|CS|TAMS 0x000000008da00000| PB 0x000000008da00000| Complete |  0
| 219|0x000000008db00000, 0x000000008dc00000, 0x000000008dc00000|100%| E|CS|TAMS 0x000000008db00000| PB 0x000000008db00000| Complete |  0
| 220|0x000000008dc00000, 0x000000008dd00000, 0x000000008dd00000|100%| E|CS|TAMS 0x000000008dc00000| PB 0x000000008dc00000| Complete |  0
| 221|0x000000008dd00000, 0x000000008de00000, 0x000000008de00000|100%| E|CS|TAMS 0x000000008dd00000| PB 0x000000008dd00000| Complete |  0
| 222|0x000000008de00000, 0x000000008df00000, 0x000000008df00000|100%| E|CS|TAMS 0x000000008de00000| PB 0x000000008de00000| Complete |  0
| 223|0x000000008df00000, 0x000000008e000000, 0x000000008e000000|100%| E|CS|TAMS 0x000000008df00000| PB 0x000000008df00000| Complete |  0
| 224|0x000000008e000000, 0x000000008e100000, 0x000000008e100000|100%| E|CS|TAMS 0x000000008e000000| PB 0x000000008e000000| Complete |  0
| 225|0x000000008e100000, 0x000000008e200000, 0x000000008e200000|100%| E|CS|TAMS 0x000000008e100000| PB 0x000000008e100000| Complete |  0
| 226|0x000000008e200000, 0x000000008e300000, 0x000000008e300000|100%| E|CS|TAMS 0x000000008e200000| PB 0x000000008e200000| Complete |  0
| 227|0x000000008e300000, 0x000000008e400000, 0x000000008e400000|100%| E|CS|TAMS 0x000000008e300000| PB 0x000000008e300000| Complete |  0
| 228|0x000000008e400000, 0x000000008e500000, 0x000000008e500000|100%| E|CS|TAMS 0x000000008e400000| PB 0x000000008e400000| Complete |  0
| 229|0x000000008e500000, 0x000000008e600000, 0x000000008e600000|100%| E|CS|TAMS 0x000000008e500000| PB 0x000000008e500000| Complete |  0
| 230|0x000000008e600000, 0x000000008e700000, 0x000000008e700000|100%| E|CS|TAMS 0x000000008e600000| PB 0x000000008e600000| Complete |  0
| 231|0x000000008e700000, 0x000000008e800000, 0x000000008e800000|100%| E|CS|TAMS 0x000000008e700000| PB 0x000000008e700000| Complete |  0
| 232|0x000000008e800000, 0x000000008e900000, 0x000000008e900000|100%| E|CS|TAMS 0x000000008e800000| PB 0x000000008e800000| Complete |  0
| 233|0x000000008e900000, 0x000000008ea00000, 0x000000008ea00000|100%| E|CS|TAMS 0x000000008e900000| PB 0x000000008e900000| Complete |  0
| 234|0x000000008ea00000, 0x000000008eb00000, 0x000000008eb00000|100%| E|CS|TAMS 0x000000008ea00000| PB 0x000000008ea00000| Complete |  0
| 235|0x000000008eb00000, 0x000000008ec00000, 0x000000008ec00000|100%| E|CS|TAMS 0x000000008eb00000| PB 0x000000008eb00000| Complete |  0
| 236|0x000000008ec00000, 0x000000008ed00000, 0x000000008ed00000|100%| E|CS|TAMS 0x000000008ec00000| PB 0x000000008ec00000| Complete |  0
| 237|0x000000008ed00000, 0x000000008ee00000, 0x000000008ee00000|100%| E|CS|TAMS 0x000000008ed00000| PB 0x000000008ed00000| Complete |  0
| 238|0x000000008ee00000, 0x000000008ef00000, 0x000000008ef00000|100%| E|CS|TAMS 0x000000008ee00000| PB 0x000000008ee00000| Complete |  0
| 239|0x000000008ef00000, 0x000000008f000000, 0x000000008f000000|100%| E|CS|TAMS 0x000000008ef00000| PB 0x000000008ef00000| Complete |  0
| 240|0x000000008f000000, 0x000000008f100000, 0x000000008f100000|100%| E|CS|TAMS 0x000000008f000000| PB 0x000000008f000000| Complete |  0
| 241|0x000000008f100000, 0x000000008f200000, 0x000000008f200000|100%| E|CS|TAMS 0x000000008f100000| PB 0x000000008f100000| Complete |  0
| 242|0x000000008f200000, 0x000000008f300000, 0x000000008f300000|100%| E|CS|TAMS 0x000000008f200000| PB 0x000000008f200000| Complete |  0
| 243|0x000000008f300000, 0x000000008f400000, 0x000000008f400000|100%| E|CS|TAMS 0x000000008f300000| PB 0x000000008f300000| Complete |  0
| 244|0x000000008f400000, 0x000000008f500000, 0x000000008f500000|100%| E|CS|TAMS 0x000000008f400000| PB 0x000000008f400000| Complete |  0
| 245|0x000000008f500000, 0x000000008f600000, 0x000000008f600000|100%| E|CS|TAMS 0x000000008f500000| PB 0x000000008f500000| Complete |  0
| 246|0x000000008f600000, 0x000000008f700000, 0x000000008f700000|100%| E|CS|TAMS 0x000000008f600000| PB 0x000000008f600000| Complete |  0
| 247|0x000000008f700000, 0x000000008f800000, 0x000000008f800000|100%| E|CS|TAMS 0x000000008f700000| PB 0x000000008f700000| Complete |  0
| 248|0x000000008f800000, 0x000000008f900000, 0x000000008f900000|100%| E|CS|TAMS 0x000000008f800000| PB 0x000000008f800000| Complete |  0
| 249|0x000000008f900000, 0x000000008fa00000, 0x000000008fa00000|100%| E|CS|TAMS 0x000000008f900000| PB 0x000000008f900000| Complete |  0
| 250|0x000000008fa00000, 0x000000008fb00000, 0x000000008fb00000|100%| E|CS|TAMS 0x000000008fa00000| PB 0x000000008fa00000| Complete |  0
| 251|0x000000008fb00000, 0x000000008fc00000, 0x000000008fc00000|100%| E|CS|TAMS 0x000000008fb00000| PB 0x000000008fb00000| Complete |  0
| 252|0x000000008fc00000, 0x000000008fd00000, 0x000000008fd00000|100%| E|CS|TAMS 0x000000008fc00000| PB 0x000000008fc00000| Complete |  0
| 374|0x0000000097600000, 0x0000000097700000, 0x0000000097700000|100%| E|CS|TAMS 0x0000000097600000| PB 0x0000000097600000| Complete |  0
| 375|0x0000000097700000, 0x0000000097800000, 0x0000000097800000|100%| E|CS|TAMS 0x0000000097700000| PB 0x0000000097700000| Complete |  0
| 376|0x0000000097800000, 0x0000000097900000, 0x0000000097900000|100%| E|CS|TAMS 0x0000000097800000| PB 0x0000000097800000| Complete |  0
| 377|0x0000000097900000, 0x0000000097a00000, 0x0000000097a00000|100%| E|CS|TAMS 0x0000000097900000| PB 0x0000000097900000| Complete |  0
| 378|0x0000000097a00000, 0x0000000097b00000, 0x0000000097b00000|100%| E|CS|TAMS 0x0000000097a00000| PB 0x0000000097a00000| Complete |  0
| 379|0x0000000097b00000, 0x0000000097c00000, 0x0000000097c00000|100%| E|CS|TAMS 0x0000000097b00000| PB 0x0000000097b00000| Complete |  0
|2045|0x00000000ffd00000, 0x00000000ffe00000, 0x00000000ffe00000|100%| O|  |TAMS 0x00000000ffd00000| PB 0x00000000ffd00000| Untracked |  0
|2046|0x00000000ffe00000, 0x00000000fff00000, 0x00000000fff00000|100%| O|  |TAMS 0x00000000ffe00000| PB 0x00000000ffe00000| Untracked |  0
|2047|0x00000000fff00000, 0x0000000100000000, 0x0000000100000000|100%| O|  |TAMS 0x00000000fff00000| PB 0x00000000fff00000| Untracked |  0

Card table byte_map: [0x0000019bfb070000,0x0000019bfb470000] _byte_map_base: 0x0000019bfac70000

Marking Bits: (CMBitMap*) 0x0000019bf257de90
 Bits: [0x0000019bfb470000, 0x0000019bfd470000)

Polling page: 0x0000019bf0360000

Metaspace:

Usage:
  Non-class:    105.07 MB used.
      Class:     16.09 MB used.
       Both:    121.15 MB used.

Virtual space:
  Non-class space:      128.00 MB reserved,     106.12 MB ( 83%) committed,  2 nodes.
      Class space:      416.00 MB reserved,      17.06 MB (  4%) committed,  1 nodes.
             Both:      544.00 MB reserved,     123.19 MB ( 23%) committed. 

Chunk freelists:
   Non-Class:  5.61 MB
       Class:  14.95 MB
        Both:  20.56 MB

MaxMetaspaceSize: 512.00 MB
CompressedClassSpaceSize: 416.00 MB
Initial GC threshold: 21.00 MB
Current GC threshold: 203.69 MB
CDS: on
 - commit_granule_bytes: 65536.
 - commit_granule_words: 8192.
 - virtual_space_node_default_size: 8388608.
 - enlarge_chunks_in_place: 1.
 - use_allocation_guard: 0.


Internal statistics:

num_allocs_failed_limit: 18.
num_arena_births: 3684.
num_arena_deaths: 2.
num_vsnodes_births: 3.
num_vsnodes_deaths: 0.
num_space_committed: 1969.
num_space_uncommitted: 0.
num_chunks_returned_to_freelist: 21.
num_chunks_taken_from_freelist: 8254.
num_chunk_merges: 18.
num_chunk_splits: 6019.
num_chunks_enlarged: 4403.
num_inconsistent_stats: 0.

CodeHeap 'non-profiled nmethods': size=120064Kb used=5853Kb max_used=7603Kb free=114210Kb
 bounds [0x0000019b87ac0000, 0x0000019b88230000, 0x0000019b8f000000]
CodeHeap 'profiled nmethods': size=120000Kb used=16498Kb max_used=19916Kb free=103501Kb
 bounds [0x0000019b80000000, 0x0000019b81380000, 0x0000019b87530000]
CodeHeap 'non-nmethods': size=5696Kb used=3107Kb max_used=3192Kb free=2588Kb
 bounds [0x0000019b87530000, 0x0000019b87870000, 0x0000019b87ac0000]
CodeCache: size=245760Kb, used=25458Kb, max_used=30711Kb, free=220299Kb
 total_blobs=12026, nmethods=10842, adapters=1088, full_count=0
Compilation: enabled, stopped_count=0, restarted_count=0

Compilation events (20 events):
Event: 64.064 Thread 0x0000019bffa7c1f0 nmethod 13223 0x0000019b806fe608 code [0x0000019b806fe8c0, 0x0000019b806ffcc0]
Event: 64.064 Thread 0x0000019bffa7c1f0 13224       1       org.gradle.internal.fingerprint.impl.DefaultFileCollectionSnapshotter::access$100 (5 bytes)
Event: 64.064 Thread 0x0000019bffa7c1f0 nmethod 13224 0x0000019b87e0e308 code [0x0000019b87e0e420, 0x0000019b87e0e4d0]
Event: 64.064 Thread 0x0000019bffa7c1f0 13225       3       com.google.common.cache.LocalCache$Segment::recordRead (29 bytes)
Event: 64.065 Thread 0x0000019bffa7c1f0 nmethod 13225 0x0000019b80332208 code [0x0000019b80332360, 0x0000019b80332760]
Event: 64.065 Thread 0x0000019bffa7c1f0 13226       3       org.gradle.internal.snapshot.RelativePathTracker::enter (26 bytes)
Event: 64.065 Thread 0x0000019bffa7c1f0 nmethod 13226 0x0000019b80057788 code [0x0000019b800578c0, 0x0000019b80057b58]
Event: 64.065 Thread 0x0000019bffa4b730 nmethod 13219 0x0000019b87cd2f88 code [0x0000019b87cd3100, 0x0000019b87cd35c8]
Event: 64.066 Thread 0x0000019bffa4b730 13227       4       kotlinx.metadata.internal.protobuf.CodedOutputStream::refreshBuffer (37 bytes)
Event: 64.066 Thread 0x0000019bffa7c1f0 13230       3       kotlinx.metadata.KmExtensionType::equals (30 bytes)
Event: 64.066 Thread 0x0000019bffa7c1f0 nmethod 13230 0x0000019b8013c288 code [0x0000019b8013c3e0, 0x0000019b8013c8d0]
Event: 64.066 Thread 0x0000019bffa7c1f0 13231       3       kotlinx.metadata.impl.ReadContext::get (11 bytes)
Event: 64.066 Thread 0x0000019bffa7c1f0 nmethod 13231 0x0000019b8029de88 code [0x0000019b8029dfa0, 0x0000019b8029e178]
Event: 64.066 Thread 0x0000019bffa7c1f0 13232       3       kotlinx.metadata.jvm.KotlinClassMetadata$Class$classData$2::<init> (11 bytes)
Event: 64.066 Thread 0x0000019bffa7c1f0 nmethod 13232 0x0000019b80387d88 code [0x0000019b80387ea0, 0x0000019b803880c8]
Event: 64.066 Thread 0x0000019bffa7c1f0 13234       3       kotlinx.metadata.KmClass::<init> (292 bytes)
Event: 64.068 Thread 0x0000019bffa4b730 nmethod 13227 0x0000019b87c21488 code [0x0000019b87c215a0, 0x0000019b87c21990]
Event: 64.068 Thread 0x0000019bffa4b730 13238       4       kotlinx.metadata.internal.protobuf.CodedInputStream::recomputeBufferSizeAfterLimit (63 bytes)
Event: 64.068 Thread 0x0000019bffa4b730 nmethod 13238 0x0000019b87f68f08 code [0x0000019b87f69000, 0x0000019b87f690a8]
Event: 64.068 Thread 0x0000019bffa4b730 13237       4       org.gradle.internal.tools.api.impl.SortingAnnotationVisitor::visitEnd (118 bytes)

GC Heap History (20 events):
Event: 50.070 GC heap before
{Heap before GC invocations=73 (full 0):
 garbage-first heap   total reserved 2097152K, committed 219136K, used 196772K [0x0000000080000000, 0x0000000100000000)
  region size 1024K, 128 young (131072K), 15 survivors (15360K)
 Metaspace       used 83769K, committed 85760K, reserved 557056K
  class space    used 11587K, committed 12544K, reserved 425984K
}
Event: 50.110 GC heap after
{Heap after GC invocations=74 (full 0):
 garbage-first heap   total reserved 2097152K, committed 223232K, used 85926K [0x0000000080000000, 0x0000000100000000)
  region size 1024K, 9 young (9216K), 9 survivors (9216K)
 Metaspace       used 83769K, committed 85760K, reserved 557056K
  class space    used 11587K, committed 12544K, reserved 425984K
}
Event: 50.429 GC heap before
{Heap before GC invocations=74 (full 0):
 garbage-first heap   total reserved 2097152K, committed 223232K, used 102310K [0x0000000080000000, 0x0000000100000000)
  region size 1024K, 26 young (26624K), 9 survivors (9216K)
 Metaspace       used 86007K, committed 87936K, reserved 557056K
  class space    used 11884K, committed 12800K, reserved 425984K
}
Event: 50.438 GC heap after
{Heap after GC invocations=75 (full 0):
 garbage-first heap   total reserved 2097152K, committed 268288K, used 86346K [0x0000000080000000, 0x0000000100000000)
  region size 1024K, 9 young (9216K), 9 survivors (9216K)
 Metaspace       used 86007K, committed 87936K, reserved 557056K
  class space    used 11884K, committed 12800K, reserved 425984K
}
Event: 53.012 GC heap before
{Heap before GC invocations=75 (full 0):
 garbage-first heap   total reserved 2097152K, committed 268288K, used 238922K [0x0000000080000000, 0x0000000100000000)
  region size 1024K, 157 young (160768K), 9 survivors (9216K)
 Metaspace       used 98152K, committed 100096K, reserved 557056K
  class space    used 13257K, committed 14208K, reserved 425984K
}
Event: 53.025 GC heap after
{Heap after GC invocations=76 (full 0):
 garbage-first heap   total reserved 2097152K, committed 268288K, used 95654K [0x0000000080000000, 0x0000000100000000)
  region size 1024K, 18 young (18432K), 18 survivors (18432K)
 Metaspace       used 98152K, committed 100096K, reserved 557056K
  class space    used 13257K, committed 14208K, reserved 425984K
}
Event: 53.246 GC heap before
{Heap before GC invocations=76 (full 0):
 garbage-first heap   total reserved 2097152K, committed 268288K, used 106918K [0x0000000080000000, 0x0000000100000000)
  region size 1024K, 31 young (31744K), 18 survivors (18432K)
 Metaspace       used 99999K, committed 101888K, reserved 557056K
  class space    used 13397K, committed 14336K, reserved 425984K
}
Event: 53.265 GC heap after
{Heap after GC invocations=77 (full 0):
 garbage-first heap   total reserved 2097152K, committed 268288K, used 96432K [0x0000000080000000, 0x0000000100000000)
  region size 1024K, 12 young (12288K), 12 survivors (12288K)
 Metaspace       used 99999K, committed 101888K, reserved 557056K
  class space    used 13397K, committed 14336K, reserved 425984K
}
Event: 60.698 GC heap before
{Heap before GC invocations=78 (full 0):
 garbage-first heap   total reserved 2097152K, committed 268288K, used 235553K [0x0000000080000000, 0x0000000100000000)
  region size 1024K, 152 young (155648K), 12 survivors (12288K)
 Metaspace       used 121790K, committed 123840K, reserved 557056K
  class space    used 16174K, committed 17152K, reserved 425984K
}
Event: 60.719 GC heap after
{Heap after GC invocations=79 (full 0):
 garbage-first heap   total reserved 2097152K, committed 268288K, used 100110K [0x0000000080000000, 0x0000000100000000)
  region size 1024K, 17 young (17408K), 17 survivors (17408K)
 Metaspace       used 121790K, committed 123840K, reserved 557056K
  class space    used 16174K, committed 17152K, reserved 425984K
}
Event: 61.921 GC heap before
{Heap before GC invocations=79 (full 0):
 garbage-first heap   total reserved 2097152K, committed 268288K, used 235278K [0x0000000080000000, 0x0000000100000000)
  region size 1024K, 149 young (152576K), 17 survivors (17408K)
 Metaspace       used 122967K, committed 125056K, reserved 557056K
  class space    used 16347K, committed 17344K, reserved 425984K
}
Event: 61.942 GC heap after
{Heap after GC invocations=80 (full 0):
 garbage-first heap   total reserved 2097152K, committed 268288K, used 99727K [0x0000000080000000, 0x0000000100000000)
  region size 1024K, 10 young (10240K), 10 survivors (10240K)
 Metaspace       used 122967K, committed 125056K, reserved 557056K
  class space    used 16347K, committed 17344K, reserved 425984K
}
Event: 62.369 GC heap before
{Heap before GC invocations=80 (full 0):
 garbage-first heap   total reserved 2097152K, committed 268288K, used 243087K [0x0000000080000000, 0x0000000100000000)
  region size 1024K, 150 young (153600K), 10 survivors (10240K)
 Metaspace       used 122991K, committed 125120K, reserved 557056K
  class space    used 16350K, committed 17344K, reserved 425984K
}
Event: 62.395 GC heap after
{Heap after GC invocations=81 (full 0):
 garbage-first heap   total reserved 2097152K, committed 268288K, used 101263K [0x0000000080000000, 0x0000000100000000)
  region size 1024K, 12 young (12288K), 12 survivors (12288K)
 Metaspace       used 122991K, committed 125120K, reserved 557056K
  class space    used 16350K, committed 17344K, reserved 425984K
}
Event: 62.772 GC heap before
{Heap before GC invocations=81 (full 0):
 garbage-first heap   total reserved 2097152K, committed 268288K, used 240527K [0x0000000080000000, 0x0000000100000000)
  region size 1024K, 148 young (151552K), 12 survivors (12288K)
 Metaspace       used 122991K, committed 125120K, reserved 557056K
  class space    used 16350K, committed 17344K, reserved 425984K
}
Event: 62.834 GC heap after
{Heap after GC invocations=82 (full 0):
 garbage-first heap   total reserved 2097152K, committed 268288K, used 104114K [0x0000000080000000, 0x0000000100000000)
  region size 1024K, 8 young (8192K), 8 survivors (8192K)
 Metaspace       used 122991K, committed 125120K, reserved 557056K
  class space    used 16350K, committed 17344K, reserved 425984K
}
Event: 63.298 GC heap before
{Heap before GC invocations=83 (full 0):
 garbage-first heap   total reserved 2097152K, committed 268288K, used 244402K [0x0000000080000000, 0x0000000100000000)
  region size 1024K, 145 young (148480K), 8 survivors (8192K)
 Metaspace       used 122991K, committed 125120K, reserved 557056K
  class space    used 16350K, committed 17344K, reserved 425984K
}
Event: 63.304 GC heap after
{Heap after GC invocations=84 (full 0):
 garbage-first heap   total reserved 2097152K, committed 268288K, used 105650K [0x0000000080000000, 0x0000000100000000)
  region size 1024K, 9 young (9216K), 9 survivors (9216K)
 Metaspace       used 122991K, committed 125120K, reserved 557056K
  class space    used 16350K, committed 17344K, reserved 425984K
}
Event: 63.745 GC heap before
{Heap before GC invocations=84 (full 0):
 garbage-first heap   total reserved 2097152K, committed 268288K, used 243890K [0x0000000080000000, 0x0000000100000000)
  region size 1024K, 144 young (147456K), 9 survivors (9216K)
 Metaspace       used 122998K, committed 125120K, reserved 557056K
  class space    used 16350K, committed 17344K, reserved 425984K
}
Event: 63.747 GC heap after
{Heap after GC invocations=85 (full 0):
 garbage-first heap   total reserved 2097152K, committed 268288K, used 94030K [0x0000000080000000, 0x0000000100000000)
  region size 1024K, 2 young (2048K), 2 survivors (2048K)
 Metaspace       used 122998K, committed 125120K, reserved 557056K
  class space    used 16350K, committed 17344K, reserved 425984K
}

Dll operation events (15 events):
Event: 0.026 Loaded shared library C:\Program Files\Java\jdk-23\bin\java.dll
Event: 0.147 Loaded shared library C:\Program Files\Java\jdk-23\bin\jsvml.dll
Event: 0.199 Loaded shared library C:\Program Files\Java\jdk-23\bin\zip.dll
Event: 0.210 Loaded shared library C:\Program Files\Java\jdk-23\bin\instrument.dll
Event: 0.218 Loaded shared library C:\Program Files\Java\jdk-23\bin\net.dll
Event: 0.224 Loaded shared library C:\Program Files\Java\jdk-23\bin\nio.dll
Event: 0.230 Loaded shared library C:\Program Files\Java\jdk-23\bin\zip.dll
Event: 0.918 Loaded shared library C:\Program Files\Java\jdk-23\bin\jimage.dll
Event: 1.193 Loaded shared library C:\Program Files\Java\jdk-23\bin\verify.dll
Event: 1.525 Loaded shared library C:\Users\admin\.gradle\native\c067742578af261105cb4f569cf0c3c89f3d7b1fecec35dd04571415982c5e48\windows-amd64\native-platform.dll
Event: 1.560 Loaded shared library C:\Users\admin\.gradle\native\100fb08df4bc3b14c8652ba06237920a3bd2aa13389f12d3474272988ae205f9\windows-amd64\native-platform-file-events.dll
Event: 3.704 Loaded shared library C:\Program Files\Java\jdk-23\bin\management.dll
Event: 3.713 Loaded shared library C:\Program Files\Java\jdk-23\bin\management_ext.dll
Event: 4.240 Loaded shared library C:\Program Files\Java\jdk-23\bin\extnet.dll
Event: 4.587 Loaded shared library C:\Program Files\Java\jdk-23\bin\sunmscapi.dll

Deoptimization events (20 events):
Event: 63.978 Thread 0x0000019bafd1dd70 Uncommon trap: trap_request=0xffffff45 fr.pc=0x0000019b87da48f4 relative=0x0000000000000074
Event: 63.978 Thread 0x0000019bafd1dd70 Uncommon trap: reason=unstable_if action=reinterpret pc=0x0000019b87da48f4 method=org.jetbrains.org.objectweb.asm.ClassVisitor.visitMethod(ILjava/lang/String;Ljava/lang/String;Ljava/lang/String;[Ljava/lang/String;)Lorg/jetbrains/org/objectweb/asm/MethodVi
Event: 63.978 Thread 0x0000019bafd1dd70 DEOPT PACKING pc=0x0000019b87da48f4 sp=0x00000070716f4d70
Event: 63.978 Thread 0x0000019bafd1dd70 DEOPT UNPACKING pc=0x0000019b87584402 sp=0x00000070716f4d30 mode 2
Event: 64.042 Thread 0x0000019bafd1dd70 Uncommon trap: trap_request=0xffffffc6 fr.pc=0x0000019b87fd3ee4 relative=0x00000000000003e4
Event: 64.042 Thread 0x0000019bafd1dd70 Uncommon trap: reason=bimorphic_or_optimized_type_check action=maybe_recompile pc=0x0000019b87fd3ee4 method=kotlinx.metadata.internal.protobuf.CodedInputStream.tryRefillBuffer(I)Z @ 177 c2
Event: 64.042 Thread 0x0000019bafd1dd70 DEOPT PACKING pc=0x0000019b87fd3ee4 sp=0x00000070716f4d50
Event: 64.042 Thread 0x0000019bafd1dd70 DEOPT UNPACKING pc=0x0000019b87584402 sp=0x00000070716f4c18 mode 2
Event: 64.042 Thread 0x0000019bafd1dd70 Uncommon trap: trap_request=0xffffffc6 fr.pc=0x0000019b87fd3ee4 relative=0x00000000000003e4
Event: 64.042 Thread 0x0000019bafd1dd70 Uncommon trap: reason=bimorphic_or_optimized_type_check action=maybe_recompile pc=0x0000019b87fd3ee4 method=kotlinx.metadata.internal.protobuf.CodedInputStream.tryRefillBuffer(I)Z @ 177 c2
Event: 64.042 Thread 0x0000019bafd1dd70 DEOPT PACKING pc=0x0000019b87fd3ee4 sp=0x00000070716f4d50
Event: 64.042 Thread 0x0000019bafd1dd70 DEOPT UNPACKING pc=0x0000019b87584402 sp=0x00000070716f4c18 mode 2
Event: 64.062 Thread 0x0000019bafd1dd70 Uncommon trap: trap_request=0xffffffde fr.pc=0x0000019b87ae37d8 relative=0x0000000000000298
Event: 64.062 Thread 0x0000019bafd1dd70 Uncommon trap: reason=class_check action=maybe_recompile pc=0x0000019b87ae37d8 method=org.gradle.internal.fingerprint.FingerprintHashingStrategy.appendCollectionToHasherKeepingOrder(Lorg/gradle/internal/hash/Hasher;Ljava/util/Collection;)V @ 1 c2
Event: 64.062 Thread 0x0000019bafd1dd70 DEOPT PACKING pc=0x0000019b87ae37d8 sp=0x00000070716f7610
Event: 64.062 Thread 0x0000019bafd1dd70 DEOPT UNPACKING pc=0x0000019b87584402 sp=0x00000070716f75d0 mode 2
Event: 64.063 Thread 0x0000019bafd1dd70 Uncommon trap: trap_request=0xffffffde fr.pc=0x0000019b87ae37d8 relative=0x0000000000000298
Event: 64.063 Thread 0x0000019bafd1dd70 Uncommon trap: reason=class_check action=maybe_recompile pc=0x0000019b87ae37d8 method=org.gradle.internal.fingerprint.FingerprintHashingStrategy.appendCollectionToHasherKeepingOrder(Lorg/gradle/internal/hash/Hasher;Ljava/util/Collection;)V @ 1 c2
Event: 64.063 Thread 0x0000019bafd1dd70 DEOPT PACKING pc=0x0000019b87ae37d8 sp=0x00000070716f7610
Event: 64.063 Thread 0x0000019bafd1dd70 DEOPT UNPACKING pc=0x0000019b87584402 sp=0x00000070716f75d0 mode 2

Classes loaded (20 events):
Event: 58.431 Loading class sun/security/ssl/PreSharedKeyExtension$SHPreSharedKeySpec
Event: 58.431 Loading class sun/security/ssl/PreSharedKeyExtension$SHPreSharedKeySpec done
Event: 58.623 Loading class java/util/Collections$2
Event: 58.624 Loading class java/util/Collections$2 done
Event: 59.761 Loading class com/sun/org/apache/xerces/internal/dom/DeferredCommentImpl
Event: 59.761 Loading class com/sun/org/apache/xerces/internal/dom/CommentImpl
Event: 59.762 Loading class com/sun/org/apache/xerces/internal/dom/CommentImpl done
Event: 59.762 Loading class com/sun/org/apache/xerces/internal/dom/DeferredCommentImpl done
Event: 60.568 Loading class sun/reflect/ReflectionFactory
Event: 60.568 Loading class sun/reflect/ReflectionFactory done
Event: 60.568 Loading class sun/reflect/ReflectionFactory$1
Event: 60.568 Loading class sun/reflect/ReflectionFactory$1 done
Event: 61.326 Loading class java/util/stream/SortedOps$SizedRefSortingSink
Event: 61.327 Loading class java/util/stream/SortedOps$SizedRefSortingSink done
Event: 61.945 Loading class sun/security/ssl/Alert
Event: 61.946 Loading class sun/security/ssl/Alert done
Event: 61.950 Loading class sun/security/ssl/Alert$AlertConsumer
Event: 61.950 Loading class sun/security/ssl/Alert$AlertConsumer done
Event: 61.950 Loading class sun/security/ssl/Alert$Level
Event: 61.950 Loading class sun/security/ssl/Alert$Level done

Classes unloaded (3 events):
Event: 45.697 Thread 0x0000019bffa29cd0 Unloading class 0x0000019b9066c928 '_BuildScript_$_run_closure2'
Event: 45.697 Thread 0x0000019bffa29cd0 Unloading class 0x0000019b9066c538 '_BuildScript_$_run_closure1'
Event: 45.697 Thread 0x0000019bffa29cd0 Unloading class 0x0000019b9066c000 '_BuildScript_'

Classes redefined (0 events):
No events

Internal exceptions (20 events):
Event: 54.546 Thread 0x0000019bafd1dd70 Exception <a 'java/lang/NoSuchMethodError'{0x000000008b9cdef0}: 'java.lang.Object java.lang.invoke.DirectMethodHandle$Holder.newInvokeSpecial(java.lang.Object, java.lang.Object, java.lang.Object, java.lang.Object, java.lang.Object, long)'> (0x000000008b9cdef0) 
thrown [s\open\src\hotspot\share\interpreter\linkResolver.cpp, line 796]
Event: 54.546 Thread 0x0000019bafd1dd70 Exception <a 'java/lang/NoSuchMethodError'{0x000000008b9d34f8}: 'java.lang.Object java.lang.invoke.DirectMethodHandle$Holder.invokeSpecial(java.lang.Object, java.lang.Object, java.lang.Object, java.lang.Object, java.lang.Object, java.lang.Object, long)'> (0x000000008b9d34f8) 
thrown [s\open\src\hotspot\share\interpreter\linkResolver.cpp, line 796]
Event: 54.546 Thread 0x0000019bafd1dd70 Exception <a 'java/lang/NoSuchMethodError'{0x000000008b9d8270}: 'java.lang.Object java.lang.invoke.Invokers$Holder.linkToTargetMethod(java.lang.Object, java.lang.Object, java.lang.Object, java.lang.Object, long, java.lang.Object)'> (0x000000008b9d8270) 
thrown [s\open\src\hotspot\share\interpreter\linkResolver.cpp, line 796]
Event: 54.550 Thread 0x0000019bafd1dd70 Exception <a 'java/lang/NoSuchMethodError'{0x000000008b825938}: 'java.lang.Object java.lang.invoke.DirectMethodHandle$Holder.newInvokeSpecial(java.lang.Object, java.lang.Object, java.lang.Object, long)'> (0x000000008b825938) 
thrown [s\open\src\hotspot\share\interpreter\linkResolver.cpp, line 796]
Event: 54.550 Thread 0x0000019bafd1dd70 Exception <a 'java/lang/NoSuchMethodError'{0x000000008b82a690}: 'java.lang.Object java.lang.invoke.Invokers$Holder.linkToTargetMethod(java.lang.Object, java.lang.Object, long, java.lang.Object)'> (0x000000008b82a690) 
thrown [s\open\src\hotspot\share\interpreter\linkResolver.cpp, line 796]
Event: 54.635 Thread 0x0000019bafd1dd70 Implicit null exception at 0x0000019b87f5fdd0 to 0x0000019b87f60298
Event: 54.739 Thread 0x0000019bafd1dd70 Exception <a 'java/lang/NoSuchMethodError'{0x000000008ae97f70}: 'java.lang.Object java.lang.invoke.DirectMethodHandle$Holder.newInvokeSpecial(java.lang.Object, int, java.lang.Object)'> (0x000000008ae97f70) 
thrown [s\open\src\hotspot\share\interpreter\linkResolver.cpp, line 796]
Event: 55.009 Thread 0x0000019bafd1dd70 Exception <a 'sun/nio/fs/WindowsException'{0x0000000089f18d28}> (0x0000000089f18d28) 
thrown [s\open\src\hotspot\share\prims\jni.cpp, line 520]
Event: 57.621 Thread 0x0000019bafd1dd70 Exception <a 'java/lang/NoSuchMethodError'{0x00000000884786a0}: 'int java.lang.invoke.DirectMethodHandle$Holder.invokeSpecial(java.lang.Object, java.lang.Object, int)'> (0x00000000884786a0) 
thrown [s\open\src\hotspot\share\interpreter\linkResolver.cpp, line 796]
Event: 57.899 Thread 0x0000019bafd1dd70 Exception <a 'java/lang/NoSuchMethodError'{0x0000000087e9bc98}: 'java.lang.Object java.lang.invoke.DirectMethodHandle$Holder.invokeSpecial(java.lang.Object, java.lang.Object, java.lang.Object, java.lang.Object, java.lang.Object, long)'> (0x0000000087e9bc98) 
thrown [s\open\src\hotspot\share\interpreter\linkResolver.cpp, line 796]
Event: 57.901 Thread 0x0000019bafd1dd70 Exception <a 'java/lang/NoSuchMethodError'{0x0000000087ec2a98}: 'void java.lang.invoke.DirectMethodHandle$Holder.invokeStatic(java.lang.Object, java.lang.Object, java.lang.Object, int, java.lang.Object)'> (0x0000000087ec2a98) 
thrown [s\open\src\hotspot\share\interpreter\linkResolver.cpp, line 796]
Event: 57.926 Thread 0x0000019bafd1dd70 Exception <a 'java/lang/NoSuchMethodError'{0x0000000087c0f118}: 'int java.lang.invoke.DirectMethodHandle$Holder.invokeInterface(java.lang.Object, java.lang.Object, java.lang.Object, java.lang.Object, java.lang.Object)'> (0x0000000087c0f118) 
thrown [s\open\src\hotspot\share\interpreter\linkResolver.cpp, line 796]
Event: 58.225 Thread 0x0000019bafd1dd70 Exception <a 'java/lang/NoSuchMethodError'{0x0000000087a2ddb0}: 'java.lang.Object java.lang.invoke.DirectMethodHandle$Holder.invokeSpecial(java.lang.Object, java.lang.Object, long, java.lang.Object, java.lang.Object)'> (0x0000000087a2ddb0) 
thrown [s\open\src\hotspot\share\interpreter\linkResolver.cpp, line 796]
Event: 60.431 Thread 0x0000019bafd1dd70 Exception <a 'java/lang/IncompatibleClassChangeError'{0x0000000087436c78}: Found class java.lang.Object, but interface was expected> (0x0000000087436c78) 
thrown [s\open\src\hotspot\share\interpreter\linkResolver.cpp, line 863]
Event: 60.574 Thread 0x0000019bafd1dd70 Exception <a 'java/lang/NoSuchMethodError'{0x000000008711f430}: 'java.lang.Object java.lang.invoke.DirectMethodHandle$Holder.newInvokeSpecial(java.lang.Object, java.lang.Object, java.lang.Object, java.lang.Object, int, java.lang.Object)'> (0x000000008711f430) 
thrown [s\open\src\hotspot\share\interpreter\linkResolver.cpp, line 796]
Event: 60.574 Thread 0x0000019bafd1dd70 Exception <a 'java/lang/NoSuchMethodError'{0x00000000871281c0}: 'java.lang.Object java.lang.invoke.Invokers$Holder.linkToTargetMethod(java.lang.Object, java.lang.Object, java.lang.Object, int, java.lang.Object, java.lang.Object)'> (0x00000000871281c0) 
thrown [s\open\src\hotspot\share\interpreter\linkResolver.cpp, line 796]
Event: 60.773 Thread 0x0000019bafd1dd70 Exception <a 'java/lang/NoSuchMethodError'{0x0000000097ae7420}: 'java.lang.Object java.lang.invoke.DirectMethodHandle$Holder.invokeSpecialIFC(java.lang.Object, java.lang.Object, java.lang.Object)'> (0x0000000097ae7420) 
thrown [s\open\src\hotspot\share\interpreter\linkResolver.cpp, line 796]
Event: 60.915 Thread 0x0000019bb556f820 Exception <a 'sun/nio/fs/WindowsException'{0x000000009775e8e0}> (0x000000009775e8e0) 
thrown [s\open\src\hotspot\share\prims\jni.cpp, line 520]
Event: 60.953 Thread 0x0000019bafd1dd70 Exception <a 'sun/nio/fs/WindowsException'{0x00000000977d99f0}> (0x00000000977d99f0) 
thrown [s\open\src\hotspot\share\prims\jni.cpp, line 520]
Event: 61.951 Thread 0x0000019bffa44b50 Implicit null exception at 0x0000019b87cd67db to 0x0000019b87cd68a4

VM Operations (20 events):
Event: 63.121 Executing VM operation: G1PauseCleanup
Event: 63.121 Executing VM operation: G1PauseCleanup done
Event: 63.298 Executing VM operation: G1CollectForAllocation (G1 Evacuation Pause)
Event: 63.304 Executing VM operation: G1CollectForAllocation (G1 Evacuation Pause) done
Event: 63.745 Executing VM operation: G1CollectForAllocation (G1 Evacuation Pause)
Event: 63.747 Executing VM operation: G1CollectForAllocation (G1 Evacuation Pause) done
Event: 63.991 Executing VM operation: HandshakeAllThreads (Deoptimize)
Event: 63.991 Executing VM operation: HandshakeAllThreads (Deoptimize) done
Event: 63.994 Executing VM operation: HandshakeAllThreads (Deoptimize)
Event: 63.994 Executing VM operation: HandshakeAllThreads (Deoptimize) done
Event: 64.002 Executing VM operation: HandshakeAllThreads (Deoptimize)
Event: 64.002 Executing VM operation: HandshakeAllThreads (Deoptimize) done
Event: 64.007 Executing VM operation: HandshakeAllThreads (Deoptimize)
Event: 64.007 Executing VM operation: HandshakeAllThreads (Deoptimize) done
Event: 64.011 Executing VM operation: HandshakeAllThreads (Deoptimize)
Event: 64.011 Executing VM operation: HandshakeAllThreads (Deoptimize) done
Event: 64.040 Executing VM operation: HandshakeAllThreads (Deoptimize)
Event: 64.041 Executing VM operation: HandshakeAllThreads (Deoptimize) done
Event: 64.059 Executing VM operation: HandshakeAllThreads (Deoptimize)
Event: 64.060 Executing VM operation: HandshakeAllThreads (Deoptimize) done

Memory protections (0 events):
No events

Nmethod flushes (20 events):
Event: 63.079 Thread 0x0000019bffa29cd0 flushing  nmethod 0x0000019b808d8608
Event: 63.079 Thread 0x0000019bffa29cd0 flushing  nmethod 0x0000019b808d8e88
Event: 63.079 Thread 0x0000019bffa29cd0 flushing  nmethod 0x0000019b808d9a08
Event: 63.079 Thread 0x0000019bffa29cd0 flushing  nmethod 0x0000019b808da008
Event: 63.079 Thread 0x0000019bffa29cd0 flushing  nmethod 0x0000019b808db608
Event: 63.079 Thread 0x0000019bffa29cd0 flushing  nmethod 0x0000019b80901388
Event: 63.079 Thread 0x0000019bffa29cd0 flushing  nmethod 0x0000019b80903088
Event: 63.079 Thread 0x0000019bffa29cd0 flushing  nmethod 0x0000019b80903388
Event: 63.079 Thread 0x0000019bffa29cd0 flushing  nmethod 0x0000019b80904788
Event: 63.079 Thread 0x0000019bffa29cd0 flushing  nmethod 0x0000019b80904c08
Event: 63.079 Thread 0x0000019bffa29cd0 flushing  nmethod 0x0000019b80904f88
Event: 63.079 Thread 0x0000019bffa29cd0 flushing  nmethod 0x0000019b80905388
Event: 63.079 Thread 0x0000019bffa29cd0 flushing  nmethod 0x0000019b80905a08
Event: 63.079 Thread 0x0000019bffa29cd0 flushing  nmethod 0x0000019b80908108
Event: 63.079 Thread 0x0000019bffa29cd0 flushing  nmethod 0x0000019b80909188
Event: 63.079 Thread 0x0000019bffa29cd0 flushing  nmethod 0x0000019b80909788
Event: 63.079 Thread 0x0000019bffa29cd0 flushing  nmethod 0x0000019b80909b88
Event: 63.079 Thread 0x0000019bffa29cd0 flushing  nmethod 0x0000019b8096a708
Event: 63.079 Thread 0x0000019bffa29cd0 flushing  nmethod 0x0000019b80973588
Event: 63.079 Thread 0x0000019bffa29cd0 flushing  nmethod 0x0000019b809a5e88

Events (20 events):
Event: 5.904 Thread 0x0000019bafd1dd70 Thread added: 0x0000019baff4f700
Event: 7.855 Thread 0x0000019bafd1dd70 Thread added: 0x0000019baff50420
Event: 7.884 Thread 0x0000019bafd1dd70 Thread added: 0x0000019bb1f5f540
Event: 8.328 Thread 0x0000019bafd1dd70 Thread added: 0x0000019bb1f636e0
Event: 8.362 Thread 0x0000019bafd1dd70 Thread added: 0x0000019bb1f61610
Event: 8.916 Thread 0x0000019bafd1dd70 Thread added: 0x0000019bb1f5e820
Event: 8.961 Thread 0x0000019bafd1dd70 Thread added: 0x0000019bb1f63d70
Event: 9.192 Thread 0x0000019bafd1dd70 Thread added: 0x0000019bb1f5fbd0
Event: 9.352 Thread 0x0000019bafd1dd70 Thread added: 0x0000019bb1f60260
Event: 13.216 Thread 0x0000019bafd1dd70 Thread added: 0x0000019bb1f608f0
Event: 14.067 Thread 0x0000019bafd1dd70 Thread added: 0x0000019bb1f60f80
Event: 27.351 Thread 0x0000019bffa7c1f0 Thread added: 0x0000019bb39e0510
Event: 28.227 Thread 0x0000019bb39e0510 Thread exited: 0x0000019bb39e0510
Event: 60.446 Thread 0x0000019bafd1dd70 Thread added: 0x0000019bb556c3a0
Event: 60.447 Thread 0x0000019bafd1dd70 Thread added: 0x0000019bb5570540
Event: 60.606 Thread 0x0000019bafd1dd70 Thread added: 0x0000019bb556feb0
Event: 60.609 Thread 0x0000019bafd1dd70 Thread added: 0x0000019bb556eb00
Event: 60.774 Thread 0x0000019bafd1dd70 Thread added: 0x0000019bb556f190
Event: 60.776 Thread 0x0000019bafd1dd70 Thread added: 0x0000019bb556f820
Event: 63.960 Thread 0x0000019bafd1dd70 Thread added: 0x0000019bb5570bd0


Dynamic libraries:
0x00007ff7ec140000 - 0x00007ff7ec150000 	C:\Program Files\Java\jdk-23\bin\java.exe
0x00007ffe95fd0000 - 0x00007ffe961c8000 	C:\Windows\SYSTEM32\ntdll.dll
0x00007ffe94ba0000 - 0x00007ffe94c62000 	C:\Windows\System32\KERNEL32.DLL
0x00007ffe93980000 - 0x00007ffe93c7f000 	C:\Windows\System32\KERNELBASE.dll
0x00007ffe93730000 - 0x00007ffe93830000 	C:\Windows\System32\ucrtbase.dll
0x00007ffe834b0000 - 0x00007ffe834cb000 	C:\Program Files\Java\jdk-23\bin\VCRUNTIME140.dll
0x00007ffe83810000 - 0x00007ffe83827000 	C:\Program Files\Java\jdk-23\bin\jli.dll
0x00007ffe95060000 - 0x00007ffe951fd000 	C:\Windows\System32\USER32.dll
0x00007ffe93700000 - 0x00007ffe93722000 	C:\Windows\System32\win32u.dll
0x00007ffe94c90000 - 0x00007ffe94cbb000 	C:\Windows\System32\GDI32.dll
0x00007ffe93de0000 - 0x00007ffe93efa000 	C:\Windows\System32\gdi32full.dll
0x00007ffe93830000 - 0x00007ffe938cd000 	C:\Windows\System32\msvcp_win.dll
0x00007ffe7cff0000 - 0x00007ffe7d28a000 	C:\Windows\WinSxS\amd64_microsoft.windows.common-controls_6595b64144ccf1df_6.0.19041.4355_none_60b8b9eb71f62e16\COMCTL32.dll
0x00007ffe94500000 - 0x00007ffe9459e000 	C:\Windows\System32\msvcrt.dll
0x00007ffe95db0000 - 0x00007ffe95ddf000 	C:\Windows\System32\IMM32.DLL
0x00007ffe8e5b0000 - 0x00007ffe8e5bc000 	C:\Program Files\Java\jdk-23\bin\vcruntime140_1.dll
0x00007ffe68600000 - 0x00007ffe6868e000 	C:\Program Files\Java\jdk-23\bin\msvcp140.dll
0x00007ffe2b4e0000 - 0x00007ffe2c230000 	C:\Program Files\Java\jdk-23\bin\server\jvm.dll
0x00007ffe95de0000 - 0x00007ffe95e8f000 	C:\Windows\System32\ADVAPI32.dll
0x00007ffe95e90000 - 0x00007ffe95f2f000 	C:\Windows\System32\sechost.dll
0x00007ffe94f30000 - 0x00007ffe95053000 	C:\Windows\System32\RPCRT4.dll
0x00007ffe93f00000 - 0x00007ffe93f27000 	C:\Windows\System32\bcrypt.dll
0x00007ffe95200000 - 0x00007ffe9526b000 	C:\Windows\System32\WS2_32.dll
0x00007ffe934d0000 - 0x00007ffe9351b000 	C:\Windows\SYSTEM32\POWRPROF.dll
0x00007ffe7e9a0000 - 0x00007ffe7e9c7000 	C:\Windows\SYSTEM32\WINMM.dll
0x00007ffe8e860000 - 0x00007ffe8e86a000 	C:\Windows\SYSTEM32\VERSION.dll
0x00007ffe934b0000 - 0x00007ffe934c2000 	C:\Windows\SYSTEM32\UMPDC.dll
0x00007ffe91510000 - 0x00007ffe91522000 	C:\Windows\SYSTEM32\kernel.appcore.dll
0x00007ffe83800000 - 0x00007ffe8380a000 	C:\Program Files\Java\jdk-23\bin\jimage.dll
0x00007ffe730a0000 - 0x00007ffe73284000 	C:\Windows\SYSTEM32\DBGHELP.DLL
0x00007ffe73060000 - 0x00007ffe73094000 	C:\Windows\SYSTEM32\dbgcore.DLL
0x00007ffe93670000 - 0x00007ffe936f2000 	C:\Windows\System32\bcryptPrimitives.dll
0x00007ffe77210000 - 0x00007ffe7721f000 	C:\Program Files\Java\jdk-23\bin\instrument.dll
0x00007ffe72dd0000 - 0x00007ffe72dee000 	C:\Program Files\Java\jdk-23\bin\java.dll
0x00007ffe95ad0000 - 0x00007ffe95bfb000 	C:\Windows\System32\ole32.dll
0x00007ffe94130000 - 0x00007ffe94485000 	C:\Windows\System32\combase.dll
0x00007ffe952d0000 - 0x00007ffe95a3d000 	C:\Windows\System32\SHELL32.dll
0x00007ffe91710000 - 0x00007ffe91eb4000 	C:\Windows\SYSTEM32\windows.storage.dll
0x00007ffe92fd0000 - 0x00007ffe92fff000 	C:\Windows\SYSTEM32\Wldp.dll
0x00007ffe94650000 - 0x00007ffe9471d000 	C:\Windows\System32\OLEAUT32.dll
0x00007ffe945a0000 - 0x00007ffe9464d000 	C:\Windows\System32\SHCORE.dll
0x00007ffe95f30000 - 0x00007ffe95f85000 	C:\Windows\System32\shlwapi.dll
0x00007ffe935a0000 - 0x00007ffe935c4000 	C:\Windows\SYSTEM32\profapi.dll
0x00007ffe68220000 - 0x00007ffe682f7000 	C:\Program Files\Java\jdk-23\bin\jsvml.dll
0x00007ffe72900000 - 0x00007ffe72917000 	C:\Program Files\Java\jdk-23\bin\zip.dll
0x00007ffe834a0000 - 0x00007ffe834b0000 	C:\Program Files\Java\jdk-23\bin\net.dll
0x00007ffe92d30000 - 0x00007ffe92d9c000 	C:\Windows\system32\mswsock.dll
0x00007ffe72db0000 - 0x00007ffe72dc6000 	C:\Program Files\Java\jdk-23\bin\nio.dll
0x00007ffe76700000 - 0x00007ffe76710000 	C:\Program Files\Java\jdk-23\bin\verify.dll
0x00007ffe8a840000 - 0x00007ffe8a867000 	C:\Users\admin\.gradle\native\c067742578af261105cb4f569cf0c3c89f3d7b1fecec35dd04571415982c5e48\windows-amd64\native-platform.dll
0x00007ffe683d0000 - 0x00007ffe68514000 	C:\Users\admin\.gradle\native\100fb08df4bc3b14c8652ba06237920a3bd2aa13389f12d3474272988ae205f9\windows-amd64\native-platform-file-events.dll
0x00007ffe8a830000 - 0x00007ffe8a83a000 	C:\Program Files\Java\jdk-23\bin\management.dll
0x00007ffe77230000 - 0x00007ffe7723b000 	C:\Program Files\Java\jdk-23\bin\management_ext.dll
0x00007ffe95a40000 - 0x00007ffe95a48000 	C:\Windows\System32\PSAPI.DLL
0x00007ffe92f30000 - 0x00007ffe92f48000 	C:\Windows\SYSTEM32\CRYPTSP.dll
0x00007ffe92650000 - 0x00007ffe92684000 	C:\Windows\system32\rsaenh.dll
0x00007ffe93520000 - 0x00007ffe9354e000 	C:\Windows\SYSTEM32\USERENV.dll
0x00007ffe92f20000 - 0x00007ffe92f2c000 	C:\Windows\SYSTEM32\CRYPTBASE.dll
0x00007ffe92a10000 - 0x00007ffe92a4b000 	C:\Windows\SYSTEM32\IPHLPAPI.DLL
0x00007ffe94490000 - 0x00007ffe94498000 	C:\Windows\System32\NSI.dll
0x00007ffe77220000 - 0x00007ffe77229000 	C:\Program Files\Java\jdk-23\bin\extnet.dll
0x00007ffe77200000 - 0x00007ffe7720e000 	C:\Program Files\Java\jdk-23\bin\sunmscapi.dll
0x00007ffe93c80000 - 0x00007ffe93ddc000 	C:\Windows\System32\CRYPT32.dll
0x00007ffe93040000 - 0x00007ffe93067000 	C:\Windows\SYSTEM32\ncrypt.dll
0x00007ffe93000000 - 0x00007ffe9303b000 	C:\Windows\SYSTEM32\NTASN1.dll
0x00007ffe771f0000 - 0x00007ffe771f7000 	C:\Windows\system32\wshunix.dll
0x00007ffe92a50000 - 0x00007ffe92b1a000 	C:\Windows\SYSTEM32\DNSAPI.dll
0x00007ffe83d80000 - 0x00007ffe83d8a000 	C:\Windows\System32\rasadhlp.dll
0x00007ffe8cbc0000 - 0x00007ffe8cc40000 	C:\Windows\System32\fwpuclnt.dll

dbghelp: loaded successfully - version: 4.0.5 - missing functions: none
symbol engine: initialized successfully - sym options: 0x614 - pdb path: .;C:\Program Files\Java\jdk-23\bin;C:\Windows\SYSTEM32;C:\Windows\WinSxS\amd64_microsoft.windows.common-controls_6595b64144ccf1df_6.0.19041.4355_none_60b8b9eb71f62e16;C:\Program Files\Java\jdk-23\bin\server;C:\Users\admin\.gradle\native\c067742578af261105cb4f569cf0c3c89f3d7b1fecec35dd04571415982c5e48\windows-amd64;C:\Users\admin\.gradle\native\100fb08df4bc3b14c8652ba06237920a3bd2aa13389f12d3474272988ae205f9\windows-amd64

VM Arguments:
jvm_args: -XX:MaxMetaspaceSize=512m --add-opens=java.base/java.util=ALL-UNNAMED --add-opens=java.base/java.lang=ALL-UNNAMED --add-opens=java.base/java.lang.invoke=ALL-UNNAMED --add-opens=java.prefs/java.util.prefs=ALL-UNNAMED --add-exports=jdk.compiler/com.sun.tools.javac.api=ALL-UNNAMED --add-exports=jdk.compiler/com.sun.tools.javac.util=ALL-UNNAMED --add-opens=java.base/java.nio.charset=ALL-UNNAMED --add-opens=java.base/java.net=ALL-UNNAMED --add-opens=java.base/java.util.concurrent.atomic=ALL-UNNAMED -Xmx2048m -Dfile.encoding=UTF-8 -Duser.country=US -Duser.language=en -Duser.variant -javaagent:C:\Users\admin\.gradle\wrapper\dists\gradle-8.10.2-all\7iv73wktx1xtkvlq19urqw1wm\gradle-8.10.2\lib\agents\gradle-instrumentation-agent-8.10.2.jar 
java_command: org.gradle.launcher.daemon.bootstrap.GradleDaemon 8.10.2
java_class_path (initial): C:\Users\admin\.gradle\wrapper\dists\gradle-8.10.2-all\7iv73wktx1xtkvlq19urqw1wm\gradle-8.10.2\lib\gradle-daemon-main-8.10.2.jar
Launcher Type: SUN_STANDARD

[Global flags]
     intx CICompilerCount                          = 3                                         {product} {ergonomic}
   size_t CompressedClassSpaceSize                 = 436207616                                 {product} {ergonomic}
     uint ConcGCThreads                            = 1                                         {product} {ergonomic}
     uint G1ConcRefinementThreads                  = 4                                         {product} {ergonomic}
   size_t G1HeapRegionSize                         = 1048576                                   {product} {ergonomic}
   size_t InitialHeapSize                          = 134217728                                 {product} {ergonomic}
   size_t MarkStackSize                            = 4194304                                   {product} {ergonomic}
   size_t MarkStackSizeMax                         = 536870912                                 {product} {ergonomic}
   size_t MaxHeapSize                              = 2147483648                                {product} {command line}
   size_t MaxMetaspaceSize                         = 536870912                                 {product} {command line}
   size_t MaxNewSize                               = 1287651328                                {product} {ergonomic}
   size_t MinHeapDeltaBytes                        = 1048576                                   {product} {ergonomic}
   size_t MinHeapSize                              = 8388608                                   {product} {ergonomic}
    uintx NonNMethodCodeHeapSize                   = 5832704                                {pd product} {ergonomic}
    uintx NonProfiledCodeHeapSize                  = 122945536                              {pd product} {ergonomic}
    uintx ProfiledCodeHeapSize                     = 122880000                              {pd product} {ergonomic}
    uintx ReservedCodeCacheSize                    = 251658240                              {pd product} {ergonomic}
     bool SegmentedCodeCache                       = true                                      {product} {ergonomic}
   size_t SoftMaxHeapSize                          = 2147483648                             {manageable} {ergonomic}
     bool UseCompressedOops                        = true                           {product lp64_product} {ergonomic}
     bool UseG1GC                                  = true                                      {product} {ergonomic}
     bool UseLargePagesIndividualAllocation        = false                                  {pd product} {ergonomic}

Logging:
Log output configuration:
 #0: stdout all=warning uptime,level,tags foldmultilines=false
 #1: stderr all=off uptime,level,tags foldmultilines=false

Environment Variables:
JAVA_HOME=C:\Program Files\Java\jdk-23
CLASSPATH=C:\Users\admin\Desktop\Office Work\AkalSewa\android\\gradle\wrapper\gradle-wrapper.jar
PATH=C:\Users\admin\Desktop\Office Work\AkalSewa\node_modules\.bin;C:\Users\admin\Desktop\Office Work\AkalSewa\node_modules\.bin;C:\Users\admin\Desktop\Office Work\node_modules\.bin;C:\Users\admin\Desktop\node_modules\.bin;C:\Users\admin\node_modules\.bin;C:\Users\node_modules\.bin;C:\node_modules\.bin;C:\Program Files\nodejs\node_modules\npm\node_modules\@npmcli\run-script\lib\node-gyp-bin;C:\Program Files\Common Files\Oracle\Java\javapath;C:\Python313\Scripts\;C:\Python313\;C:\Windows\system32;C:\Windows;C:\Windows\System32\Wbem;C:\Windows\System32\WindowsPowerShell\v1.0\;C:\Windows\System32\OpenSSH\;C:\Program Files\nodejs\;C:\ProgramData\chocolatey\bin;C:\Users\admin\AppData\Local\Microsoft\WindowsApps;C:\Users\admin\AppData\Local\Programs\Microsoft VS Code\bin;C:\Users\admin\AppData\Roaming\npm;C:\Users\admin\AppData\Local\Android\Sdk\platform-tools;C:\Users\admin\AppData\Local\Android\Sdk;
USERNAME=admin
LANG=en_US.UTF-8
OS=Windows_NT
PROCESSOR_IDENTIFIER=Intel64 Family 6 Model 158 Stepping 9, GenuineIntel
TMP=C:\Users\admin\AppData\Local\Temp
TEMP=C:\Users\admin\AppData\Local\Temp




Periodic native trim disabled

---------------  S Y S T E M  ---------------

OS:
 Windows 10 , 64 bit Build 19041 (10.0.19041.5438)
OS uptime: 0 days 0:14 hours

CPU: total 4 (initial active 4) (4 cores per cpu, 1 threads per core) family 6 model 158 stepping 9 microcode 0xf4, cx8, cmov, fxsr, mmx, 3dnowpref, sse, sse2, sse3, ssse3, sse4.1, sse4.2, popcnt, lzcnt, tsc, tscinvbit, avx, avx2, aes, erms, clmul, bmi1, bmi2, adx, fma, vzeroupper, clflush, clflushopt, rdtscp, f16c
Processor Information for the first 4 processors :
  Max Mhz: 3000, Current Mhz: 3000, Mhz Limit: 3000

Memory: 4k page, system-wide physical 8083M (118M free)
TotalPageFile size 11240M (AvailPageFile size 0M)
current process WorkingSet (physical memory assigned to process): 540M, peak: 540M
current process commit charge ("private bytes"): 622M, peak: 631M

vm_info: Java HotSpot(TM) 64-Bit Server VM (23.0.2+7-58) for windows-amd64 JRE (23.0.2+7-58), built on 2024-11-29T09:34:55Z with MS VC++ 17.6 (VS2022)

END.
