#
# There is insufficient memory for the Java Runtime Environment to continue.
# Native memory allocation (mmap) failed to map 31457280 bytes. Error detail: G1 virtual space
# Possible reasons:
#   The system is out of physical RAM or swap space
#   This process is running with CompressedOops enabled, and the Java Heap may be blocking the growth of the native heap
# Possible solutions:
#   Reduce memory load on the system
#   Increase physical memory or swap space
#   Check if swap backing store is full
#   Decrease Java heap size (-Xmx/-Xms)
#   Decrease number of Java threads
#   Decrease Java thread stack sizes (-Xss)
#   Set larger code cache with -XX:ReservedCodeCacheSize=
#   JVM is running with Unscaled Compressed Oops mode in which the Java heap is
#     placed in the first 4GB address space. The Java Heap base address is the
#     maximum limit for the native heap growth. Please use -XX:HeapBaseMinAddress
#     to set the Java Heap base and to place the Java Heap above 4GB virtual address.
# This output file may be truncated or incomplete.
#
#  Out of Memory Error (os_windows.cpp:3707), pid=5768, tid=10028
#
# JRE version: Java(TM) SE Runtime Environment (23.0.2+7) (build 23.0.2+7-58)
# Java VM: Java HotSpot(TM) 64-Bit Server VM (23.0.2+7-58, mixed mode, sharing, tiered, compressed oops, compressed class ptrs, g1 gc, windows-amd64)
# No core dump will be written. Minidumps are not enabled by default on client versions of Windows
#

---------------  S U M M A R Y ------------

Command Line: -XX:MaxMetaspaceSize=512m --add-opens=java.base/java.util=ALL-UNNAMED --add-opens=java.base/java.lang=ALL-UNNAMED --add-opens=java.base/java.lang.invoke=ALL-UNNAMED --add-opens=java.prefs/java.util.prefs=ALL-UNNAMED --add-exports=jdk.compiler/com.sun.tools.javac.api=ALL-UNNAMED --add-exports=jdk.compiler/com.sun.tools.javac.util=ALL-UNNAMED --add-opens=java.base/java.nio.charset=ALL-UNNAMED --add-opens=java.base/java.net=ALL-UNNAMED --add-opens=java.base/java.util.concurrent.atomic=ALL-UNNAMED -Xmx2048m -Dfile.encoding=UTF-8 -Duser.country=US -Duser.language=en -Duser.variant -javaagent:C:\Users\admin\.gradle\wrapper\dists\gradle-8.10.2-all\7iv73wktx1xtkvlq19urqw1wm\gradle-8.10.2\lib\agents\gradle-instrumentation-agent-8.10.2.jar org.gradle.launcher.daemon.bootstrap.GradleDaemon 8.10.2

Host: Intel(R) Core(TM) i5-7400 CPU @ 3.00GHz, 4 cores, 7G,  Windows 10 , 64 bit Build 19041 (10.0.19041.5438)
Time: Wed Feb 26 13:06:05 2025 India Standard Time elapsed time: 16.744619 seconds (0d 0h 0m 16s)

---------------  T H R E A D  ---------------

Current thread (0x00000116765abee0):  VMThread "VM Thread"          [id=10028, stack(0x00000015c3c00000,0x00000015c3d00000) (1024K)]

Stack: [0x00000015c3c00000,0x00000015c3d00000]
Native frames: (J=compiled Java code, j=interpreted, Vv=VM code, C=native code)
V  [jvm.dll+0x6e0b99]  (no source info available)
V  [jvm.dll+0x87e2b3]  (no source info available)
V  [jvm.dll+0x88073e]  (no source info available)
V  [jvm.dll+0x880e13]  (no source info available)
V  [jvm.dll+0x27b006]  (no source info available)
V  [jvm.dll+0x6dd485]  (no source info available)
V  [jvm.dll+0x6d127a]  (no source info available)
V  [jvm.dll+0x35b50a]  (no source info available)
V  [jvm.dll+0x363916]  (no source info available)
V  [jvm.dll+0x34fe7e]  (no source info available)
V  [jvm.dll+0x350118]  (no source info available)
V  [jvm.dll+0x328aec]  (no source info available)
V  [jvm.dll+0x328b7a]  (no source info available)
V  [jvm.dll+0x374db2]  (no source info available)
V  [jvm.dll+0x3734b2]  (no source info available)
V  [jvm.dll+0x3282c7]  (no source info available)
V  [jvm.dll+0x372c64]  (no source info available)
V  [jvm.dll+0x886d50]  (no source info available)
V  [jvm.dll+0x888077]  (no source info available)
V  [jvm.dll+0x8885a8]  (no source info available)
V  [jvm.dll+0x888843]  (no source info available)
V  [jvm.dll+0x8254cb]  (no source info available)
V  [jvm.dll+0x6df345]  (no source info available)
C  [ucrtbase.dll+0x21bb2]  (no source info available)
C  [KERNEL32.DLL+0x17374]  (no source info available)
C  [ntdll.dll+0x4cc91]  (no source info available)

VM_Operation (0x00000015c70fcd90): G1CollectForAllocation, mode: safepoint, requested by thread 0x000001163065af20


---------------  P R O C E S S  ---------------

Threads class SMR info:
_java_thread_list=0x0000011631b7c8c0, length=49, elements={
0x0000011666f064d0, 0x00000116765c3860, 0x00000116765c4d90, 0x00000116765c6f70,
0x00000116765c9d60, 0x00000116765ca7c0, 0x00000116765cd230, 0x00000116765d98e0,
0x00000116765dc3a0, 0x000001162e0aa3f0, 0x000001162e0ab110, 0x000001162e0aaa80,
0x000001162e0ac4c0, 0x000001162e0acb50, 0x000001162e0ab7a0, 0x000001162e0a96d0,
0x000001162ff6ed70, 0x000001162ff6abd0, 0x000001162ff6b260, 0x000001162ff6d9c0,
0x000001162ff6bf80, 0x000001162ff6c610, 0x000001162ff6cca0, 0x000001162ff6fa90,
0x000001162ff70120, 0x000001162ff6a540, 0x000001162ff6e050, 0x000001162ff6d330,
0x000001162ff70e40, 0x000001162ff71b60, 0x0000011632557080, 0x0000011632557710,
0x0000011632558430, 0x0000011632558ac0, 0x00000116304a1c50, 0x00000116304a3000,
0x000001163049ee60, 0x00000116304a22e0, 0x00000116304a08a0, 0x00000116304a0210,
0x000001162f708ff0, 0x0000011641c5fca0, 0x0000011641c60330, 0x0000011641c5c820,
0x0000011641c61050, 0x0000011641c5ceb0, 0x0000011641c5d540, 0x000001163bfc82d0,
0x000001163065af20
}

Java Threads: ( => current thread )
  0x0000011666f064d0 JavaThread "main"                              [_thread_blocked, id=5404, stack(0x00000015c3500000,0x00000015c3600000) (1024K)]
  0x00000116765c3860 JavaThread "Reference Handler"          daemon [_thread_blocked, id=7332, stack(0x00000015c3d00000,0x00000015c3e00000) (1024K)]
  0x00000116765c4d90 JavaThread "Finalizer"                  daemon [_thread_blocked, id=2956, stack(0x00000015c3e00000,0x00000015c3f00000) (1024K)]
  0x00000116765c6f70 JavaThread "Signal Dispatcher"          daemon [_thread_blocked, id=4940, stack(0x00000015c3f00000,0x00000015c4000000) (1024K)]
  0x00000116765c9d60 JavaThread "Attach Listener"            daemon [_thread_blocked, id=6864, stack(0x00000015c4000000,0x00000015c4100000) (1024K)]
  0x00000116765ca7c0 JavaThread "Service Thread"             daemon [_thread_blocked, id=3228, stack(0x00000015c4100000,0x00000015c4200000) (1024K)]
  0x00000116765cd230 JavaThread "Monitor Deflation Thread"   daemon [_thread_blocked, id=1152, stack(0x00000015c4200000,0x00000015c4300000) (1024K)]
  0x00000116765d98e0 JavaThread "C2 CompilerThread0"         daemon [_thread_blocked, id=2180, stack(0x00000015c4300000,0x00000015c4400000) (1024K)]
  0x00000116765dc3a0 JavaThread "C1 CompilerThread0"         daemon [_thread_blocked, id=10284, stack(0x00000015c4400000,0x00000015c4500000) (1024K)]
  0x000001162e0aa3f0 JavaThread "Common-Cleaner"             daemon [_thread_blocked, id=1644, stack(0x00000015c4500000,0x00000015c4600000) (1024K)]
  0x000001162e0ab110 JavaThread "Notification Thread"        daemon [_thread_blocked, id=6804, stack(0x00000015c4600000,0x00000015c4700000) (1024K)]
  0x000001162e0aaa80 JavaThread "Daemon health stats"               [_thread_blocked, id=3076, stack(0x00000015c4a00000,0x00000015c4b00000) (1024K)]
  0x000001162e0ac4c0 JavaThread "Incoming local TCP Connector on port 50623"        [_thread_in_native, id=11152, stack(0x00000015c4b00000,0x00000015c4c00000) (1024K)]
  0x000001162e0acb50 JavaThread "Daemon periodic checks"            [_thread_blocked, id=5056, stack(0x00000015c4c00000,0x00000015c4d00000) (1024K)]
  0x000001162e0ab7a0 JavaThread "Daemon"                            [_thread_blocked, id=6740, stack(0x00000015c4d00000,0x00000015c4e00000) (1024K)]
  0x000001162e0a96d0 JavaThread "Handler for socket connection from /127.0.0.1:50623 to /127.0.0.1:50624"        [_thread_in_native, id=2504, stack(0x00000015c4e00000,0x00000015c4f00000) (1024K)]
  0x000001162ff6ed70 JavaThread "Cancel handler"                    [_thread_blocked, id=1848, stack(0x00000015c4f00000,0x00000015c5000000) (1024K)]
  0x000001162ff6abd0 JavaThread "Daemon worker"                     [_thread_blocked, id=8752, stack(0x00000015c5000000,0x00000015c5100000) (1024K)]
  0x000001162ff6b260 JavaThread "Asynchronous log dispatcher for DefaultDaemonConnection: socket connection from /127.0.0.1:50623 to /127.0.0.1:50624"        [_thread_blocked, id=9240, stack(0x00000015c5100000,0x00000015c5200000) (1024K)]
  0x000001162ff6d9c0 JavaThread "Stdin handler"                     [_thread_blocked, id=2908, stack(0x00000015c5200000,0x00000015c5300000) (1024K)]
  0x000001162ff6bf80 JavaThread "Daemon client event forwarder"        [_thread_blocked, id=2004, stack(0x00000015c5300000,0x00000015c5400000) (1024K)]
  0x000001162ff6c610 JavaThread "Cache worker for journal cache (C:\Users\admin\.gradle\caches\journal-1)"        [_thread_blocked, id=3020, stack(0x00000015c5400000,0x00000015c5500000) (1024K)]
  0x000001162ff6cca0 JavaThread "File lock request listener"        [_thread_in_native, id=6088, stack(0x00000015c5500000,0x00000015c5600000) (1024K)]
  0x000001162ff6fa90 JavaThread "Cache worker for file hash cache (C:\Users\admin\.gradle\caches\8.10.2\fileHashes)"        [_thread_blocked, id=4988, stack(0x00000015c5600000,0x00000015c5700000) (1024K)]
  0x000001162ff70120 JavaThread "Cache worker for file hash cache (C:\Users\admin\Desktop\Office Work\AkalSewa\android\.gradle\8.10.2\fileHashes)"        [_thread_blocked, id=6388, stack(0x00000015c5700000,0x00000015c5800000) (1024K)]
  0x000001162ff6a540 JavaThread "Cache worker for Build Output Cleanup Cache (C:\Users\admin\Desktop\Office Work\AkalSewa\android\.gradle\buildOutputCleanup)"        [_thread_blocked, id=8032, stack(0x00000015c5800000,0x00000015c5900000) (1024K)]
  0x000001162ff6e050 JavaThread "File watcher server"        daemon [_thread_blocked, id=8160, stack(0x00000015c5900000,0x00000015c5a00000) (1024K)]
  0x000001162ff6d330 JavaThread "File watcher consumer"      daemon [_thread_blocked, id=7180, stack(0x00000015c5a00000,0x00000015c5b00000) (1024K)]
  0x000001162ff70e40 JavaThread "Cache worker for checksums cache (C:\Users\admin\Desktop\Office Work\AkalSewa\android\.gradle\8.10.2\checksums)"        [_thread_blocked, id=8140, stack(0x00000015c5b00000,0x00000015c5c00000) (1024K)]
  0x000001162ff71b60 JavaThread "Cache worker for file content cache (C:\Users\admin\.gradle\caches\8.10.2\fileContent)"        [_thread_blocked, id=7896, stack(0x00000015c5c00000,0x00000015c5d00000) (1024K)]
  0x0000011632557080 JavaThread "Cache worker for cache directory md-rule (C:\Users\admin\.gradle\caches\8.10.2\md-rule)"        [_thread_blocked, id=744, stack(0x00000015c5d00000,0x00000015c5e00000) (1024K)]
  0x0000011632557710 JavaThread "Cache worker for cache directory md-supplier (C:\Users\admin\.gradle\caches\8.10.2\md-supplier)"        [_thread_blocked, id=11172, stack(0x00000015c5e00000,0x00000015c5f00000) (1024K)]
  0x0000011632558430 JavaThread "jar transforms"                    [_thread_blocked, id=9492, stack(0x00000015c5f00000,0x00000015c6000000) (1024K)]
  0x0000011632558ac0 JavaThread "Cache worker for Build Output Cleanup Cache (C:\Users\admin\Desktop\Office Work\AkalSewa\node_modules\@react-native\gradle-plugin\.gradle\buildOutputCleanup)"        [_thread_blocked, id=6108, stack(0x00000015c6000000,0x00000015c6100000) (1024K)]
  0x00000116304a1c50 JavaThread "Unconstrained build operations"        [_thread_blocked, id=3220, stack(0x00000015c6100000,0x00000015c6200000) (1024K)]
  0x00000116304a3000 JavaThread "Unconstrained build operations Thread 2"        [_thread_blocked, id=4900, stack(0x00000015c6200000,0x00000015c6300000) (1024K)]
  0x000001163049ee60 JavaThread "Unconstrained build operations Thread 3"        [_thread_blocked, id=520, stack(0x00000015c6300000,0x00000015c6400000) (1024K)]
  0x00000116304a22e0 JavaThread "Unconstrained build operations Thread 4"        [_thread_blocked, id=6248, stack(0x00000015c6400000,0x00000015c6500000) (1024K)]
  0x00000116304a08a0 JavaThread "Unconstrained build operations Thread 5"        [_thread_blocked, id=11012, stack(0x00000015c6500000,0x00000015c6600000) (1024K)]
  0x00000116304a0210 JavaThread "Unconstrained build operations Thread 6"        [_thread_blocked, id=11180, stack(0x00000015c6600000,0x00000015c6700000) (1024K)]
  0x000001162f708ff0 JavaThread "Kotlin DSL Writer"                 [_thread_blocked, id=1664, stack(0x00000015c6700000,0x00000015c6800000) (1024K)]
  0x0000011641c5fca0 JavaThread "Unconstrained build operations Thread 7"        [_thread_blocked, id=10168, stack(0x00000015c6900000,0x00000015c6a00000) (1024K)]
  0x0000011641c60330 JavaThread "Unconstrained build operations Thread 8"        [_thread_blocked, id=3760, stack(0x00000015c6a00000,0x00000015c6b00000) (1024K)]
  0x0000011641c5c820 JavaThread "Unconstrained build operations Thread 9"        [_thread_blocked, id=6908, stack(0x00000015c6b00000,0x00000015c6c00000) (1024K)]
  0x0000011641c61050 JavaThread "Unconstrained build operations Thread 10"        [_thread_blocked, id=3648, stack(0x00000015c6c00000,0x00000015c6d00000) (1024K)]
  0x0000011641c5ceb0 JavaThread "Unconstrained build operations Thread 11"        [_thread_blocked, id=9772, stack(0x00000015c6d00000,0x00000015c6e00000) (1024K)]
  0x0000011641c5d540 JavaThread "Unconstrained build operations Thread 12"        [_thread_blocked, id=11000, stack(0x00000015c6e00000,0x00000015c6f00000) (1024K)]
  0x000001163bfc82d0 JavaThread "Unconstrained build operations Thread 13"        [_thread_blocked, id=9304, stack(0x00000015c6f00000,0x00000015c7000000) (1024K)]
  0x000001163065af20 JavaThread "Unconstrained build operations Thread 14"        [_thread_blocked, id=9232, stack(0x00000015c7000000,0x00000015c7100000) (1024K)]
Total: 49

Other Threads:
=>0x00000116765abee0 VMThread "VM Thread"                           [id=10028, stack(0x00000015c3c00000,0x00000015c3d00000) (1024K)]
  0x000001167659c960 WatcherThread "VM Periodic Task Thread"        [id=10644, stack(0x00000015c3b00000,0x00000015c3c00000) (1024K)]
  0x00000116690fc2c0 WorkerThread "GC Thread#0"                     [id=5100, stack(0x00000015c3600000,0x00000015c3700000) (1024K)]
  0x000001162e407ac0 WorkerThread "GC Thread#1"                     [id=1952, stack(0x00000015c4700000,0x00000015c4800000) (1024K)]
  0x000001162e407e70 WorkerThread "GC Thread#2"                     [id=9044, stack(0x00000015c4800000,0x00000015c4900000) (1024K)]
  0x000001162e2b6200 WorkerThread "GC Thread#3"                     [id=6420, stack(0x00000015c4900000,0x00000015c4a00000) (1024K)]
  0x00000116691114c0 ConcurrentGCThread "G1 Main Marker"            [id=3436, stack(0x00000015c3700000,0x00000015c3800000) (1024K)]
  0x0000011669112770 WorkerThread "G1 Conc#0"                       [id=4080, stack(0x00000015c3800000,0x00000015c3900000) (1024K)]
  0x000001167645f530 ConcurrentGCThread "G1 Refine#0"               [id=7424, stack(0x00000015c3900000,0x00000015c3a00000) (1024K)]
  0x000001167645fd60 ConcurrentGCThread "G1 Service"                [id=5580, stack(0x00000015c3a00000,0x00000015c3b00000) (1024K)]
Total: 10

Threads with active compile tasks:
C2 CompilerThread0  16838 11576       4       org.gradle.api.internal.artifacts.ivyservice.ivyresolve.parser.PomDomParser::getFirstChildElement (70 bytes)
Total: 1

VM state: at safepoint (normal execution)

VM Mutex/Monitor currently owned by a thread:  ([mutex/lock_event])
[0x00007ffe2c154888] Threads_lock - owner thread: 0x00000116765abee0
[0x00007ffe2c154988] Heap_lock - owner thread: 0x000001163065af20

Heap address: 0x0000000080000000, size: 2048 MB, Compressed Oops mode: 32-bit

CDS archive(s) mapped at: [0x000001160f000000-0x000001160fd70000-0x000001160fd70000), size 14090240, SharedBaseAddress: 0x000001160f000000, ArchiveRelocationMode: 1.
Compressed class space mapped at: 0x0000011610000000-0x000001162a000000, reserved size: 436207616
Narrow klass base: 0x000001160f000000, Narrow klass shift: 0, Narrow klass range: 0x1b000000

GC Precious Log:
 CardTable entry size: 512
 Card Set container configuration: InlinePtr #cards 5 size 8 Array Of Cards #cards 10 size 36 Howl #buckets 4 coarsen threshold 1843 Howl Bitmap #cards 512 size 80 coarsen threshold 460 Card regions per heap region 1 cards per card region 2048
 CPUs: 4 total, 4 available
 Memory: 8083M
 Large Page Support: Disabled
 NUMA Support: Disabled
 Compressed Oops: Enabled (32-bit)
 Heap Region Size: 1M
 Heap Min Capacity: 8M
 Heap Initial Capacity: 128M
 Heap Max Capacity: 2G
 Pre-touch: Disabled
 Parallel Workers: 4
 Concurrent Workers: 1
 Concurrent Refinement Workers: 4
 Periodic GC: Disabled

Heap:
 garbage-first heap   total reserved 2097152K, committed 152576K, used 97280K [0x0000000080000000, 0x0000000100000000)
  region size 1024K, 5 young (5120K), 5 survivors (5120K)
 Metaspace       used 122663K, committed 124992K, reserved 557056K
  class space    used 16501K, committed 17600K, reserved 425984K

Heap Regions: E=young(eden), S=young(survivor), O=old, HS=humongous(starts), HC=humongous(continues), CS=collection set, F=free, TAMS=top-at-mark-start, PB=parsable bottom
|   0|0x0000000080000000, 0x0000000080100000, 0x0000000080100000|100%|HS|  |TAMS 0x0000000080100000| PB 0x0000000080000000| Complete |  0
|   1|0x0000000080100000, 0x0000000080200000, 0x0000000080200000|100%|HC|  |TAMS 0x0000000080200000| PB 0x0000000080100000| Complete |  0
|   2|0x0000000080200000, 0x0000000080300000, 0x0000000080300000|100%|HC|  |TAMS 0x0000000080300000| PB 0x0000000080200000| Complete |  0
|   3|0x0000000080300000, 0x0000000080400000, 0x0000000080400000|100%|HC|  |TAMS 0x0000000080400000| PB 0x0000000080300000| Complete |  0
|   4|0x0000000080400000, 0x0000000080500000, 0x0000000080500000|100%| O|  |TAMS 0x0000000080500000| PB 0x0000000080400000| Untracked |  0
|   5|0x0000000080500000, 0x0000000080600000, 0x0000000080600000|100%| O|  |TAMS 0x0000000080600000| PB 0x0000000080500000| Untracked |  0
|   6|0x0000000080600000, 0x0000000080700000, 0x0000000080700000|100%| O|  |TAMS 0x0000000080700000| PB 0x0000000080600000| Untracked |  0
|   7|0x0000000080700000, 0x0000000080800000, 0x0000000080800000|100%| O|  |TAMS 0x0000000080800000| PB 0x0000000080700000| Untracked |  0
|   8|0x0000000080800000, 0x0000000080900000, 0x0000000080900000|100%| O|  |TAMS 0x0000000080900000| PB 0x0000000080800000| Untracked |  0
|   9|0x0000000080900000, 0x0000000080a00000, 0x0000000080a00000|100%| O|  |TAMS 0x0000000080a00000| PB 0x0000000080900000| Untracked |  0
|  10|0x0000000080a00000, 0x0000000080b00000, 0x0000000080b00000|100%| O|  |TAMS 0x0000000080b00000| PB 0x0000000080a00000| Untracked |  0
|  11|0x0000000080b00000, 0x0000000080c00000, 0x0000000080c00000|100%|HS|  |TAMS 0x0000000080c00000| PB 0x0000000080b00000| Complete |  0
|  12|0x0000000080c00000, 0x0000000080d00000, 0x0000000080d00000|100%| O|  |TAMS 0x0000000080d00000| PB 0x0000000080c00000| Untracked |  0
|  13|0x0000000080d00000, 0x0000000080e00000, 0x0000000080e00000|100%| O|  |TAMS 0x0000000080e00000| PB 0x0000000080d00000| Untracked |  0
|  14|0x0000000080e00000, 0x0000000080f00000, 0x0000000080f00000|100%| O|  |TAMS 0x0000000080f00000| PB 0x0000000080e00000| Untracked |  0
|  15|0x0000000080f00000, 0x0000000081000000, 0x0000000081000000|100%| O|  |TAMS 0x0000000081000000| PB 0x0000000080f00000| Untracked |  0
|  16|0x0000000081000000, 0x0000000081100000, 0x0000000081100000|100%| O|  |TAMS 0x0000000081100000| PB 0x0000000081000000| Untracked |  0
|  17|0x0000000081100000, 0x0000000081200000, 0x0000000081200000|100%| O|  |TAMS 0x0000000081200000| PB 0x0000000081100000| Untracked |  0
|  18|0x0000000081200000, 0x0000000081300000, 0x0000000081300000|100%| O|  |TAMS 0x0000000081300000| PB 0x0000000081200000| Untracked |  0
|  19|0x0000000081300000, 0x0000000081400000, 0x0000000081400000|100%| O|  |TAMS 0x0000000081400000| PB 0x0000000081300000| Untracked |  0
|  20|0x0000000081400000, 0x0000000081500000, 0x0000000081500000|100%| O|  |TAMS 0x0000000081500000| PB 0x0000000081400000| Untracked |  0
|  21|0x0000000081500000, 0x0000000081600000, 0x0000000081600000|100%| O|  |TAMS 0x0000000081600000| PB 0x0000000081500000| Untracked |  0
|  22|0x0000000081600000, 0x0000000081700000, 0x0000000081700000|100%| O|  |TAMS 0x0000000081700000| PB 0x0000000081600000| Untracked |  0
|  23|0x0000000081700000, 0x0000000081800000, 0x0000000081800000|100%| O|  |TAMS 0x0000000081800000| PB 0x0000000081700000| Untracked |  0
|  24|0x0000000081800000, 0x0000000081900000, 0x0000000081900000|100%| O|  |TAMS 0x0000000081900000| PB 0x0000000081800000| Untracked |  0
|  25|0x0000000081900000, 0x0000000081a00000, 0x0000000081a00000|100%| O|  |TAMS 0x0000000081a00000| PB 0x0000000081900000| Untracked |  0
|  26|0x0000000081a00000, 0x0000000081b00000, 0x0000000081b00000|100%| O|  |TAMS 0x0000000081b00000| PB 0x0000000081a00000| Untracked |  0
|  27|0x0000000081b00000, 0x0000000081c00000, 0x0000000081c00000|100%| O|  |TAMS 0x0000000081c00000| PB 0x0000000081b00000| Untracked |  0
|  28|0x0000000081c00000, 0x0000000081d00000, 0x0000000081d00000|100%| O|  |TAMS 0x0000000081d00000| PB 0x0000000081c00000| Untracked |  0
|  29|0x0000000081d00000, 0x0000000081e00000, 0x0000000081e00000|100%| O|  |TAMS 0x0000000081e00000| PB 0x0000000081d00000| Untracked |  0
|  30|0x0000000081e00000, 0x0000000081f00000, 0x0000000081f00000|100%| O|  |TAMS 0x0000000081f00000| PB 0x0000000081e00000| Untracked |  0
|  31|0x0000000081f00000, 0x0000000082000000, 0x0000000082000000|100%| O|  |TAMS 0x0000000082000000| PB 0x0000000081f00000| Untracked |  0
|  32|0x0000000082000000, 0x0000000082100000, 0x0000000082100000|100%| O|  |TAMS 0x0000000082100000| PB 0x0000000082000000| Untracked |  0
|  33|0x0000000082100000, 0x0000000082200000, 0x0000000082200000|100%| O|  |TAMS 0x0000000082200000| PB 0x0000000082100000| Untracked |  0
|  34|0x0000000082200000, 0x0000000082300000, 0x0000000082300000|100%| O|  |TAMS 0x0000000082300000| PB 0x0000000082200000| Untracked |  0
|  35|0x0000000082300000, 0x0000000082400000, 0x0000000082400000|100%| O|  |TAMS 0x0000000082300000| PB 0x0000000082300000| Untracked |  0
|  36|0x0000000082400000, 0x0000000082500000, 0x0000000082500000|100%| O|  |TAMS 0x0000000082500000| PB 0x0000000082400000| Untracked |  0
|  37|0x0000000082500000, 0x0000000082600000, 0x0000000082600000|100%| O|  |TAMS 0x0000000082600000| PB 0x0000000082500000| Untracked |  0
|  38|0x0000000082600000, 0x0000000082700000, 0x0000000082700000|100%| O|  |TAMS 0x0000000082700000| PB 0x0000000082600000| Untracked |  0
|  39|0x0000000082700000, 0x0000000082800000, 0x0000000082800000|100%| O|  |TAMS 0x0000000082800000| PB 0x0000000082700000| Untracked |  0
|  40|0x0000000082800000, 0x0000000082900000, 0x0000000082900000|100%| O|  |TAMS 0x0000000082900000| PB 0x0000000082800000| Untracked |  0
|  41|0x0000000082900000, 0x0000000082a00000, 0x0000000082a00000|100%|HS|  |TAMS 0x0000000082a00000| PB 0x0000000082900000| Complete |  0
|  42|0x0000000082a00000, 0x0000000082b00000, 0x0000000082b00000|100%|HC|  |TAMS 0x0000000082b00000| PB 0x0000000082a00000| Complete |  0
|  43|0x0000000082b00000, 0x0000000082c00000, 0x0000000082c00000|100%|HC|  |TAMS 0x0000000082c00000| PB 0x0000000082b00000| Complete |  0
|  44|0x0000000082c00000, 0x0000000082d00000, 0x0000000082d00000|100%|HC|  |TAMS 0x0000000082d00000| PB 0x0000000082c00000| Complete |  0
|  45|0x0000000082d00000, 0x0000000082e00000, 0x0000000082e00000|100%|HC|  |TAMS 0x0000000082e00000| PB 0x0000000082d00000| Complete |  0
|  46|0x0000000082e00000, 0x0000000082f00000, 0x0000000082f00000|100%|HC|  |TAMS 0x0000000082f00000| PB 0x0000000082e00000| Complete |  0
|  47|0x0000000082f00000, 0x0000000083000000, 0x0000000083000000|100%|HS|  |TAMS 0x0000000083000000| PB 0x0000000082f00000| Complete |  0
|  48|0x0000000083000000, 0x0000000083100000, 0x0000000083100000|100%| O|  |TAMS 0x0000000083100000| PB 0x0000000083000000| Untracked |  0
|  49|0x0000000083100000, 0x0000000083200000, 0x0000000083200000|100%| O|  |TAMS 0x0000000083200000| PB 0x0000000083100000| Untracked |  0
|  50|0x0000000083200000, 0x0000000083300000, 0x0000000083300000|100%| O|  |TAMS 0x0000000083300000| PB 0x0000000083200000| Untracked |  0
|  51|0x0000000083300000, 0x0000000083400000, 0x0000000083400000|100%| O|  |TAMS 0x0000000083400000| PB 0x0000000083300000| Untracked |  0
|  52|0x0000000083400000, 0x0000000083500000, 0x0000000083500000|100%| O|  |TAMS 0x0000000083500000| PB 0x0000000083400000| Untracked |  0
|  53|0x0000000083500000, 0x0000000083600000, 0x0000000083600000|100%| O|  |TAMS 0x0000000083600000| PB 0x0000000083500000| Untracked |  0
|  54|0x0000000083600000, 0x0000000083700000, 0x0000000083700000|100%| O|  |TAMS 0x0000000083700000| PB 0x0000000083600000| Untracked |  0
|  55|0x0000000083700000, 0x0000000083800000, 0x0000000083800000|100%| O|  |TAMS 0x0000000083800000| PB 0x0000000083700000| Untracked |  0
|  56|0x0000000083800000, 0x0000000083900000, 0x0000000083900000|100%| O|  |TAMS 0x0000000083900000| PB 0x0000000083800000| Untracked |  0
|  57|0x0000000083900000, 0x0000000083a00000, 0x0000000083a00000|100%| O|  |TAMS 0x0000000083a00000| PB 0x0000000083900000| Untracked |  0
|  58|0x0000000083a00000, 0x0000000083b00000, 0x0000000083b00000|100%| O|  |TAMS 0x0000000083b00000| PB 0x0000000083a00000| Untracked |  0
|  59|0x0000000083b00000, 0x0000000083c00000, 0x0000000083c00000|100%| O|  |TAMS 0x0000000083c00000| PB 0x0000000083b00000| Untracked |  0
|  60|0x0000000083c00000, 0x0000000083d00000, 0x0000000083d00000|100%| O|  |TAMS 0x0000000083d00000| PB 0x0000000083c00000| Untracked |  0
|  61|0x0000000083d00000, 0x0000000083e00000, 0x0000000083e00000|100%| O|  |TAMS 0x0000000083e00000| PB 0x0000000083d00000| Untracked |  0
|  62|0x0000000083e00000, 0x0000000083f00000, 0x0000000083f00000|100%| O|  |TAMS 0x0000000083f00000| PB 0x0000000083e00000| Untracked |  0
|  63|0x0000000083f00000, 0x0000000084000000, 0x0000000084000000|100%| O|  |TAMS 0x0000000084000000| PB 0x0000000083f00000| Untracked |  0
|  64|0x0000000084000000, 0x0000000084100000, 0x0000000084100000|100%| O|  |TAMS 0x0000000084100000| PB 0x0000000084000000| Untracked |  0
|  65|0x0000000084100000, 0x0000000084200000, 0x0000000084200000|100%| O|  |TAMS 0x0000000084200000| PB 0x0000000084100000| Untracked |  0
|  66|0x0000000084200000, 0x0000000084300000, 0x0000000084300000|100%| O|  |TAMS 0x0000000084300000| PB 0x0000000084200000| Untracked |  0
|  67|0x0000000084300000, 0x0000000084400000, 0x0000000084400000|100%| O|  |TAMS 0x0000000084400000| PB 0x0000000084300000| Untracked |  0
|  68|0x0000000084400000, 0x0000000084500000, 0x0000000084500000|100%| O|  |TAMS 0x0000000084500000| PB 0x0000000084400000| Untracked |  0
|  69|0x0000000084500000, 0x0000000084600000, 0x0000000084600000|100%| O|  |TAMS 0x0000000084500000| PB 0x0000000084500000| Untracked |  0
|  70|0x0000000084600000, 0x0000000084700000, 0x0000000084700000|100%| O|  |TAMS 0x0000000084700000| PB 0x0000000084600000| Untracked |  0
|  71|0x0000000084700000, 0x0000000084800000, 0x0000000084800000|100%| O|  |TAMS 0x0000000084800000| PB 0x0000000084700000| Untracked |  0
|  72|0x0000000084800000, 0x0000000084900000, 0x0000000084900000|100%| O|  |TAMS 0x0000000084900000| PB 0x0000000084800000| Untracked |  0
|  73|0x0000000084900000, 0x0000000084a00000, 0x0000000084a00000|100%| O|  |TAMS 0x0000000084a00000| PB 0x0000000084900000| Untracked |  0
|  74|0x0000000084a00000, 0x0000000084b00000, 0x0000000084b00000|100%| O|  |TAMS 0x0000000084b00000| PB 0x0000000084a00000| Untracked |  0
|  75|0x0000000084b00000, 0x0000000084c00000, 0x0000000084c00000|100%| O|  |TAMS 0x0000000084c00000| PB 0x0000000084b00000| Untracked |  0
|  76|0x0000000084c00000, 0x0000000084d00000, 0x0000000084d00000|100%| O|  |TAMS 0x0000000084d00000| PB 0x0000000084c00000| Untracked |  0
|  77|0x0000000084d00000, 0x0000000084e00000, 0x0000000084e00000|100%| O|  |TAMS 0x0000000084e00000| PB 0x0000000084d00000| Untracked |  0
|  78|0x0000000084e00000, 0x0000000084f00000, 0x0000000084f00000|100%| O|  |TAMS 0x0000000084e00000| PB 0x0000000084e00000| Untracked |  0
|  79|0x0000000084f00000, 0x0000000085000000, 0x0000000085000000|100%| O|  |TAMS 0x0000000084f00000| PB 0x0000000084f00000| Untracked |  0
|  80|0x0000000085000000, 0x0000000085100000, 0x0000000085100000|100%| O|  |TAMS 0x0000000085100000| PB 0x0000000085000000| Untracked |  0
|  81|0x0000000085100000, 0x0000000085200000, 0x0000000085200000|100%| O|  |TAMS 0x0000000085200000| PB 0x0000000085100000| Untracked |  0
|  82|0x0000000085200000, 0x0000000085300000, 0x0000000085300000|100%| O|  |TAMS 0x0000000085300000| PB 0x0000000085200000| Untracked |  0
|  83|0x0000000085300000, 0x0000000085400000, 0x0000000085400000|100%| O|  |TAMS 0x0000000085400000| PB 0x0000000085300000| Untracked |  0
|  84|0x0000000085400000, 0x0000000085500000, 0x0000000085500000|100%| O|  |TAMS 0x0000000085400000| PB 0x0000000085400000| Untracked |  0
|  85|0x0000000085500000, 0x0000000085500000, 0x0000000085600000|  0%| F|  |TAMS 0x0000000085500000| PB 0x0000000085500000| Untracked |  0
|  86|0x0000000085600000, 0x0000000085600000, 0x0000000085700000|  0%| F|  |TAMS 0x0000000085600000| PB 0x0000000085600000| Untracked |  0
|  87|0x0000000085700000, 0x0000000085700000, 0x0000000085800000|  0%| F|  |TAMS 0x0000000085700000| PB 0x0000000085700000| Untracked |  0
|  88|0x0000000085800000, 0x0000000085900000, 0x0000000085900000|100%| S|CS|TAMS 0x0000000085800000| PB 0x0000000085800000| Complete |  0
|  89|0x0000000085900000, 0x0000000085a00000, 0x0000000085a00000|100%| S|CS|TAMS 0x0000000085900000| PB 0x0000000085900000| Complete |  0
|  90|0x0000000085a00000, 0x0000000085b00000, 0x0000000085b00000|100%| O|  |TAMS 0x0000000085b00000| PB 0x0000000085a00000| Untracked |  0
|  91|0x0000000085b00000, 0x0000000085c00000, 0x0000000085c00000|100%| O|  |TAMS 0x0000000085c00000| PB 0x0000000085b00000| Untracked |  0
|  92|0x0000000085c00000, 0x0000000085d00000, 0x0000000085d00000|100%| O|  |TAMS 0x0000000085ce5c90| PB 0x0000000085c00000| Untracked |  0
|  93|0x0000000085d00000, 0x0000000085e00000, 0x0000000085e00000|100%| S|CS|TAMS 0x0000000085d00000| PB 0x0000000085d00000| Complete |  0
|  94|0x0000000085e00000, 0x0000000085f00000, 0x0000000085f00000|100%| S|CS|TAMS 0x0000000085e00000| PB 0x0000000085e00000| Complete |  0
|  95|0x0000000085f00000, 0x0000000085f00000, 0x0000000086000000|  0%| F|  |TAMS 0x0000000085f00000| PB 0x0000000085f00000| Untracked |  0
|  96|0x0000000086000000, 0x0000000086000000, 0x0000000086100000|  0%| F|  |TAMS 0x0000000086000000| PB 0x0000000086000000| Untracked |  0
|  97|0x0000000086100000, 0x0000000086100000, 0x0000000086200000|  0%| F|  |TAMS 0x0000000086100000| PB 0x0000000086100000| Untracked |  0
|  98|0x0000000086200000, 0x0000000086200000, 0x0000000086300000|  0%| F|  |TAMS 0x0000000086200000| PB 0x0000000086200000| Untracked |  0
|  99|0x0000000086300000, 0x0000000086300000, 0x0000000086400000|  0%| F|  |TAMS 0x0000000086300000| PB 0x0000000086300000| Untracked |  0
| 100|0x0000000086400000, 0x0000000086500000, 0x0000000086500000|100%| S|CS|TAMS 0x0000000086400000| PB 0x0000000086400000| Complete |  0
| 101|0x0000000086500000, 0x0000000086500000, 0x0000000086600000|  0%| F|  |TAMS 0x0000000086500000| PB 0x0000000086500000| Untracked |  0
| 102|0x0000000086600000, 0x0000000086600000, 0x0000000086700000|  0%| F|  |TAMS 0x0000000086600000| PB 0x0000000086600000| Untracked |  0
| 103|0x0000000086700000, 0x0000000086700000, 0x0000000086800000|  0%| F|  |TAMS 0x0000000086700000| PB 0x0000000086700000| Untracked |  0
| 104|0x0000000086800000, 0x0000000086800000, 0x0000000086900000|  0%| F|  |TAMS 0x0000000086800000| PB 0x0000000086800000| Untracked |  0
| 105|0x0000000086900000, 0x0000000086900000, 0x0000000086a00000|  0%| F|  |TAMS 0x0000000086900000| PB 0x0000000086900000| Untracked |  0
| 106|0x0000000086a00000, 0x0000000086a00000, 0x0000000086b00000|  0%| F|  |TAMS 0x0000000086a00000| PB 0x0000000086a00000| Untracked |  0
| 107|0x0000000086b00000, 0x0000000086b00000, 0x0000000086c00000|  0%| F|  |TAMS 0x0000000086b00000| PB 0x0000000086b00000| Untracked |  0
| 108|0x0000000086c00000, 0x0000000086c00000, 0x0000000086d00000|  0%| F|  |TAMS 0x0000000086c00000| PB 0x0000000086c00000| Untracked |  0
| 109|0x0000000086d00000, 0x0000000086d00000, 0x0000000086e00000|  0%| F|  |TAMS 0x0000000086d00000| PB 0x0000000086d00000| Untracked |  0
| 110|0x0000000086e00000, 0x0000000086e00000, 0x0000000086f00000|  0%| F|  |TAMS 0x0000000086e00000| PB 0x0000000086e00000| Untracked |  0
| 111|0x0000000086f00000, 0x0000000086f00000, 0x0000000087000000|  0%| F|  |TAMS 0x0000000086f00000| PB 0x0000000086f00000| Untracked |  0
| 112|0x0000000087000000, 0x0000000087000000, 0x0000000087100000|  0%| F|  |TAMS 0x0000000087000000| PB 0x0000000087000000| Untracked |  0
| 113|0x0000000087100000, 0x0000000087100000, 0x0000000087200000|  0%| F|  |TAMS 0x0000000087100000| PB 0x0000000087100000| Untracked |  0
| 114|0x0000000087200000, 0x0000000087200000, 0x0000000087300000|  0%| F|  |TAMS 0x0000000087200000| PB 0x0000000087200000| Untracked |  0
| 115|0x0000000087300000, 0x0000000087300000, 0x0000000087400000|  0%| F|  |TAMS 0x0000000087300000| PB 0x0000000087300000| Untracked |  0
| 116|0x0000000087400000, 0x0000000087400000, 0x0000000087500000|  0%| F|  |TAMS 0x0000000087400000| PB 0x0000000087400000| Untracked |  0
| 117|0x0000000087500000, 0x0000000087500000, 0x0000000087600000|  0%| F|  |TAMS 0x0000000087500000| PB 0x0000000087500000| Untracked |  0
| 118|0x0000000087600000, 0x0000000087600000, 0x0000000087700000|  0%| F|  |TAMS 0x0000000087600000| PB 0x0000000087600000| Untracked |  0
| 119|0x0000000087700000, 0x0000000087700000, 0x0000000087800000|  0%| F|  |TAMS 0x0000000087700000| PB 0x0000000087700000| Untracked |  0
| 120|0x0000000087800000, 0x0000000087800000, 0x0000000087900000|  0%| F|  |TAMS 0x0000000087800000| PB 0x0000000087800000| Untracked |  0
| 121|0x0000000087900000, 0x0000000087900000, 0x0000000087a00000|  0%| F|  |TAMS 0x0000000087900000| PB 0x0000000087900000| Untracked |  0
| 122|0x0000000087a00000, 0x0000000087a00000, 0x0000000087b00000|  0%| F|  |TAMS 0x0000000087a00000| PB 0x0000000087a00000| Untracked |  0
| 123|0x0000000087b00000, 0x0000000087b00000, 0x0000000087c00000|  0%| F|  |TAMS 0x0000000087b00000| PB 0x0000000087b00000| Untracked |  0
| 124|0x0000000087c00000, 0x0000000087c00000, 0x0000000087d00000|  0%| F|  |TAMS 0x0000000087c00000| PB 0x0000000087c00000| Untracked |  0
| 125|0x0000000087d00000, 0x0000000087d00000, 0x0000000087e00000|  0%| F|  |TAMS 0x0000000087d00000| PB 0x0000000087d00000| Untracked |  0
| 126|0x0000000087e00000, 0x0000000087e00000, 0x0000000087f00000|  0%| F|  |TAMS 0x0000000087e00000| PB 0x0000000087e00000| Untracked |  0
| 127|0x0000000087f00000, 0x0000000087f00000, 0x0000000088000000|  0%| F|  |TAMS 0x0000000087f00000| PB 0x0000000087f00000| Untracked |  0
| 128|0x0000000088000000, 0x0000000088000000, 0x0000000088100000|  0%| F|  |TAMS 0x0000000088000000| PB 0x0000000088000000| Untracked |  0
| 129|0x0000000088100000, 0x0000000088100000, 0x0000000088200000|  0%| F|  |TAMS 0x0000000088100000| PB 0x0000000088100000| Untracked |  0
| 130|0x0000000088200000, 0x0000000088200000, 0x0000000088300000|  0%| F|  |TAMS 0x0000000088200000| PB 0x0000000088200000| Untracked |  0
| 131|0x0000000088300000, 0x0000000088300000, 0x0000000088400000|  0%| F|  |TAMS 0x0000000088300000| PB 0x0000000088300000| Untracked |  0
| 132|0x0000000088400000, 0x0000000088400000, 0x0000000088500000|  0%| F|  |TAMS 0x0000000088400000| PB 0x0000000088400000| Untracked |  0
| 133|0x0000000088500000, 0x0000000088500000, 0x0000000088600000|  0%| F|  |TAMS 0x0000000088500000| PB 0x0000000088500000| Untracked |  0
| 134|0x0000000088600000, 0x0000000088600000, 0x0000000088700000|  0%| F|  |TAMS 0x0000000088600000| PB 0x0000000088600000| Untracked |  0
| 135|0x0000000088700000, 0x0000000088700000, 0x0000000088800000|  0%| F|  |TAMS 0x0000000088700000| PB 0x0000000088700000| Untracked |  0
| 136|0x0000000088800000, 0x0000000088800000, 0x0000000088900000|  0%| F|  |TAMS 0x0000000088800000| PB 0x0000000088800000| Untracked |  0
| 137|0x0000000088900000, 0x0000000088900000, 0x0000000088a00000|  0%| F|  |TAMS 0x0000000088900000| PB 0x0000000088900000| Untracked |  0
| 138|0x0000000088a00000, 0x0000000088a00000, 0x0000000088b00000|  0%| F|  |TAMS 0x0000000088a00000| PB 0x0000000088a00000| Untracked |  0
| 139|0x0000000088b00000, 0x0000000088b00000, 0x0000000088c00000|  0%| F|  |TAMS 0x0000000088b00000| PB 0x0000000088b00000| Untracked |  0
| 140|0x0000000088c00000, 0x0000000088c00000, 0x0000000088d00000|  0%| F|  |TAMS 0x0000000088c00000| PB 0x0000000088c00000| Untracked |  0
| 141|0x0000000088d00000, 0x0000000088d00000, 0x0000000088e00000|  0%| F|  |TAMS 0x0000000088d00000| PB 0x0000000088d00000| Untracked |  0
| 142|0x0000000088e00000, 0x0000000088e00000, 0x0000000088f00000|  0%| F|  |TAMS 0x0000000088e00000| PB 0x0000000088e00000| Untracked |  0
| 143|0x0000000088f00000, 0x0000000088f00000, 0x0000000089000000|  0%| F|  |TAMS 0x0000000088f00000| PB 0x0000000088f00000| Untracked |  0
| 144|0x0000000089000000, 0x0000000089000000, 0x0000000089100000|  0%| F|  |TAMS 0x0000000089000000| PB 0x0000000089000000| Untracked |  0
| 145|0x0000000089100000, 0x0000000089100000, 0x0000000089200000|  0%| F|  |TAMS 0x0000000089100000| PB 0x0000000089100000| Untracked |  0
| 146|0x0000000089200000, 0x0000000089200000, 0x0000000089300000|  0%| F|  |TAMS 0x0000000089200000| PB 0x0000000089200000| Untracked |  0
|2046|0x00000000ffe00000, 0x00000000fff00000, 0x00000000fff00000|100%| O|  |TAMS 0x00000000fff00000| PB 0x00000000ffe00000| Untracked |  0
|2047|0x00000000fff00000, 0x0000000100000000, 0x0000000100000000|100%| O|  |TAMS 0x0000000100000000| PB 0x00000000fff00000| Untracked |  0

Card table byte_map: [0x0000011671bf0000,0x0000011671ff0000] _byte_map_base: 0x00000116717f0000

Marking Bits: (CMBitMap*) 0x00000116690fc9d0
 Bits: [0x0000011671ff0000, 0x0000011673ff0000)

Polling page: 0x0000011666e50000

Metaspace:

Usage:
  Non-class:    103.67 MB used.
      Class:     16.11 MB used.
       Both:    119.79 MB used.

Virtual space:
  Non-class space:      128.00 MB reserved,     104.88 MB ( 82%) committed,  2 nodes.
      Class space:      416.00 MB reserved,      17.19 MB (  4%) committed,  1 nodes.
             Both:      544.00 MB reserved,     122.06 MB ( 22%) committed. 

Chunk freelists:
   Non-Class:  6.61 MB
       Class:  14.70 MB
        Both:  21.31 MB

MaxMetaspaceSize: 512.00 MB
CompressedClassSpaceSize: 416.00 MB
Initial GC threshold: 21.00 MB
Current GC threshold: 182.19 MB
CDS: on
 - commit_granule_bytes: 65536.
 - commit_granule_words: 8192.
 - virtual_space_node_default_size: 8388608.
 - enlarge_chunks_in_place: 1.
 - use_allocation_guard: 0.


Internal statistics:

num_allocs_failed_limit: 14.
num_arena_births: 3994.
num_arena_deaths: 0.
num_vsnodes_births: 3.
num_vsnodes_deaths: 0.
num_space_committed: 1951.
num_space_uncommitted: 0.
num_chunks_returned_to_freelist: 14.
num_chunks_taken_from_freelist: 8691.
num_chunk_merges: 14.
num_chunk_splits: 6204.
num_chunks_enlarged: 4380.
num_inconsistent_stats: 0.

CodeHeap 'non-profiled nmethods': size=120064Kb used=4064Kb max_used=4064Kb free=115999Kb
 bounds [0x0000011607ac0000, 0x0000011607ec0000, 0x000001160f000000]
CodeHeap 'profiled nmethods': size=120000Kb used=15429Kb max_used=15429Kb free=104570Kb
 bounds [0x0000011600000000, 0x0000011600f20000, 0x0000011607530000]
CodeHeap 'non-nmethods': size=5696Kb used=3109Kb max_used=3157Kb free=2586Kb
 bounds [0x0000011607530000, 0x0000011607850000, 0x0000011607ac0000]
CodeCache: size=245760Kb, used=22602Kb, max_used=22650Kb, free=223155Kb
 total_blobs=11500, nmethods=10318, adapters=1086, full_count=0
Compilation: enabled, stopped_count=0, restarted_count=0

Compilation events (20 events):
Event: 16.710 Thread 0x00000116765dc3a0 11587       3       org.gradle.api.internal.artifacts.ivyservice.ivyresolve.parser.PomReader::maybeSetEffectiveProperty (30 bytes)
Event: 16.711 Thread 0x00000116765dc3a0 nmethod 11587 0x0000011600f0b088 code [0x0000011600f0b1c0, 0x0000011600f0b4d8]
Event: 16.711 Thread 0x00000116765dc3a0 11588       3       java.util.Vector::<init> (49 bytes)
Event: 16.711 Thread 0x00000116765dc3a0 nmethod 11588 0x0000011600f0b508 code [0x0000011600f0b6e0, 0x0000011600f0bf40]
Event: 16.711 Thread 0x00000116765dc3a0 11589       3       org.gradle.api.internal.artifacts.ivyservice.ivyresolve.parser.PomReader$PomDependencyMgtElement::getId (24 bytes)
Event: 16.712 Thread 0x00000116765dc3a0 nmethod 11589 0x0000011600f0c008 code [0x0000011600f0c2c0, 0x0000011600f0d680]
Event: 16.712 Thread 0x00000116765dc3a0 11590       3       org.gradle.api.internal.artifacts.ivyservice.ivyresolve.parser.data.MavenDependencyKey::<init> (26 bytes)
Event: 16.712 Thread 0x00000116765dc3a0 nmethod 11590 0x0000011600f0d788 code [0x0000011600f0d8c0, 0x0000011600f0db98]
Event: 16.712 Thread 0x00000116765dc3a0 11591       3       com.google.common.base.Platform::stringIsNullOrEmpty (17 bytes)
Event: 16.712 Thread 0x00000116765dc3a0 nmethod 11591 0x0000011600f0dc08 code [0x0000011600f0dd20, 0x0000011600f0df40]
Event: 16.713 Thread 0x00000116765dc3a0 11592       3       org.gradle.internal.dispatch.ProxyDispatchAdapter$DispatchingInvocationHandler::invoke (184 bytes)
Event: 16.714 Thread 0x00000116765d98e0 nmethod 11495 0x0000011607eb6f08 code [0x0000011607eb7140, 0x0000011607eb8288]
Event: 16.715 Thread 0x00000116765d98e0 11576       4       org.gradle.api.internal.artifacts.ivyservice.ivyresolve.parser.PomDomParser::getFirstChildElement (70 bytes)
Event: 16.715 Thread 0x00000116765dc3a0 nmethod 11592 0x0000011600f0df88 code [0x0000011600f0e3c0, 0x0000011600f106e0]
Event: 16.715 Thread 0x00000116765dc3a0 11593       3       org.apache.http.client.protocol.HttpClientContext::adapt (23 bytes)
Event: 16.715 Thread 0x00000116765dc3a0 nmethod 11593 0x0000011600f10888 code [0x0000011600f109c0, 0x0000011600f10e68]
Event: 16.729 Thread 0x00000116765dc3a0 11594       3       org.apache.http.message.BasicListHeaderIterator::findNext (58 bytes)
Event: 16.730 Thread 0x00000116765dc3a0 nmethod 11594 0x0000011600f10f08 code [0x0000011600f11060, 0x0000011600f11420]
Event: 16.730 Thread 0x00000116765dc3a0 11595       3       java.text.SimpleDateFormat::useDateFormatSymbols (20 bytes)
Event: 16.730 Thread 0x00000116765dc3a0 nmethod 11595 0x0000011600f11488 code [0x0000011600f115a0, 0x0000011600f11730]

GC Heap History (20 events):
Event: 9.762 GC heap after
{Heap after GC invocations=23 (full 0):
 garbage-first heap   total reserved 2097152K, committed 114688K, used 65356K [0x0000000080000000, 0x0000000100000000)
  region size 1024K, 5 young (5120K), 5 survivors (5120K)
 Metaspace       used 74435K, committed 76160K, reserved 491520K
  class space    used 10668K, committed 11456K, reserved 425984K
}
Event: 10.217 GC heap before
{Heap before GC invocations=23 (full 0):
 garbage-first heap   total reserved 2097152K, committed 114688K, used 102220K [0x0000000080000000, 0x0000000100000000)
  region size 1024K, 41 young (41984K), 5 survivors (5120K)
 Metaspace       used 78431K, committed 80512K, reserved 557056K
  class space    used 11250K, committed 12224K, reserved 425984K
}
Event: 10.224 GC heap after
{Heap after GC invocations=24 (full 0):
 garbage-first heap   total reserved 2097152K, committed 114688K, used 66440K [0x0000000080000000, 0x0000000100000000)
  region size 1024K, 3 young (3072K), 3 survivors (3072K)
 Metaspace       used 78431K, committed 80512K, reserved 557056K
  class space    used 11250K, committed 12224K, reserved 425984K
}
Event: 10.644 GC heap before
{Heap before GC invocations=24 (full 0):
 garbage-first heap   total reserved 2097152K, committed 114688K, used 103304K [0x0000000080000000, 0x0000000100000000)
  region size 1024K, 39 young (39936K), 3 survivors (3072K)
 Metaspace       used 83171K, committed 85248K, reserved 557056K
  class space    used 11853K, committed 12800K, reserved 425984K
}
Event: 10.648 GC heap after
{Heap after GC invocations=25 (full 0):
 garbage-first heap   total reserved 2097152K, committed 114688K, used 68390K [0x0000000080000000, 0x0000000100000000)
  region size 1024K, 5 young (5120K), 5 survivors (5120K)
 Metaspace       used 83171K, committed 85248K, reserved 557056K
  class space    used 11853K, committed 12800K, reserved 425984K
}
Event: 10.856 GC heap before
{Heap before GC invocations=26 (full 0):
 garbage-first heap   total reserved 2097152K, committed 117760K, used 102182K [0x0000000080000000, 0x0000000100000000)
  region size 1024K, 37 young (37888K), 5 survivors (5120K)
 Metaspace       used 84167K, committed 86208K, reserved 557056K
  class space    used 11972K, committed 12928K, reserved 425984K
}
Event: 10.862 GC heap after
{Heap after GC invocations=27 (full 0):
 garbage-first heap   total reserved 2097152K, committed 117760K, used 69901K [0x0000000080000000, 0x0000000100000000)
  region size 1024K, 4 young (4096K), 4 survivors (4096K)
 Metaspace       used 84167K, committed 86208K, reserved 557056K
  class space    used 11972K, committed 12928K, reserved 425984K
}
Event: 11.246 GC heap before
{Heap before GC invocations=27 (full 0):
 garbage-first heap   total reserved 2097152K, committed 117760K, used 105741K [0x0000000080000000, 0x0000000100000000)
  region size 1024K, 39 young (39936K), 4 survivors (4096K)
 Metaspace       used 86336K, committed 88384K, reserved 557056K
  class space    used 12198K, committed 13184K, reserved 425984K
}
Event: 11.254 GC heap after
{Heap after GC invocations=28 (full 0):
 garbage-first heap   total reserved 2097152K, committed 152576K, used 73064K [0x0000000080000000, 0x0000000100000000)
  region size 1024K, 5 young (5120K), 5 survivors (5120K)
 Metaspace       used 86336K, committed 88384K, reserved 557056K
  class space    used 12198K, committed 13184K, reserved 425984K
}
Event: 12.035 GC heap before
{Heap before GC invocations=28 (full 0):
 garbage-first heap   total reserved 2097152K, committed 152576K, used 136552K [0x0000000080000000, 0x0000000100000000)
  region size 1024K, 67 young (68608K), 5 survivors (5120K)
 Metaspace       used 93419K, committed 95552K, reserved 557056K
  class space    used 12965K, committed 13952K, reserved 425984K
}
Event: 12.045 GC heap after
{Heap after GC invocations=29 (full 0):
 garbage-first heap   total reserved 2097152K, committed 152576K, used 77604K [0x0000000080000000, 0x0000000100000000)
  region size 1024K, 8 young (8192K), 8 survivors (8192K)
 Metaspace       used 93419K, committed 95552K, reserved 557056K
  class space    used 12965K, committed 13952K, reserved 425984K
}
Event: 12.774 GC heap before
{Heap before GC invocations=29 (full 0):
 garbage-first heap   total reserved 2097152K, committed 152576K, used 133924K [0x0000000080000000, 0x0000000100000000)
  region size 1024K, 64 young (65536K), 8 survivors (8192K)
 Metaspace       used 101339K, committed 103424K, reserved 557056K
  class space    used 13869K, committed 14848K, reserved 425984K
}
Event: 12.781 GC heap after
{Heap after GC invocations=30 (full 0):
 garbage-first heap   total reserved 2097152K, committed 152576K, used 79183K [0x0000000080000000, 0x0000000100000000)
  region size 1024K, 6 young (6144K), 6 survivors (6144K)
 Metaspace       used 101339K, committed 103424K, reserved 557056K
  class space    used 13869K, committed 14848K, reserved 425984K
}
Event: 13.723 GC heap before
{Heap before GC invocations=30 (full 0):
 garbage-first heap   total reserved 2097152K, committed 152576K, used 137551K [0x0000000080000000, 0x0000000100000000)
  region size 1024K, 63 young (64512K), 6 survivors (6144K)
 Metaspace       used 108963K, committed 111168K, reserved 557056K
  class space    used 14910K, committed 16000K, reserved 425984K
}
Event: 13.730 GC heap after
{Heap after GC invocations=31 (full 0):
 garbage-first heap   total reserved 2097152K, committed 152576K, used 81453K [0x0000000080000000, 0x0000000100000000)
  region size 1024K, 4 young (4096K), 4 survivors (4096K)
 Metaspace       used 108963K, committed 111168K, reserved 557056K
  class space    used 14910K, committed 16000K, reserved 425984K
}
Event: 14.384 GC heap before
{Heap before GC invocations=32 (full 0):
 garbage-first heap   total reserved 2097152K, committed 152576K, used 140845K [0x0000000080000000, 0x0000000100000000)
  region size 1024K, 61 young (62464K), 4 survivors (4096K)
 Metaspace       used 111435K, committed 113728K, reserved 557056K
  class space    used 15223K, committed 16320K, reserved 425984K
}
Event: 14.395 GC heap after
{Heap after GC invocations=33 (full 0):
 garbage-first heap   total reserved 2097152K, committed 152576K, used 87380K [0x0000000080000000, 0x0000000100000000)
  region size 1024K, 8 young (8192K), 8 survivors (8192K)
 Metaspace       used 111435K, committed 113728K, reserved 557056K
  class space    used 15223K, committed 16320K, reserved 425984K
}
Event: 14.882 GC heap before
{Heap before GC invocations=33 (full 0):
 garbage-first heap   total reserved 2097152K, committed 152576K, used 135508K [0x0000000080000000, 0x0000000100000000)
  region size 1024K, 55 young (56320K), 8 survivors (8192K)
 Metaspace       used 113699K, committed 115968K, reserved 557056K
  class space    used 15459K, committed 16512K, reserved 425984K
}
Event: 14.893 GC heap after
{Heap after GC invocations=34 (full 0):
 garbage-first heap   total reserved 2097152K, committed 152576K, used 91749K [0x0000000080000000, 0x0000000100000000)
  region size 1024K, 5 young (5120K), 5 survivors (5120K)
 Metaspace       used 113699K, committed 115968K, reserved 557056K
  class space    used 15459K, committed 16512K, reserved 425984K
}
Event: 16.732 GC heap before
{Heap before GC invocations=34 (full 0):
 garbage-first heap   total reserved 2097152K, committed 152576K, used 138853K [0x0000000080000000, 0x0000000100000000)
  region size 1024K, 51 young (52224K), 5 survivors (5120K)
 Metaspace       used 122663K, committed 124992K, reserved 557056K
  class space    used 16501K, committed 17600K, reserved 425984K
}

Dll operation events (15 events):
Event: 0.017 Loaded shared library C:\Program Files\Java\jdk-23\bin\java.dll
Event: 0.080 Loaded shared library C:\Program Files\Java\jdk-23\bin\jsvml.dll
Event: 0.117 Loaded shared library C:\Program Files\Java\jdk-23\bin\zip.dll
Event: 0.122 Loaded shared library C:\Program Files\Java\jdk-23\bin\instrument.dll
Event: 0.126 Loaded shared library C:\Program Files\Java\jdk-23\bin\net.dll
Event: 0.128 Loaded shared library C:\Program Files\Java\jdk-23\bin\nio.dll
Event: 0.130 Loaded shared library C:\Program Files\Java\jdk-23\bin\zip.dll
Event: 0.368 Loaded shared library C:\Program Files\Java\jdk-23\bin\jimage.dll
Event: 0.498 Loaded shared library C:\Program Files\Java\jdk-23\bin\verify.dll
Event: 0.649 Loaded shared library C:\Users\admin\.gradle\native\c067742578af261105cb4f569cf0c3c89f3d7b1fecec35dd04571415982c5e48\windows-amd64\native-platform.dll
Event: 0.666 Loaded shared library C:\Users\admin\.gradle\native\100fb08df4bc3b14c8652ba06237920a3bd2aa13389f12d3474272988ae205f9\windows-amd64\native-platform-file-events.dll
Event: 1.909 Loaded shared library C:\Program Files\Java\jdk-23\bin\management.dll
Event: 1.913 Loaded shared library C:\Program Files\Java\jdk-23\bin\management_ext.dll
Event: 2.177 Loaded shared library C:\Program Files\Java\jdk-23\bin\extnet.dll
Event: 2.336 Loaded shared library C:\Program Files\Java\jdk-23\bin\sunmscapi.dll

Deoptimization events (20 events):
Event: 16.545 Thread 0x000001162ff6abd0 DEOPT PACKING pc=0x0000011600db037f sp=0x00000015c50f3640
Event: 16.545 Thread 0x000001162ff6abd0 DEOPT UNPACKING pc=0x0000011607584b22 sp=0x00000015c50f2bc0 mode 0
Event: 16.578 Thread 0x000001162ff6abd0 Uncommon trap: trap_request=0xffffff45 fr.pc=0x0000011607e8cec4 relative=0x00000000000000a4
Event: 16.578 Thread 0x000001162ff6abd0 Uncommon trap: reason=unstable_if action=reinterpret pc=0x0000011607e8cec4 method=com.sun.org.apache.xerces.internal.impl.XMLEntityScanner.peekChar()I @ 14 c2
Event: 16.578 Thread 0x000001162ff6abd0 DEOPT PACKING pc=0x0000011607e8cec4 sp=0x00000015c50f4230
Event: 16.578 Thread 0x000001162ff6abd0 DEOPT UNPACKING pc=0x0000011607584402 sp=0x00000015c50f41b8 mode 2
Event: 16.579 Thread 0x000001162ff6abd0 DEOPT PACKING pc=0x0000011600db037f sp=0x00000015c50f3f20
Event: 16.579 Thread 0x000001162ff6abd0 DEOPT UNPACKING pc=0x0000011607584b22 sp=0x00000015c50f34a0 mode 0
Event: 16.606 Thread 0x000001162ff6abd0 DEOPT PACKING pc=0x000001160067b563 sp=0x00000015c50f11f0
Event: 16.606 Thread 0x000001162ff6abd0 DEOPT UNPACKING pc=0x0000011607584b22 sp=0x00000015c50f06d8 mode 0
Event: 16.622 Thread 0x000001162ff6abd0 DEOPT PACKING pc=0x0000011600a8428d sp=0x00000015c50f1420
Event: 16.622 Thread 0x000001162ff6abd0 DEOPT UNPACKING pc=0x0000011607584b22 sp=0x00000015c50f0898 mode 0
Event: 16.627 Thread 0x000001162ff6abd0 DEOPT PACKING pc=0x0000011600e3bd20 sp=0x00000015c50f1400
Event: 16.627 Thread 0x000001162ff6abd0 DEOPT UNPACKING pc=0x0000011607584b22 sp=0x00000015c50f08c0 mode 0
Event: 16.634 Thread 0x000001162ff6abd0 DEOPT PACKING pc=0x0000011600e3bd20 sp=0x00000015c50f2870
Event: 16.634 Thread 0x000001162ff6abd0 DEOPT UNPACKING pc=0x0000011607584b22 sp=0x00000015c50f1d30 mode 0
Event: 16.644 Thread 0x000001162ff6abd0 DEOPT PACKING pc=0x0000011600e3bd20 sp=0x00000015c50f3dd0
Event: 16.644 Thread 0x000001162ff6abd0 DEOPT UNPACKING pc=0x0000011607584b22 sp=0x00000015c50f3290 mode 0
Event: 16.646 Thread 0x000001162ff6abd0 DEOPT PACKING pc=0x0000011600e3bd20 sp=0x00000015c50f3c00
Event: 16.646 Thread 0x000001162ff6abd0 DEOPT UNPACKING pc=0x0000011607584b22 sp=0x00000015c50f30c0 mode 0

Classes loaded (20 events):
Event: 15.914 Loading class com/sun/org/apache/xerces/internal/dom/AttrImpl done
Event: 15.914 Loading class com/sun/org/apache/xerces/internal/dom/DeferredAttrImpl done
Event: 15.915 Loading class com/sun/org/apache/xerces/internal/dom/DeferredTextImpl
Event: 15.915 Loading class com/sun/org/apache/xerces/internal/dom/TextImpl
Event: 15.916 Loading class org/w3c/dom/CharacterData
Event: 15.916 Loading class org/w3c/dom/CharacterData done
Event: 15.916 Loading class org/w3c/dom/Text
Event: 15.916 Loading class org/w3c/dom/Text done
Event: 15.916 Loading class com/sun/org/apache/xerces/internal/dom/CharacterDataImpl
Event: 15.916 Loading class com/sun/org/apache/xerces/internal/dom/CharacterDataImpl done
Event: 15.916 Loading class com/sun/org/apache/xerces/internal/dom/TextImpl done
Event: 15.916 Loading class com/sun/org/apache/xerces/internal/dom/DeferredTextImpl done
Event: 15.916 Loading class com/sun/org/apache/xerces/internal/dom/CharacterDataImpl$1
Event: 15.916 Loading class com/sun/org/apache/xerces/internal/dom/CharacterDataImpl$1 done
Event: 15.923 Loading class org/w3c/dom/Comment
Event: 15.923 Loading class org/w3c/dom/Comment done
Event: 16.038 Loading class com/sun/org/apache/xerces/internal/dom/DeferredCommentImpl
Event: 16.039 Loading class com/sun/org/apache/xerces/internal/dom/CommentImpl
Event: 16.039 Loading class com/sun/org/apache/xerces/internal/dom/CommentImpl done
Event: 16.039 Loading class com/sun/org/apache/xerces/internal/dom/DeferredCommentImpl done

Classes unloaded (0 events):
No events

Classes redefined (0 events):
No events

Internal exceptions (20 events):
Event: 13.820 Thread 0x000001162ff6abd0 Exception <a 'java/lang/NoSuchMethodError'{0x0000000088c45268}: 'java.lang.Object java.lang.invoke.DelegatingMethodHandle$Holder.reinvoke_L(java.lang.Object, java.lang.Object, java.lang.Object, java.lang.Object, java.lang.Object, java.lang.Object, java.lang.Object, java.lang.Object, java.lang.Object, java.lang.Object, java.lang.Object, java.lang.Object, java.lang.Object, java.lang.Object, java.lang.Object, java.lang.Object, java.lang.Object)'> (0x0000000088c45268) 
thrown [s\open\src\hotspot\share\interpre
Event: 14.043 Thread 0x000001162ff6abd0 Exception <a 'sun/nio/fs/WindowsException'{0x00000000880dbad8}> (0x00000000880dbad8) 
thrown [s\open\src\hotspot\share\prims\jni.cpp, line 520]
Event: 14.043 Thread 0x000001162ff6abd0 Exception <a 'sun/nio/fs/WindowsException'{0x00000000880ddde8}> (0x00000000880ddde8) 
thrown [s\open\src\hotspot\share\prims\jni.cpp, line 520]
Event: 14.721 Thread 0x000001162ff6abd0 Exception <a 'sun/nio/fs/WindowsException'{0x0000000086a23d88}> (0x0000000086a23d88) 
thrown [s\open\src\hotspot\share\prims\jni.cpp, line 520]
Event: 14.722 Thread 0x000001162ff6abd0 Exception <a 'sun/nio/fs/WindowsException'{0x0000000086a25cb0}> (0x0000000086a25cb0) 
thrown [s\open\src\hotspot\share\prims\jni.cpp, line 520]
Event: 14.723 Thread 0x000001162ff6abd0 Exception <a 'sun/nio/fs/WindowsException'{0x0000000086a30f28}> (0x0000000086a30f28) 
thrown [s\open\src\hotspot\share\prims\jni.cpp, line 520]
Event: 14.725 Thread 0x000001162ff6abd0 Exception <a 'sun/nio/fs/WindowsException'{0x0000000086a3a058}> (0x0000000086a3a058) 
thrown [s\open\src\hotspot\share\prims\jni.cpp, line 520]
Event: 14.729 Thread 0x000001162ff6abd0 Exception <a 'sun/nio/fs/WindowsException'{0x0000000086a48360}> (0x0000000086a48360) 
thrown [s\open\src\hotspot\share\prims\jni.cpp, line 520]
Event: 14.790 Thread 0x000001162ff6abd0 Exception <a 'java/lang/NoSuchMethodError'{0x0000000086881938}: static Lorg/gradle/api/internal/catalog/DefaultVersionCatalog;.<clinit>()V> (0x0000000086881938) 
thrown [s\open\src\hotspot\share\prims\jni.cpp, line 1111]
Event: 14.796 Thread 0x000001162ff6abd0 Exception <a 'java/lang/NoSuchMethodError'{0x00000000868b3768}: 'long java.lang.invoke.DirectMethodHandle$Holder.invokeSpecial(java.lang.Object, java.lang.Object)'> (0x00000000868b3768) 
thrown [s\open\src\hotspot\share\interpreter\linkResolver.cpp, line 796]
Event: 14.796 Thread 0x000001162ff6abd0 Exception <a 'java/lang/NoSuchMethodError'{0x00000000868b7ea8}: 'long java.lang.invoke.Invokers$Holder.invokeExact_MT(java.lang.Object, java.lang.Object)'> (0x00000000868b7ea8) 
thrown [s\open\src\hotspot\share\interpreter\linkResolver.cpp, line 796]
Event: 14.798 Thread 0x000001162ff6abd0 Exception <a 'java/lang/NoSuchMethodError'{0x00000000868e06f8}: static [Ljava/lang/Object;.<clinit>()V> (0x00000000868e06f8) 
thrown [s\open\src\hotspot\share\prims\jni.cpp, line 1111]
Event: 14.800 Thread 0x000001162ff6abd0 Exception <a 'java/lang/NoSuchMethodError'{0x000000008671b8e8}: static Lorg/gradle/api/internal/catalog/DependencyModel;.<clinit>()V> (0x000000008671b8e8) 
thrown [s\open\src\hotspot\share\prims\jni.cpp, line 1111]
Event: 14.800 Thread 0x000001162ff6abd0 Exception <a 'java/lang/NoSuchMethodError'{0x000000008671fa20}: static Lorg/gradle/api/internal/catalog/AbstractContextAwareModel;.<clinit>()V> (0x000000008671fa20) 
thrown [s\open\src\hotspot\share\prims\jni.cpp, line 1111]
Event: 14.801 Thread 0x000001162ff6abd0 Exception <a 'java/lang/NoSuchMethodError'{0x0000000086739498}: static Lorg/gradle/api/internal/artifacts/dependencies/AbstractVersionConstraint;.<clinit>()V> (0x0000000086739498) 
thrown [s\open\src\hotspot\share\prims\jni.cpp, line 1111]
Event: 14.808 Thread 0x000001162ff6abd0 Exception <a 'java/lang/NoSuchMethodError'{0x00000000867f10f8}: static Lorg/gradle/api/internal/catalog/PluginModel;.<clinit>()V> (0x00000000867f10f8) 
thrown [s\open\src\hotspot\share\prims\jni.cpp, line 1111]
Event: 14.808 Thread 0x000001162ff6abd0 Exception <a 'java/lang/NoSuchMethodError'{0x0000000086609ce0}: static Lorg/gradle/api/internal/catalog/VersionModel;.<clinit>()V> (0x0000000086609ce0) 
thrown [s\open\src\hotspot\share\prims\jni.cpp, line 1111]
Event: 14.811 Thread 0x000001162ff6abd0 Exception <a 'java/lang/NoSuchMethodError'{0x0000000086621888}: 'void java.lang.invoke.DirectMethodHandle$Holder.invokeSpecial(java.lang.Object, java.lang.Object, java.lang.Object, int)'> (0x0000000086621888) 
thrown [s\open\src\hotspot\share\interpreter\linkResolver.cpp, line 796]
Event: 14.934 Thread 0x000001162ff6abd0 Exception <a 'sun/nio/fs/WindowsException'{0x000000008910ac28}> (0x000000008910ac28) 
thrown [s\open\src\hotspot\share\prims\jni.cpp, line 520]
Event: 15.798 Thread 0x000001162ff6abd0 Exception <a 'java/lang/NoSuchMethodError'{0x000000008785aca0}: 'int java.lang.invoke.DirectMethodHandle$Holder.invokeSpecial(java.lang.Object, java.lang.Object, int)'> (0x000000008785aca0) 
thrown [s\open\src\hotspot\share\interpreter\linkResolver.cpp, line 796]

VM Operations (20 events):
Event: 14.944 Executing VM operation: HandshakeAllThreads (Deoptimize) done
Event: 14.945 Executing VM operation: HandshakeAllThreads (Deoptimize)
Event: 14.946 Executing VM operation: HandshakeAllThreads (Deoptimize) done
Event: 15.004 Executing VM operation: HandshakeAllThreads (Deoptimize)
Event: 15.004 Executing VM operation: HandshakeAllThreads (Deoptimize) done
Event: 15.022 Executing VM operation: HandshakeAllThreads (Deoptimize)
Event: 15.022 Executing VM operation: HandshakeAllThreads (Deoptimize) done
Event: 15.107 Executing VM operation: HandshakeAllThreads (Deoptimize)
Event: 15.107 Executing VM operation: HandshakeAllThreads (Deoptimize) done
Event: 15.177 Executing VM operation: HandshakeAllThreads (Deoptimize)
Event: 15.177 Executing VM operation: HandshakeAllThreads (Deoptimize) done
Event: 15.255 Executing VM operation: HandshakeAllThreads (Deoptimize)
Event: 15.255 Executing VM operation: HandshakeAllThreads (Deoptimize) done
Event: 15.483 Executing VM operation: HandshakeAllThreads (Deoptimize)
Event: 15.483 Executing VM operation: HandshakeAllThreads (Deoptimize) done
Event: 15.847 Executing VM operation: HandshakeAllThreads (Deoptimize)
Event: 15.847 Executing VM operation: HandshakeAllThreads (Deoptimize) done
Event: 15.888 Executing VM operation: HandshakeAllThreads (Deoptimize)
Event: 15.888 Executing VM operation: HandshakeAllThreads (Deoptimize) done
Event: 16.732 Executing VM operation: G1CollectForAllocation (G1 Evacuation Pause)

Memory protections (0 events):
No events

Nmethod flushes (20 events):
Event: 13.840 Thread 0x00000116765abee0 flushing  nmethod 0x00000116005dfe08
Event: 13.840 Thread 0x00000116765abee0 flushing  nmethod 0x000001160061c608
Event: 13.840 Thread 0x00000116765abee0 flushing  nmethod 0x000001160061cb88
Event: 13.840 Thread 0x00000116765abee0 flushing  nmethod 0x00000116006b2508
Event: 13.840 Thread 0x00000116765abee0 flushing  nmethod 0x00000116006e8d08
Event: 13.840 Thread 0x00000116765abee0 flushing  nmethod 0x0000011600706f88
Event: 13.840 Thread 0x00000116765abee0 flushing  nmethod 0x000001160076f588
Event: 13.840 Thread 0x00000116765abee0 flushing  nmethod 0x0000011600772e88
Event: 13.840 Thread 0x00000116765abee0 flushing  nmethod 0x0000011600773288
Event: 13.840 Thread 0x00000116765abee0 flushing  nmethod 0x000001160077f788
Event: 13.840 Thread 0x00000116765abee0 flushing  nmethod 0x0000011600786c08
Event: 13.840 Thread 0x00000116765abee0 flushing  nmethod 0x0000011600787088
Event: 13.840 Thread 0x00000116765abee0 flushing  nmethod 0x0000011600799808
Event: 13.840 Thread 0x00000116765abee0 flushing  nmethod 0x000001160079c388
Event: 13.840 Thread 0x00000116765abee0 flushing  nmethod 0x000001160079d608
Event: 13.840 Thread 0x00000116765abee0 flushing  nmethod 0x000001160079d988
Event: 13.840 Thread 0x00000116765abee0 flushing  nmethod 0x00000116007a8288
Event: 13.840 Thread 0x00000116765abee0 flushing  nmethod 0x00000116007aa308
Event: 13.840 Thread 0x00000116765abee0 flushing  nmethod 0x00000116007aa608
Event: 13.840 Thread 0x00000116765abee0 flushing  nmethod 0x00000116007aab08

Events (20 events):
Event: 4.304 Thread 0x000001162ff6abd0 Thread added: 0x000001162ff71b60
Event: 4.435 Thread 0x000001162ff6abd0 Thread added: 0x0000011632557080
Event: 4.542 Thread 0x000001162ff6abd0 Thread added: 0x0000011632557710
Event: 5.294 Thread 0x000001162ff6abd0 Thread added: 0x0000011632558430
Event: 5.634 Thread 0x000001162ff6abd0 Thread added: 0x0000011632558ac0
Event: 6.461 Thread 0x000001162ff6abd0 Thread added: 0x00000116304a1c50
Event: 6.461 Thread 0x000001162ff6abd0 Thread added: 0x00000116304a3000
Event: 6.509 Thread 0x000001162ff6abd0 Thread added: 0x000001163049ee60
Event: 6.510 Thread 0x000001162ff6abd0 Thread added: 0x00000116304a22e0
Event: 6.544 Thread 0x000001162ff6abd0 Thread added: 0x00000116304a08a0
Event: 6.545 Thread 0x000001162ff6abd0 Thread added: 0x00000116304a0210
Event: 13.856 Thread 0x000001162ff6abd0 Thread added: 0x000001162f708ff0
Event: 16.194 Thread 0x000001162ff6abd0 Thread added: 0x0000011641c5fca0
Event: 16.194 Thread 0x000001162ff6abd0 Thread added: 0x0000011641c60330
Event: 16.194 Thread 0x000001162ff6abd0 Thread added: 0x0000011641c5c820
Event: 16.498 Thread 0x000001162ff6abd0 Thread added: 0x0000011641c61050
Event: 16.498 Thread 0x000001162ff6abd0 Thread added: 0x0000011641c5ceb0
Event: 16.498 Thread 0x000001162ff6abd0 Thread added: 0x0000011641c5d540
Event: 16.651 Thread 0x000001162ff6abd0 Thread added: 0x000001163bfc82d0
Event: 16.651 Thread 0x000001162ff6abd0 Thread added: 0x000001163065af20


Dynamic libraries:
0x00007ff605e70000 - 0x00007ff605e80000 	C:\Program Files\Java\jdk-23\bin\java.exe
0x00007ffe95fd0000 - 0x00007ffe961c8000 	C:\Windows\SYSTEM32\ntdll.dll
0x00007ffe94ba0000 - 0x00007ffe94c62000 	C:\Windows\System32\KERNEL32.DLL
0x00007ffe93980000 - 0x00007ffe93c7f000 	C:\Windows\System32\KERNELBASE.dll
0x00007ffe93730000 - 0x00007ffe93830000 	C:\Windows\System32\ucrtbase.dll
0x00007ffe77220000 - 0x00007ffe7723b000 	C:\Program Files\Java\jdk-23\bin\VCRUNTIME140.dll
0x00007ffe77200000 - 0x00007ffe77217000 	C:\Program Files\Java\jdk-23\bin\jli.dll
0x00007ffe95060000 - 0x00007ffe951fd000 	C:\Windows\System32\USER32.dll
0x00007ffe93700000 - 0x00007ffe93722000 	C:\Windows\System32\win32u.dll
0x00007ffe94c90000 - 0x00007ffe94cbb000 	C:\Windows\System32\GDI32.dll
0x00007ffe7cff0000 - 0x00007ffe7d28a000 	C:\Windows\WinSxS\amd64_microsoft.windows.common-controls_6595b64144ccf1df_6.0.19041.4355_none_60b8b9eb71f62e16\COMCTL32.dll
0x00007ffe93de0000 - 0x00007ffe93efa000 	C:\Windows\System32\gdi32full.dll
0x00007ffe94500000 - 0x00007ffe9459e000 	C:\Windows\System32\msvcrt.dll
0x00007ffe93830000 - 0x00007ffe938cd000 	C:\Windows\System32\msvcp_win.dll
0x00007ffe95db0000 - 0x00007ffe95ddf000 	C:\Windows\System32\IMM32.DLL
0x00007ffe83800000 - 0x00007ffe8380c000 	C:\Program Files\Java\jdk-23\bin\vcruntime140_1.dll
0x00007ffe35320000 - 0x00007ffe353ae000 	C:\Program Files\Java\jdk-23\bin\msvcp140.dll
0x00007ffe2b4e0000 - 0x00007ffe2c230000 	C:\Program Files\Java\jdk-23\bin\server\jvm.dll
0x00007ffe95de0000 - 0x00007ffe95e8f000 	C:\Windows\System32\ADVAPI32.dll
0x00007ffe95e90000 - 0x00007ffe95f2f000 	C:\Windows\System32\sechost.dll
0x00007ffe94f30000 - 0x00007ffe95053000 	C:\Windows\System32\RPCRT4.dll
0x00007ffe93f00000 - 0x00007ffe93f27000 	C:\Windows\System32\bcrypt.dll
0x00007ffe95200000 - 0x00007ffe9526b000 	C:\Windows\System32\WS2_32.dll
0x00007ffe934d0000 - 0x00007ffe9351b000 	C:\Windows\SYSTEM32\POWRPROF.dll
0x00007ffe7e9a0000 - 0x00007ffe7e9c7000 	C:\Windows\SYSTEM32\WINMM.dll
0x00007ffe8e860000 - 0x00007ffe8e86a000 	C:\Windows\SYSTEM32\VERSION.dll
0x00007ffe934b0000 - 0x00007ffe934c2000 	C:\Windows\SYSTEM32\UMPDC.dll
0x00007ffe91510000 - 0x00007ffe91522000 	C:\Windows\SYSTEM32\kernel.appcore.dll
0x00007ffe834a0000 - 0x00007ffe834aa000 	C:\Program Files\Java\jdk-23\bin\jimage.dll
0x00007ffe730a0000 - 0x00007ffe73284000 	C:\Windows\SYSTEM32\DBGHELP.DLL
0x00007ffe73060000 - 0x00007ffe73094000 	C:\Windows\SYSTEM32\dbgcore.DLL
0x00007ffe93670000 - 0x00007ffe936f2000 	C:\Windows\System32\bcryptPrimitives.dll
0x00007ffe72590000 - 0x00007ffe7259f000 	C:\Program Files\Java\jdk-23\bin\instrument.dll
0x00007ffe77120000 - 0x00007ffe7713e000 	C:\Program Files\Java\jdk-23\bin\java.dll
0x00007ffe95ad0000 - 0x00007ffe95bfb000 	C:\Windows\System32\ole32.dll
0x00007ffe94130000 - 0x00007ffe94485000 	C:\Windows\System32\combase.dll
0x00007ffe952d0000 - 0x00007ffe95a3d000 	C:\Windows\System32\SHELL32.dll
0x00007ffe91710000 - 0x00007ffe91eb4000 	C:\Windows\SYSTEM32\windows.storage.dll
0x00007ffe92fd0000 - 0x00007ffe92fff000 	C:\Windows\SYSTEM32\Wldp.dll
0x00007ffe94650000 - 0x00007ffe9471d000 	C:\Windows\System32\OLEAUT32.dll
0x00007ffe945a0000 - 0x00007ffe9464d000 	C:\Windows\System32\SHCORE.dll
0x00007ffe95f30000 - 0x00007ffe95f85000 	C:\Windows\System32\shlwapi.dll
0x00007ffe935a0000 - 0x00007ffe935c4000 	C:\Windows\SYSTEM32\profapi.dll
0x00007ffe32f10000 - 0x00007ffe32fe7000 	C:\Program Files\Java\jdk-23\bin\jsvml.dll
0x00007ffe72db0000 - 0x00007ffe72dc7000 	C:\Program Files\Java\jdk-23\bin\zip.dll
0x00007ffe771f0000 - 0x00007ffe77200000 	C:\Program Files\Java\jdk-23\bin\net.dll
0x00007ffe92d30000 - 0x00007ffe92d9c000 	C:\Windows\system32\mswsock.dll
0x00007ffe72dd0000 - 0x00007ffe72de6000 	C:\Program Files\Java\jdk-23\bin\nio.dll
0x00007ffe76700000 - 0x00007ffe76710000 	C:\Program Files\Java\jdk-23\bin\verify.dll
0x00007ffe728f0000 - 0x00007ffe72917000 	C:\Users\admin\.gradle\native\c067742578af261105cb4f569cf0c3c89f3d7b1fecec35dd04571415982c5e48\windows-amd64\native-platform.dll
0x00007ffe32ae0000 - 0x00007ffe32c24000 	C:\Users\admin\.gradle\native\100fb08df4bc3b14c8652ba06237920a3bd2aa13389f12d3474272988ae205f9\windows-amd64\native-platform-file-events.dll
0x00007ffe728e0000 - 0x00007ffe728ea000 	C:\Program Files\Java\jdk-23\bin\management.dll
0x00007ffe725b0000 - 0x00007ffe725bb000 	C:\Program Files\Java\jdk-23\bin\management_ext.dll
0x00007ffe95a40000 - 0x00007ffe95a48000 	C:\Windows\System32\PSAPI.DLL
0x00007ffe92f30000 - 0x00007ffe92f48000 	C:\Windows\SYSTEM32\CRYPTSP.dll
0x00007ffe92650000 - 0x00007ffe92684000 	C:\Windows\system32\rsaenh.dll
0x00007ffe93520000 - 0x00007ffe9354e000 	C:\Windows\SYSTEM32\USERENV.dll
0x00007ffe92f20000 - 0x00007ffe92f2c000 	C:\Windows\SYSTEM32\CRYPTBASE.dll
0x00007ffe92a10000 - 0x00007ffe92a4b000 	C:\Windows\SYSTEM32\IPHLPAPI.DLL
0x00007ffe94490000 - 0x00007ffe94498000 	C:\Windows\System32\NSI.dll
0x00007ffe725a0000 - 0x00007ffe725a9000 	C:\Program Files\Java\jdk-23\bin\extnet.dll
0x00007ffe72580000 - 0x00007ffe7258e000 	C:\Program Files\Java\jdk-23\bin\sunmscapi.dll
0x00007ffe93c80000 - 0x00007ffe93ddc000 	C:\Windows\System32\CRYPT32.dll
0x00007ffe93040000 - 0x00007ffe93067000 	C:\Windows\SYSTEM32\ncrypt.dll
0x00007ffe93000000 - 0x00007ffe9303b000 	C:\Windows\SYSTEM32\NTASN1.dll
0x00007ffe70600000 - 0x00007ffe70607000 	C:\Windows\system32\wshunix.dll
0x00007ffe92a50000 - 0x00007ffe92b1a000 	C:\Windows\SYSTEM32\DNSAPI.dll
0x00007ffe83d80000 - 0x00007ffe83d8a000 	C:\Windows\System32\rasadhlp.dll
0x00007ffe8cbc0000 - 0x00007ffe8cc40000 	C:\Windows\System32\fwpuclnt.dll

dbghelp: loaded successfully - version: 4.0.5 - missing functions: none
symbol engine: initialized successfully - sym options: 0x614 - pdb path: .;C:\Program Files\Java\jdk-23\bin;C:\Windows\SYSTEM32;C:\Windows\WinSxS\amd64_microsoft.windows.common-controls_6595b64144ccf1df_6.0.19041.4355_none_60b8b9eb71f62e16;C:\Program Files\Java\jdk-23\bin\server;C:\Users\admin\.gradle\native\c067742578af261105cb4f569cf0c3c89f3d7b1fecec35dd04571415982c5e48\windows-amd64;C:\Users\admin\.gradle\native\100fb08df4bc3b14c8652ba06237920a3bd2aa13389f12d3474272988ae205f9\windows-amd64

VM Arguments:
jvm_args: -XX:MaxMetaspaceSize=512m --add-opens=java.base/java.util=ALL-UNNAMED --add-opens=java.base/java.lang=ALL-UNNAMED --add-opens=java.base/java.lang.invoke=ALL-UNNAMED --add-opens=java.prefs/java.util.prefs=ALL-UNNAMED --add-exports=jdk.compiler/com.sun.tools.javac.api=ALL-UNNAMED --add-exports=jdk.compiler/com.sun.tools.javac.util=ALL-UNNAMED --add-opens=java.base/java.nio.charset=ALL-UNNAMED --add-opens=java.base/java.net=ALL-UNNAMED --add-opens=java.base/java.util.concurrent.atomic=ALL-UNNAMED -Xmx2048m -Dfile.encoding=UTF-8 -Duser.country=US -Duser.language=en -Duser.variant -javaagent:C:\Users\admin\.gradle\wrapper\dists\gradle-8.10.2-all\7iv73wktx1xtkvlq19urqw1wm\gradle-8.10.2\lib\agents\gradle-instrumentation-agent-8.10.2.jar 
java_command: org.gradle.launcher.daemon.bootstrap.GradleDaemon 8.10.2
java_class_path (initial): C:\Users\admin\.gradle\wrapper\dists\gradle-8.10.2-all\7iv73wktx1xtkvlq19urqw1wm\gradle-8.10.2\lib\gradle-daemon-main-8.10.2.jar
Launcher Type: SUN_STANDARD

[Global flags]
     intx CICompilerCount                          = 3                                         {product} {ergonomic}
   size_t CompressedClassSpaceSize                 = 436207616                                 {product} {ergonomic}
     uint ConcGCThreads                            = 1                                         {product} {ergonomic}
     uint G1ConcRefinementThreads                  = 4                                         {product} {ergonomic}
   size_t G1HeapRegionSize                         = 1048576                                   {product} {ergonomic}
   size_t InitialHeapSize                          = 134217728                                 {product} {ergonomic}
   size_t MarkStackSize                            = 4194304                                   {product} {ergonomic}
   size_t MarkStackSizeMax                         = 536870912                                 {product} {ergonomic}
   size_t MaxHeapSize                              = 2147483648                                {product} {command line}
   size_t MaxMetaspaceSize                         = 536870912                                 {product} {command line}
   size_t MaxNewSize                               = 1287651328                                {product} {ergonomic}
   size_t MinHeapDeltaBytes                        = 1048576                                   {product} {ergonomic}
   size_t MinHeapSize                              = 8388608                                   {product} {ergonomic}
    uintx NonNMethodCodeHeapSize                   = 5832704                                {pd product} {ergonomic}
    uintx NonProfiledCodeHeapSize                  = 122945536                              {pd product} {ergonomic}
    uintx ProfiledCodeHeapSize                     = 122880000                              {pd product} {ergonomic}
    uintx ReservedCodeCacheSize                    = 251658240                              {pd product} {ergonomic}
     bool SegmentedCodeCache                       = true                                      {product} {ergonomic}
   size_t SoftMaxHeapSize                          = 2147483648                             {manageable} {ergonomic}
     bool UseCompressedOops                        = true                           {product lp64_product} {ergonomic}
     bool UseG1GC                                  = true                                      {product} {ergonomic}
     bool UseLargePagesIndividualAllocation        = false                                  {pd product} {ergonomic}

Logging:
Log output configuration:
 #0: stdout all=warning uptime,level,tags foldmultilines=false
 #1: stderr all=off uptime,level,tags foldmultilines=false

Environment Variables:
JAVA_HOME=C:\Program Files\Java\jdk-23
CLASSPATH=C:\Users\admin\Desktop\Office Work\AkalSewa\android\\gradle\wrapper\gradle-wrapper.jar
PATH=C:\Users\admin\Desktop\Office Work\AkalSewa\node_modules\.bin;C:\Users\admin\Desktop\Office Work\AkalSewa\node_modules\.bin;C:\Users\admin\Desktop\Office Work\node_modules\.bin;C:\Users\admin\Desktop\node_modules\.bin;C:\Users\admin\node_modules\.bin;C:\Users\node_modules\.bin;C:\node_modules\.bin;C:\Program Files\nodejs\node_modules\npm\node_modules\@npmcli\run-script\lib\node-gyp-bin;C:\Program Files\Common Files\Oracle\Java\javapath;C:\Python313\Scripts\;C:\Python313\;C:\Windows\system32;C:\Windows;C:\Windows\System32\Wbem;C:\Windows\System32\WindowsPowerShell\v1.0\;C:\Windows\System32\OpenSSH\;C:\Program Files\nodejs\;C:\ProgramData\chocolatey\bin;C:\Users\admin\AppData\Local\Microsoft\WindowsApps;C:\Users\admin\AppData\Local\Programs\Microsoft VS Code\bin;C:\Users\admin\AppData\Roaming\npm;C:\Users\admin\AppData\Local\Android\Sdk\platform-tools;C:\Users\admin\AppData\Local\Android\Sdk;
USERNAME=admin
LANG=en_US.UTF-8
OS=Windows_NT
PROCESSOR_IDENTIFIER=Intel64 Family 6 Model 158 Stepping 9, GenuineIntel
TMP=C:\Users\admin\AppData\Local\Temp
TEMP=C:\Users\admin\AppData\Local\Temp




Periodic native trim disabled

---------------  S Y S T E M  ---------------

OS:
 Windows 10 , 64 bit Build 19041 (10.0.19041.5438)
OS uptime: 0 days 0:15 hours

CPU: total 4 (initial active 4) (4 cores per cpu, 1 threads per core) family 6 model 158 stepping 9 microcode 0xf4, cx8, cmov, fxsr, mmx, 3dnowpref, sse, sse2, sse3, ssse3, sse4.1, sse4.2, popcnt, lzcnt, tsc, tscinvbit, avx, avx2, aes, erms, clmul, bmi1, bmi2, adx, fma, vzeroupper, clflush, clflushopt, rdtscp, f16c
Processor Information for the first 4 processors :
  Max Mhz: 3000, Current Mhz: 3000, Mhz Limit: 3000

Memory: 4k page, system-wide physical 8083M (242M free)
TotalPageFile size 11240M (AvailPageFile size 19M)
current process WorkingSet (physical memory assigned to process): 405M, peak: 405M
current process commit charge ("private bytes"): 474M, peak: 504M

vm_info: Java HotSpot(TM) 64-Bit Server VM (23.0.2+7-58) for windows-amd64 JRE (23.0.2+7-58), built on 2024-11-29T09:34:55Z with MS VC++ 17.6 (VS2022)

END.
